TN:
SF:server.js
FN:39,(anonymous_0)
FN:51,(anonymous_1)
FN:86,(anonymous_2)
FN:112,(anonymous_3)
FN:154,(anonymous_4)
FN:168,(anonymous_5)
FN:181,(anonymous_6)
FN:193,(anonymous_7)
FN:216,(anonymous_8)
FN:224,(anonymous_9)
FN:241,(anonymous_10)
FN:247,(anonymous_11)
FN:254,(anonymous_12)
FN:260,(anonymous_13)
FN:266,(anonymous_14)
FNF:15
FNH:0
FNDA:0,(anonymous_0)
FNDA:0,(anonymous_1)
FNDA:0,(anonymous_2)
FNDA:0,(anonymous_3)
FNDA:0,(anonymous_4)
FNDA:0,(anonymous_5)
FNDA:0,(anonymous_6)
FNDA:0,(anonymous_7)
FNDA:0,(anonymous_8)
FNDA:0,(anonymous_9)
FNDA:0,(anonymous_10)
FNDA:0,(anonymous_11)
FNDA:0,(anonymous_12)
FNDA:0,(anonymous_13)
FNDA:0,(anonymous_14)
DA:1,0
DA:2,0
DA:3,0
DA:4,0
DA:5,0
DA:6,0
DA:7,0
DA:8,0
DA:10,0
DA:11,0
DA:12,0
DA:14,0
DA:15,0
DA:16,0
DA:24,0
DA:25,0
DA:26,0
DA:27,0
DA:30,0
DA:31,0
DA:32,0
DA:39,0
DA:40,0
DA:51,0
DA:52,0
DA:53,0
DA:56,0
DA:57,0
DA:58,0
DA:65,0
DA:68,0
DA:80,0
DA:83,0
DA:86,0
DA:87,0
DA:88,0
DA:89,0
DA:92,0
DA:101,0
DA:102,0
DA:112,0
DA:113,0
DA:114,0
DA:117,0
DA:118,0
DA:120,0
DA:121,0
DA:128,0
DA:129,0
DA:132,0
DA:134,0
DA:143,0
DA:144,0
DA:154,0
DA:155,0
DA:156,0
DA:158,0
DA:168,0
DA:169,0
DA:171,0
DA:172,0
DA:175,0
DA:181,0
DA:182,0
DA:183,0
DA:185,0
DA:188,0
DA:189,0
DA:190,0
DA:193,0
DA:196,0
DA:205,0
DA:206,0
DA:216,0
DA:217,0
DA:218,0
DA:224,0
DA:225,0
DA:226,0
DA:227,0
DA:229,0
DA:231,0
DA:241,0
DA:242,0
DA:243,0
DA:247,0
DA:248,0
DA:251,0
DA:252,0
DA:254,0
DA:255,0
DA:260,0
DA:261,0
DA:265,0
DA:266,0
DA:267,0
DA:268,0
DA:269,0
DA:270,0
DA:271,0
DA:274,0
LF:101
LH:0
BRDA:57,0,0,0
BRDA:57,0,1,0
BRDA:120,1,0,0
BRDA:120,1,1,0
BRDA:155,2,0,0
BRDA:171,3,0,0
BRDA:171,3,1,0
BRDA:265,4,0,0
BRDA:265,4,1,0
BRF:9
BRH:0
end_of_record
TN:
SF:services/MessageStore.js
FN:4,(anonymous_0)
FN:19,(anonymous_1)
FN:50,(anonymous_2)
FN:57,(anonymous_3)
FN:64,(anonymous_4)
FN:68,(anonymous_5)
FN:72,(anonymous_6)
FN:77,(anonymous_7)
FN:83,(anonymous_8)
FN:115,(anonymous_9)
FN:122,(anonymous_10)
FN:129,(anonymous_11)
FN:151,(anonymous_12)
FN:157,(anonymous_13)
FN:175,(anonymous_14)
FN:205,(anonymous_15)
FN:215,(anonymous_16)
FN:228,(anonymous_17)
FN:242,(anonymous_18)
FN:254,(anonymous_19)
FN:258,(anonymous_20)
FN:265,(anonymous_21)
FN:266,(anonymous_22)
FN:267,(anonymous_23)
FN:269,(anonymous_24)
FN:275,(anonymous_25)
FN:279,(anonymous_26)
FN:287,(anonymous_27)
FN:288,(anonymous_28)
FN:289,(anonymous_29)
FN:292,(anonymous_30)
FN:304,(anonymous_31)
FN:309,(anonymous_32)
FN:310,(anonymous_33)
FN:314,(anonymous_34)
FN:331,(anonymous_35)
FN:342,(anonymous_36)
FN:351,(anonymous_37)
FN:364,(anonymous_38)
FN:394,(anonymous_39)
FN:410,(anonymous_40)
FN:431,(anonymous_41)
FN:435,(anonymous_42)
FN:436,(anonymous_43)
FN:454,(anonymous_44)
FN:455,(anonymous_45)
FN:464,(anonymous_46)
FN:465,(anonymous_47)
FN:474,(anonymous_48)
FN:475,(anonymous_49)
FN:479,(anonymous_50)
FNF:51
FNH:0
FNDA:0,(anonymous_0)
FNDA:0,(anonymous_1)
FNDA:0,(anonymous_2)
FNDA:0,(anonymous_3)
FNDA:0,(anonymous_4)
FNDA:0,(anonymous_5)
FNDA:0,(anonymous_6)
FNDA:0,(anonymous_7)
FNDA:0,(anonymous_8)
FNDA:0,(anonymous_9)
FNDA:0,(anonymous_10)
FNDA:0,(anonymous_11)
FNDA:0,(anonymous_12)
FNDA:0,(anonymous_13)
FNDA:0,(anonymous_14)
FNDA:0,(anonymous_15)
FNDA:0,(anonymous_16)
FNDA:0,(anonymous_17)
FNDA:0,(anonymous_18)
FNDA:0,(anonymous_19)
FNDA:0,(anonymous_20)
FNDA:0,(anonymous_21)
FNDA:0,(anonymous_22)
FNDA:0,(anonymous_23)
FNDA:0,(anonymous_24)
FNDA:0,(anonymous_25)
FNDA:0,(anonymous_26)
FNDA:0,(anonymous_27)
FNDA:0,(anonymous_28)
FNDA:0,(anonymous_29)
FNDA:0,(anonymous_30)
FNDA:0,(anonymous_31)
FNDA:0,(anonymous_32)
FNDA:0,(anonymous_33)
FNDA:0,(anonymous_34)
FNDA:0,(anonymous_35)
FNDA:0,(anonymous_36)
FNDA:0,(anonymous_37)
FNDA:0,(anonymous_38)
FNDA:0,(anonymous_39)
FNDA:0,(anonymous_40)
FNDA:0,(anonymous_41)
FNDA:0,(anonymous_42)
FNDA:0,(anonymous_43)
FNDA:0,(anonymous_44)
FNDA:0,(anonymous_45)
FNDA:0,(anonymous_46)
FNDA:0,(anonymous_47)
FNDA:0,(anonymous_48)
FNDA:0,(anonymous_49)
FNDA:0,(anonymous_50)
DA:1,0
DA:5,0
DA:6,0
DA:7,0
DA:8,0
DA:21,0
DA:22,0
DA:26,0
DA:33,0
DA:36,0
DA:37,0
DA:38,0
DA:42,0
DA:44,0
DA:51,0
DA:58,0
DA:60,0
DA:63,0
DA:64,0
DA:67,0
DA:68,0
DA:71,0
DA:72,0
DA:75,0
DA:76,0
DA:77,0
DA:78,0
DA:83,0
DA:84,0
DA:85,0
DA:87,0
DA:88,0
DA:89,0
DA:92,0
DA:93,0
DA:95,0
DA:100,0
DA:101,0
DA:103,0
DA:116,0
DA:123,0
DA:124,0
DA:125,0
DA:129,0
DA:130,0
DA:131,0
DA:132,0
DA:135,0
DA:137,0
DA:141,0
DA:144,0
DA:147,0
DA:151,0
DA:158,0
DA:161,0
DA:169,0
DA:176,0
DA:177,0
DA:178,0
DA:181,0
DA:196,0
DA:197,0
DA:199,0
DA:206,0
DA:207,0
DA:208,0
DA:212,0
DA:215,0
DA:218,0
DA:219,0
DA:220,0
DA:222,0
DA:229,0
DA:230,0
DA:231,0
DA:243,0
DA:255,0
DA:256,0
DA:258,0
DA:259,0
DA:260,0
DA:264,0
DA:265,0
DA:266,0
DA:267,0
DA:269,0
DA:276,0
DA:277,0
DA:279,0
DA:280,0
DA:281,0
DA:283,0
DA:287,0
DA:288,0
DA:289,0
DA:292,0
DA:294,0
DA:305,0
DA:306,0
DA:309,0
DA:310,0
DA:311,0
DA:312,0
DA:313,0
DA:314,0
DA:315,0
DA:316,0
DA:320,0
DA:332,0
DA:341,0
DA:342,0
DA:343,0
DA:344,0
DA:350,0
DA:351,0
DA:352,0
DA:353,0
DA:358,0
DA:365,0
DA:368,0
DA:372,0
DA:376,0
DA:377,0
DA:378,0
DA:379,0
DA:382,0
DA:383,0
DA:385,0
DA:395,0
DA:396,0
DA:398,0
DA:400,0
DA:401,0
DA:402,0
DA:404,0
DA:411,0
DA:414,0
DA:416,0
DA:417,0
DA:419,0
DA:420,0
DA:422,0
DA:423,0
DA:425,0
DA:426,0
DA:428,0
DA:431,0
DA:432,0
DA:435,0
DA:436,0
DA:438,0
DA:455,0
DA:456,0
DA:457,0
DA:465,0
DA:466,0
DA:467,0
DA:475,0
DA:477,0
DA:479,0
DA:480,0
DA:481,0
DA:482,0
DA:483,0
DA:485,0
DA:488,0
DA:492,0
LF:167
LH:0
BRDA:21,0,0,0
BRDA:21,0,1,0
BRDA:21,1,0,0
BRDA:21,1,1,0
BRDA:21,1,2,0
BRDA:37,2,0,0
BRDA:37,2,1,0
BRDA:51,3,0,0
BRDA:51,3,1,0
BRDA:57,4,0,0
BRDA:58,5,0,0
BRDA:58,6,0,0
BRDA:58,7,0,0
BRDA:58,8,0,0
BRDA:63,9,0,0
BRDA:63,9,1,0
BRDA:67,10,0,0
BRDA:67,10,1,0
BRDA:71,11,0,0
BRDA:71,11,1,0
BRDA:75,12,0,0
BRDA:75,12,1,0
BRDA:78,13,0,0
BRDA:78,13,1,0
BRDA:87,14,0,0
BRDA:87,14,1,0
BRDA:87,15,0,0
BRDA:87,15,1,0
BRDA:92,16,0,0
BRDA:92,16,1,0
BRDA:93,17,0,0
BRDA:93,17,1,0
BRDA:93,18,0,0
BRDA:93,18,1,0
BRDA:95,19,0,0
BRDA:95,19,1,0
BRDA:95,20,0,0
BRDA:95,20,1,0
BRDA:115,21,0,0
BRDA:124,22,0,0
BRDA:124,22,1,0
BRDA:130,23,0,0
BRDA:130,23,1,0
BRDA:131,24,0,0
BRDA:131,24,1,0
BRDA:132,25,0,0
BRDA:132,25,1,0
BRDA:132,26,0,0
BRDA:132,26,1,0
BRDA:135,27,0,0
BRDA:135,27,1,0
BRDA:135,28,0,0
BRDA:135,28,1,0
BRDA:141,29,0,0
BRDA:141,29,1,0
BRDA:141,30,0,0
BRDA:141,30,1,0
BRDA:141,30,2,0
BRDA:162,31,0,0
BRDA:162,31,1,0
BRDA:166,32,0,0
BRDA:166,32,1,0
BRDA:175,33,0,0
BRDA:177,34,0,0
BRDA:177,34,1,0
BRDA:186,35,0,0
BRDA:186,35,1,0
BRDA:207,36,0,0
BRDA:207,36,1,0
BRDA:254,37,0,0
BRDA:265,38,0,0
BRDA:265,38,1,0
BRDA:266,39,0,0
BRDA:266,39,1,0
BRDA:267,40,0,0
BRDA:267,40,1,0
BRDA:275,41,0,0
BRDA:276,42,0,0
BRDA:280,43,0,0
BRDA:280,43,1,0
BRDA:280,44,0,0
BRDA:280,44,1,0
BRDA:287,45,0,0
BRDA:287,45,1,0
BRDA:288,46,0,0
BRDA:288,46,1,0
BRDA:289,47,0,0
BRDA:289,47,1,0
BRDA:304,48,0,0
BRDA:309,49,0,0
BRDA:309,49,1,0
BRDA:310,50,0,0
BRDA:310,50,1,0
BRDA:311,51,0,0
BRDA:311,51,1,0
BRDA:311,52,0,0
BRDA:311,52,1,0
BRDA:312,53,0,0
BRDA:312,53,1,0
BRDA:313,54,0,0
BRDA:313,54,1,0
BRDA:341,55,0,0
BRDA:341,55,1,0
BRDA:343,56,0,0
BRDA:343,56,1,0
BRDA:350,57,0,0
BRDA:350,57,1,0
BRDA:352,58,0,0
BRDA:352,58,1,0
BRDA:369,59,0,0
BRDA:369,59,1,0
BRDA:373,60,0,0
BRDA:373,60,1,0
BRDA:376,61,0,0
BRDA:376,61,1,0
BRDA:376,62,0,0
BRDA:376,62,1,0
BRDA:382,63,0,0
BRDA:382,63,1,0
BRDA:395,64,0,0
BRDA:395,64,1,0
BRDA:396,65,0,0
BRDA:396,65,1,0
BRDA:400,66,0,0
BRDA:400,66,1,0
BRDA:401,67,0,0
BRDA:401,67,1,0
BRDA:402,68,0,0
BRDA:402,68,1,0
BRDA:410,69,0,0
BRDA:414,70,0,0
BRDA:414,70,1,0
BRDA:414,70,2,0
BRDA:414,70,3,0
BRDA:414,70,4,0
BRDA:456,71,0,0
BRDA:456,71,1,0
BRDA:466,72,0,0
BRDA:466,72,1,0
BRDA:475,73,0,0
BRDA:475,73,1,0
BRDA:477,74,0,0
BRDA:477,74,1,0
BRDA:481,75,0,0
BRDA:481,75,1,0
BRF:145
BRH:0
end_of_record
TN:
SF:services/SwiftMessageProcessor.js
FN:5,(anonymous_0)
FN:13,(anonymous_1)
FN:29,(anonymous_2)
FN:44,(anonymous_3)
FN:64,(anonymous_4)
FN:94,(anonymous_5)
FN:114,(anonymous_6)
FN:180,(anonymous_7)
FN:243,(anonymous_8)
FN:285,(anonymous_9)
FN:323,(anonymous_10)
FN:335,(anonymous_11)
FN:379,(anonymous_12)
FN:382,(anonymous_13)
FN:418,(anonymous_14)
FN:426,(anonymous_15)
FN:434,(anonymous_16)
FN:439,(anonymous_17)
FN:451,(anonymous_18)
FN:481,(anonymous_19)
FN:488,(anonymous_20)
FNF:21
FNH:4
FNDA:10,(anonymous_0)
FNDA:0,(anonymous_1)
FNDA:0,(anonymous_2)
FNDA:0,(anonymous_3)
FNDA:2,(anonymous_4)
FNDA:0,(anonymous_5)
FNDA:0,(anonymous_6)
FNDA:0,(anonymous_7)
FNDA:0,(anonymous_8)
FNDA:10,(anonymous_9)
FNDA:10,(anonymous_10)
FNDA:0,(anonymous_11)
FNDA:0,(anonymous_12)
FNDA:0,(anonymous_13)
FNDA:0,(anonymous_14)
FNDA:0,(anonymous_15)
FNDA:0,(anonymous_16)
FNDA:0,(anonymous_17)
FNDA:0,(anonymous_18)
FNDA:0,(anonymous_19)
FNDA:0,(anonymous_20)
DA:1,1
DA:2,1
DA:6,10
DA:7,10
DA:14,0
DA:23,0
DA:30,0
DA:38,0
DA:46,0
DA:47,0
DA:49,0
DA:65,2
DA:67,2
DA:68,2
DA:71,0
DA:72,0
DA:74,0
DA:87,0
DA:88,0
DA:95,0
DA:103,0
DA:104,0
DA:105,0
DA:108,0
DA:115,0
DA:116,0
DA:117,0
DA:120,0
DA:140,0
DA:141,0
DA:142,0
DA:145,0
DA:161,0
DA:162,0
DA:163,0
DA:165,0
DA:181,0
DA:182,0
DA:183,0
DA:186,0
DA:203,0
DA:204,0
DA:205,0
DA:208,0
DA:224,0
DA:225,0
DA:226,0
DA:228,0
DA:244,0
DA:245,0
DA:246,0
DA:249,0
DA:266,0
DA:267,0
DA:268,0
DA:270,0
DA:286,10
DA:324,10
DA:336,0
DA:337,0
DA:339,0
DA:340,0
DA:341,0
DA:342,0
DA:345,0
DA:346,0
DA:348,0
DA:349,0
DA:351,0
DA:352,0
DA:354,0
DA:355,0
DA:357,0
DA:358,0
DA:360,0
DA:361,0
DA:363,0
DA:364,0
DA:366,0
DA:367,0
DA:368,0
DA:371,0
DA:373,0
DA:380,0
DA:382,0
DA:383,0
DA:385,0
DA:386,0
DA:389,0
DA:390,0
DA:392,0
DA:393,0
DA:395,0
DA:396,0
DA:399,0
DA:400,0
DA:402,0
DA:403,0
DA:405,0
DA:406,0
DA:408,0
DA:412,0
DA:419,0
DA:420,0
DA:427,0
DA:428,0
DA:435,0
DA:436,0
DA:438,0
DA:439,0
DA:440,0
DA:441,0
DA:445,0
DA:452,0
DA:454,0
DA:455,0
DA:458,0
DA:460,0
DA:462,0
DA:463,0
DA:464,0
DA:466,0
DA:467,0
DA:468,0
DA:470,0
DA:471,0
DA:472,0
DA:475,0
DA:482,0
DA:489,0
DA:493,1
LF:131
LH:10
BRDA:67,0,0,2
BRDA:67,0,1,0
BRDA:104,1,0,0
BRDA:104,1,1,0
BRDA:125,2,0,0
BRDA:125,2,1,0
BRDA:149,3,0,0
BRDA:149,3,1,0
BRDA:345,4,0,0
BRDA:345,4,1,0
BRDA:348,5,0,0
BRDA:348,5,1,0
BRDA:348,6,0,0
BRDA:348,6,1,0
BRDA:349,7,0,0
BRDA:349,7,1,0
BRDA:351,8,0,0
BRDA:351,8,1,0
BRDA:354,9,0,0
BRDA:354,9,1,0
BRDA:357,10,0,0
BRDA:357,10,1,0
BRDA:357,11,0,0
BRDA:357,11,1,0
BRDA:360,12,0,0
BRDA:360,12,1,0
BRDA:363,13,0,0
BRDA:363,13,1,0
BRDA:366,14,0,0
BRDA:366,14,1,0
BRDA:366,15,0,0
BRDA:366,15,1,0
BRDA:366,15,2,0
BRDA:366,15,3,0
BRDA:367,16,0,0
BRDA:367,16,1,0
BRDA:367,16,2,0
BRDA:367,16,3,0
BRDA:383,17,0,0
BRDA:383,17,1,0
BRDA:383,17,2,0
BRDA:383,17,3,0
BRDA:383,17,4,0
BRDA:383,17,5,0
BRDA:383,17,6,0
BRDA:383,17,7,0
BRDA:383,17,8,0
BRDA:383,17,9,0
BRDA:399,18,0,0
BRDA:399,18,1,0
BRDA:420,19,0,0
BRDA:420,19,1,0
BRDA:428,20,0,0
BRDA:428,20,1,0
BRDA:438,21,0,0
BRDA:438,21,1,0
BRDA:454,22,0,0
BRDA:454,22,1,0
BRDA:460,23,0,0
BRDA:460,23,1,0
BRDA:460,23,2,0
BRF:61
BRH:1
end_of_record
TN:
SF:services/SwiftValidationService.js
FN:2,(anonymous_0)
FN:10,(anonymous_1)
FN:52,(anonymous_2)
FN:53,(anonymous_3)
FN:63,(anonymous_4)
FN:64,(anonymous_5)
FN:81,(anonymous_6)
FN:101,(anonymous_7)
FN:145,(anonymous_8)
FN:175,(anonymous_9)
FN:193,(anonymous_10)
FN:213,(anonymous_11)
FN:215,(anonymous_12)
FN:232,(anonymous_13)
FN:246,(anonymous_14)
FN:256,(anonymous_15)
FN:270,(anonymous_16)
FN:285,(anonymous_17)
FN:323,(anonymous_18)
FN:326,(anonymous_19)
FN:331,(anonymous_20)
FN:336,(anonymous_21)
FN:341,(anonymous_22)
FN:346,(anonymous_23)
FN:351,(anonymous_24)
FN:356,(anonymous_25)
FN:366,(anonymous_26)
FN:379,(anonymous_27)
FN:387,(anonymous_28)
FN:398,(anonymous_29)
FN:405,(anonymous_30)
FN:412,(anonymous_31)
FN:453,(anonymous_32)
FNF:33
FNH:4
FNDA:15,(anonymous_0)
FNDA:0,(anonymous_1)
FNDA:0,(anonymous_2)
FNDA:0,(anonymous_3)
FNDA:0,(anonymous_4)
FNDA:0,(anonymous_5)
FNDA:4,(anonymous_6)
FNDA:0,(anonymous_7)
FNDA:0,(anonymous_8)
FNDA:0,(anonymous_9)
FNDA:0,(anonymous_10)
FNDA:0,(anonymous_11)
FNDA:0,(anonymous_12)
FNDA:0,(anonymous_13)
FNDA:0,(anonymous_14)
FNDA:0,(anonymous_15)
FNDA:0,(anonymous_16)
FNDA:15,(anonymous_17)
FNDA:15,(anonymous_18)
FNDA:0,(anonymous_19)
FNDA:0,(anonymous_20)
FNDA:0,(anonymous_21)
FNDA:0,(anonymous_22)
FNDA:0,(anonymous_23)
FNDA:0,(anonymous_24)
FNDA:0,(anonymous_25)
FNDA:0,(anonymous_26)
FNDA:0,(anonymous_27)
FNDA:0,(anonymous_28)
FNDA:0,(anonymous_29)
FNDA:0,(anonymous_30)
FNDA:0,(anonymous_31)
FNDA:0,(anonymous_32)
DA:3,15
DA:4,15
DA:11,0
DA:12,0
DA:14,0
DA:16,0
DA:17,0
DA:18,0
DA:21,0
DA:24,0
DA:27,0
DA:30,0
DA:33,0
DA:35,0
DA:44,0
DA:45,0
DA:53,0
DA:54,0
DA:55,0
DA:64,0
DA:65,0
DA:66,0
DA:68,0
DA:69,0
DA:70,0
DA:72,0
DA:82,4
DA:84,0
DA:85,0
DA:87,0
DA:88,0
DA:90,0
DA:91,0
DA:93,0
DA:94,0
DA:103,0
DA:104,0
DA:105,0
DA:106,0
DA:108,0
DA:109,0
DA:114,0
DA:115,0
DA:116,0
DA:118,0
DA:119,0
DA:122,0
DA:123,0
DA:124,0
DA:129,0
DA:130,0
DA:134,0
DA:135,0
DA:137,0
DA:138,0
DA:147,0
DA:148,0
DA:152,0
DA:153,0
DA:157,0
DA:158,0
DA:159,0
DA:160,0
DA:165,0
DA:166,0
DA:167,0
DA:177,0
DA:178,0
DA:179,0
DA:180,0
DA:185,0
DA:186,0
DA:195,0
DA:196,0
DA:200,0
DA:201,0
DA:205,0
DA:206,0
DA:215,0
DA:216,0
DA:217,0
DA:218,0
DA:223,0
DA:226,0
DA:233,0
DA:246,0
DA:247,0
DA:248,0
DA:258,0
DA:265,0
DA:266,0
DA:267,0
DA:268,0
DA:270,0
DA:271,0
DA:272,0
DA:273,0
DA:274,0
DA:276,0
DA:286,15
DA:324,15
DA:326,0
DA:331,0
DA:336,0
DA:341,0
DA:346,0
DA:351,0
DA:356,0
DA:367,0
DA:373,0
DA:381,0
DA:388,0
DA:389,0
DA:391,0
DA:392,0
DA:399,0
DA:406,0
DA:413,0
DA:414,0
DA:417,0
DA:418,0
DA:421,0
DA:422,0
DA:425,0
DA:426,0
DA:430,0
DA:431,0
DA:432,0
DA:433,0
DA:437,0
DA:438,0
DA:439,0
DA:442,0
DA:454,0
DA:455,0
DA:459,1
LF:136
LH:6
BRDA:16,0,0,0
BRDA:16,0,1,0
BRDA:54,1,0,0
BRDA:54,1,1,0
BRDA:54,2,0,0
BRDA:54,2,1,0
BRDA:68,3,0,0
BRDA:68,3,1,0
BRDA:68,4,0,0
BRDA:68,4,1,0
BRDA:69,5,0,0
BRDA:69,5,1,0
BRDA:82,6,0,0
BRDA:82,6,1,0
BRDA:82,6,2,0
BRDA:82,6,3,0
BRDA:103,7,0,0
BRDA:103,7,1,0
BRDA:105,8,0,0
BRDA:105,8,1,0
BRDA:108,9,0,0
BRDA:108,9,1,0
BRDA:114,10,0,0
BRDA:114,10,1,0
BRDA:114,11,0,0
BRDA:114,11,1,0
BRDA:118,12,0,0
BRDA:118,12,1,0
BRDA:123,13,0,0
BRDA:123,13,1,0
BRDA:129,14,0,0
BRDA:129,14,1,0
BRDA:129,15,0,0
BRDA:129,15,1,0
BRDA:134,16,0,0
BRDA:134,16,1,0
BRDA:134,17,0,0
BRDA:134,17,1,0
BRDA:137,18,0,0
BRDA:137,18,1,0
BRDA:137,19,0,0
BRDA:137,19,1,0
BRDA:147,20,0,0
BRDA:147,20,1,0
BRDA:152,21,0,0
BRDA:152,21,1,0
BRDA:157,22,0,0
BRDA:157,22,1,0
BRDA:159,23,0,0
BRDA:159,23,1,0
BRDA:165,24,0,0
BRDA:165,24,1,0
BRDA:165,25,0,0
BRDA:165,25,1,0
BRDA:166,26,0,0
BRDA:166,26,1,0
BRDA:166,27,0,0
BRDA:166,27,1,0
BRDA:177,28,0,0
BRDA:177,28,1,0
BRDA:179,29,0,0
BRDA:179,29,1,0
BRDA:185,30,0,0
BRDA:185,30,1,0
BRDA:185,31,0,0
BRDA:185,31,1,0
BRDA:195,32,0,0
BRDA:195,32,1,0
BRDA:195,33,0,0
BRDA:195,33,1,0
BRDA:200,34,0,0
BRDA:200,34,1,0
BRDA:200,35,0,0
BRDA:200,35,1,0
BRDA:205,36,0,0
BRDA:205,36,1,0
BRDA:217,37,0,0
BRDA:217,37,1,0
BRDA:247,38,0,0
BRDA:247,38,1,0
BRDA:247,39,0,0
BRDA:247,39,1,0
BRDA:266,40,0,0
BRDA:266,40,1,0
BRDA:271,41,0,0
BRDA:271,41,1,0
BRDA:273,42,0,0
BRDA:273,42,1,0
BRDA:331,43,0,0
BRDA:331,43,1,0
BRDA:388,44,0,0
BRDA:388,44,1,0
BRDA:392,45,0,0
BRDA:392,45,1,0
BRDA:399,46,0,0
BRDA:399,46,1,0
BRDA:417,47,0,0
BRDA:417,47,1,0
BRDA:421,48,0,0
BRDA:421,48,1,0
BRDA:425,49,0,0
BRDA:425,49,1,0
BRDA:430,50,0,0
BRDA:430,50,1,0
BRDA:431,51,0,0
BRDA:431,51,1,0
BRDA:432,52,0,0
BRDA:432,52,1,0
BRDA:438,53,0,0
BRDA:438,53,1,0
BRDA:455,54,0,0
BRDA:455,54,1,0
BRF:112
BRH:0
end_of_record
