{"/Users/dherrera/idea/InterErport/guarantees-module/frontend/src/App.tsx": {"path":"/Users/dherrera/idea/InterErport/guarantees-module/frontend/src/App.tsx","statementMap":{"0":{"start":{"line":34,"column":0},"end":{"line":34,"column":32}},"1":{"start":{"line":37,"column":20},"end":{"line":48,"column":2}},"2":{"start":{"line":51,"column":29},"end":{"line":93,"column":1}},"3":{"start":{"line":52,"column":19},"end":{"line":52,"column":35}},"4":{"start":{"line":53,"column":30},"end":{"line":53,"column":44}},"5":{"start":{"line":55,"column":2},"end":{"line":67,"column":22}},"6":{"start":{"line":57,"column":4},"end":{"line":66,"column":5}},"7":{"start":{"line":58,"column":6},"end":{"line":58,"column":22}},"8":{"start":{"line":59,"column":6},"end":{"line":59,"column":25}},"9":{"start":{"line":60,"column":11},"end":{"line":66,"column":5}},"10":{"start":{"line":61,"column":6},"end":{"line":61,"column":22}},"11":{"start":{"line":62,"column":6},"end":{"line":62,"column":25}},"12":{"start":{"line":64,"column":6},"end":{"line":64,"column":22}},"13":{"start":{"line":65,"column":6},"end":{"line":65,"column":25}},"14":{"start":{"line":69,"column":2},"end":{"line":92,"column":4}},"15":{"start":{"line":95,"column":22},"end":{"line":102,"column":1}},"16":{"start":{"line":96,"column":2},"end":{"line":101,"column":4}}},"fnMap":{"0":{"name":"(anonymous_0)","decl":{"start":{"line":51,"column":29},"end":{"line":51,"column":30}},"loc":{"start":{"line":51,"column":35},"end":{"line":93,"column":1}},"line":51},"1":{"name":"(anonymous_1)","decl":{"start":{"line":55,"column":12},"end":{"line":55,"column":13}},"loc":{"start":{"line":55,"column":18},"end":{"line":67,"column":3}},"line":55},"2":{"name":"(anonymous_2)","decl":{"start":{"line":95,"column":22},"end":{"line":95,"column":23}},"loc":{"start":{"line":95,"column":28},"end":{"line":102,"column":1}},"line":95}},"branchMap":{"0":{"loc":{"start":{"line":57,"column":4},"end":{"line":66,"column":5}},"type":"if","locations":[{"start":{"line":57,"column":4},"end":{"line":66,"column":5}},{"start":{"line":60,"column":11},"end":{"line":66,"column":5}}],"line":57},"1":{"loc":{"start":{"line":60,"column":11},"end":{"line":66,"column":5}},"type":"if","locations":[{"start":{"line":60,"column":11},"end":{"line":66,"column":5}},{"start":{"line":63,"column":11},"end":{"line":66,"column":5}}],"line":60}},"s":{"0":0,"1":0,"2":0,"3":0,"4":0,"5":0,"6":0,"7":0,"8":0,"9":0,"10":0,"11":0,"12":0,"13":0,"14":0,"15":0,"16":0},"f":{"0":0,"1":0,"2":0},"b":{"0":[0,0],"1":[0,0]}}
,"/Users/dherrera/idea/InterErport/guarantees-module/frontend/src/index.tsx": {"path":"/Users/dherrera/idea/InterErport/guarantees-module/frontend/src/index.tsx","statementMap":{"0":{"start":{"line":6,"column":13},"end":{"line":8,"column":1}},"1":{"start":{"line":10,"column":0},"end":{"line":14,"column":2}}},"fnMap":{},"branchMap":{},"s":{"0":0,"1":0},"f":{},"b":{}}
,"/Users/dherrera/idea/InterErport/guarantees-module/frontend/src/test-utils.tsx": {"path":"/Users/dherrera/idea/InterErport/guarantees-module/frontend/src/test-utils.tsx","statementMap":{"0":{"start":{"line":9,"column":24},"end":{"line":27,"column":1}},"1":{"start":{"line":10,"column":22},"end":{"line":16,"column":4}},"2":{"start":{"line":18,"column":2},"end":{"line":26,"column":4}},"3":{"start":{"line":29,"column":21},"end":{"line":32,"column":57}},"4":{"start":{"line":32,"column":5},"end":{"line":32,"column":57}},"5":{"start":{"line":35,"column":23},"end":{"line":40,"column":1}},"6":{"start":{"line":43,"column":29},"end":{"line":56,"column":1}},"7":{"start":{"line":58,"column":30},"end":{"line":67,"column":1}},"8":{"start":{"line":70,"column":27},"end":{"line":87,"column":1}},"9":{"start":{"line":90,"column":27},"end":{"line":105,"column":1}},"10":{"start":{"line":108,"column":38},"end":{"line":110,"column":1}},"11":{"start":{"line":109,"column":2},"end":{"line":109,"column":56}},"12":{"start":{"line":109,"column":32},"end":{"line":109,"column":54}},"13":{"start":{"line":112,"column":30},"end":{"line":118,"column":2}},"14":{"start":{"line":112,"column":51},"end":{"line":118,"column":1}}},"fnMap":{"0":{"name":"(anonymous_0)","decl":{"start":{"line":9,"column":24},"end":{"line":9,"column":25}},"loc":{"start":{"line":9,"column":73},"end":{"line":27,"column":1}},"line":9},"1":{"name":"(anonymous_1)","decl":{"start":{"line":29,"column":21},"end":{"line":29,"column":22}},"loc":{"start":{"line":32,"column":5},"end":{"line":32,"column":57}},"line":32},"2":{"name":"(anonymous_2)","decl":{"start":{"line":108,"column":38},"end":{"line":108,"column":39}},"loc":{"start":{"line":108,"column":44},"end":{"line":110,"column":1}},"line":108},"3":{"name":"(anonymous_3)","decl":{"start":{"line":109,"column":21},"end":{"line":109,"column":22}},"loc":{"start":{"line":109,"column":32},"end":{"line":109,"column":54}},"line":109},"4":{"name":"(anonymous_4)","decl":{"start":{"line":112,"column":30},"end":{"line":112,"column":31}},"loc":{"start":{"line":112,"column":51},"end":{"line":118,"column":1}},"line":112}},"branchMap":{"0":{"loc":{"start":{"line":112,"column":31},"end":{"line":112,"column":45}},"type":"default-arg","locations":[{"start":{"line":112,"column":43},"end":{"line":112,"column":45}}],"line":112}},"s":{"0":0,"1":0,"2":0,"3":0,"4":0,"5":0,"6":0,"7":0,"8":0,"9":0,"10":0,"11":0,"12":0,"13":0,"14":0},"f":{"0":0,"1":0,"2":0,"3":0,"4":0},"b":{"0":[0]}}
,"/Users/dherrera/idea/InterErport/guarantees-module/frontend/src/components/LanguageSwitcher.tsx": {"path":"/Users/dherrera/idea/InterErport/guarantees-module/frontend/src/components/LanguageSwitcher.tsx","statementMap":{"0":{"start":{"line":6,"column":19},"end":{"line":6,"column":25}},"1":{"start":{"line":14,"column":58},"end":{"line":64,"column":1}},"2":{"start":{"line":19,"column":22},"end":{"line":19,"column":38}},"3":{"start":{"line":21,"column":31},"end":{"line":23,"column":3}},"4":{"start":{"line":22,"column":4},"end":{"line":22,"column":34}},"5":{"start":{"line":25,"column":26},"end":{"line":25,"column":47}},"6":{"start":{"line":27,"column":2},"end":{"line":63,"column":4}}},"fnMap":{"0":{"name":"(anonymous_0)","decl":{"start":{"line":14,"column":58},"end":{"line":14,"column":59}},"loc":{"start":{"line":18,"column":6},"end":{"line":64,"column":1}},"line":18},"1":{"name":"(anonymous_1)","decl":{"start":{"line":21,"column":31},"end":{"line":21,"column":32}},"loc":{"start":{"line":21,"column":53},"end":{"line":23,"column":3}},"line":21}},"branchMap":{"0":{"loc":{"start":{"line":15,"column":2},"end":{"line":15,"column":26}},"type":"default-arg","locations":[{"start":{"line":15,"column":14},"end":{"line":15,"column":26}}],"line":15},"1":{"loc":{"start":{"line":16,"column":2},"end":{"line":16,"column":17}},"type":"default-arg","locations":[{"start":{"line":16,"column":9},"end":{"line":16,"column":17}}],"line":16},"2":{"loc":{"start":{"line":17,"column":2},"end":{"line":17,"column":18}},"type":"default-arg","locations":[{"start":{"line":17,"column":13},"end":{"line":17,"column":18}}],"line":17},"3":{"loc":{"start":{"line":25,"column":26},"end":{"line":25,"column":47}},"type":"binary-expr","locations":[{"start":{"line":25,"column":26},"end":{"line":25,"column":39}},{"start":{"line":25,"column":43},"end":{"line":25,"column":47}}],"line":25},"4":{"loc":{"start":{"line":29,"column":7},"end":{"line":34,"column":7}},"type":"binary-expr","locations":[{"start":{"line":29,"column":7},"end":{"line":29,"column":15}},{"start":{"line":30,"column":8},"end":{"line":33,"column":15}}],"line":29},"5":{"loc":{"start":{"line":41,"column":20},"end":{"line":41,"column":62}},"type":"cond-expr","locations":[{"start":{"line":41,"column":32},"end":{"line":41,"column":50}},{"start":{"line":41,"column":53},"end":{"line":41,"column":62}}],"line":41}},"s":{"0":0,"1":0,"2":0,"3":0,"4":0,"5":0,"6":0},"f":{"0":0,"1":0},"b":{"0":[0],"1":[0],"2":[0],"3":[0,0],"4":[0,0],"5":[0,0]}}
,"/Users/dherrera/idea/InterErport/guarantees-module/frontend/src/components/Layout.tsx": {"path":"/Users/dherrera/idea/InterErport/guarantees-module/frontend/src/components/Layout.tsx","statementMap":{"0":{"start":{"line":21,"column":35},"end":{"line":21,"column":44}},"1":{"start":{"line":22,"column":24},"end":{"line":22,"column":34}},"2":{"start":{"line":28,"column":38},"end":{"line":246,"column":1}},"3":{"start":{"line":29,"column":36},"end":{"line":29,"column":51}},"4":{"start":{"line":30,"column":19},"end":{"line":30,"column":32}},"5":{"start":{"line":31,"column":19},"end":{"line":31,"column":32}},"6":{"start":{"line":32,"column":16},"end":{"line":32,"column":32}},"7":{"start":{"line":35,"column":6},"end":{"line":35,"column":22}},"8":{"start":{"line":37,"column":40},"end":{"line":74,"column":3}},"9":{"start":{"line":76,"column":44},"end":{"line":96,"column":3}},"10":{"start":{"line":98,"column":48},"end":{"line":100,"column":3}},"11":{"start":{"line":99,"column":4},"end":{"line":99,"column":20}},"12":{"start":{"line":102,"column":52},"end":{"line":107,"column":3}},"13":{"start":{"line":103,"column":4},"end":{"line":106,"column":5}},"14":{"start":{"line":104,"column":6},"end":{"line":104,"column":44}},"15":{"start":{"line":105,"column":6},"end":{"line":105,"column":25}},"16":{"start":{"line":109,"column":29},"end":{"line":156,"column":3}},"17":{"start":{"line":110,"column":25},"end":{"line":110,"column":69}},"18":{"start":{"line":111,"column":28},"end":{"line":116,"column":5}},"19":{"start":{"line":118,"column":22},"end":{"line":118,"column":24}},"20":{"start":{"line":119,"column":4},"end":{"line":153,"column":7}},"21":{"start":{"line":120,"column":6},"end":{"line":120,"column":35}},"22":{"start":{"line":122,"column":18},"end":{"line":122,"column":20}},"23":{"start":{"line":125,"column":6},"end":{"line":127,"column":7}},"24":{"start":{"line":126,"column":8},"end":{"line":126,"column":15}},"25":{"start":{"line":129,"column":6},"end":{"line":147,"column":7}},"26":{"start":{"line":130,"column":8},"end":{"line":130,"column":42}},"27":{"start":{"line":131,"column":13},"end":{"line":147,"column":7}},"28":{"start":{"line":132,"column":8},"end":{"line":132,"column":43}},"29":{"start":{"line":133,"column":13},"end":{"line":147,"column":7}},"30":{"start":{"line":134,"column":8},"end":{"line":134,"column":27}},"31":{"start":{"line":135,"column":13},"end":{"line":147,"column":7}},"32":{"start":{"line":136,"column":8},"end":{"line":136,"column":40}},"33":{"start":{"line":137,"column":13},"end":{"line":147,"column":7}},"34":{"start":{"line":138,"column":8},"end":{"line":138,"column":40}},"35":{"start":{"line":139,"column":13},"end":{"line":147,"column":7}},"36":{"start":{"line":140,"column":8},"end":{"line":140,"column":39}},"37":{"start":{"line":141,"column":13},"end":{"line":147,"column":7}},"38":{"start":{"line":142,"column":8},"end":{"line":142,"column":43}},"39":{"start":{"line":143,"column":13},"end":{"line":147,"column":7}},"40":{"start":{"line":144,"column":8},"end":{"line":144,"column":55}},"41":{"start":{"line":146,"column":8},"end":{"line":146,"column":67}},"42":{"start":{"line":149,"column":6},"end":{"line":152,"column":9}},"43":{"start":{"line":155,"column":4},"end":{"line":155,"column":27}},"44":{"start":{"line":158,"column":2},"end":{"line":245,"column":4}},"45":{"start":{"line":207,"column":29},"end":{"line":207,"column":53}}},"fnMap":{"0":{"name":"(anonymous_0)","decl":{"start":{"line":28,"column":38},"end":{"line":28,"column":39}},"loc":{"start":{"line":28,"column":56},"end":{"line":246,"column":1}},"line":28},"1":{"name":"(anonymous_1)","decl":{"start":{"line":98,"column":48},"end":{"line":98,"column":49}},"loc":{"start":{"line":98,"column":55},"end":{"line":100,"column":3}},"line":98},"2":{"name":"(anonymous_2)","decl":{"start":{"line":102,"column":52},"end":{"line":102,"column":53}},"loc":{"start":{"line":102,"column":59},"end":{"line":107,"column":3}},"line":102},"3":{"name":"(anonymous_3)","decl":{"start":{"line":109,"column":29},"end":{"line":109,"column":30}},"loc":{"start":{"line":109,"column":35},"end":{"line":156,"column":3}},"line":109},"4":{"name":"(anonymous_4)","decl":{"start":{"line":119,"column":25},"end":{"line":119,"column":26}},"loc":{"start":{"line":119,"column":45},"end":{"line":153,"column":5}},"line":119},"5":{"name":"(anonymous_5)","decl":{"start":{"line":207,"column":23},"end":{"line":207,"column":24}},"loc":{"start":{"line":207,"column":29},"end":{"line":207,"column":53}},"line":207}},"branchMap":{"0":{"loc":{"start":{"line":103,"column":4},"end":{"line":106,"column":5}},"type":"if","locations":[{"start":{"line":103,"column":4},"end":{"line":106,"column":5}},{"start":{},"end":{}}],"line":103},"1":{"loc":{"start":{"line":125,"column":6},"end":{"line":127,"column":7}},"type":"if","locations":[{"start":{"line":125,"column":6},"end":{"line":127,"column":7}},{"start":{},"end":{}}],"line":125},"2":{"loc":{"start":{"line":125,"column":10},"end":{"line":125,"column":71}},"type":"binary-expr","locations":[{"start":{"line":125,"column":10},"end":{"line":125,"column":34}},{"start":{"line":125,"column":38},"end":{"line":125,"column":71}}],"line":125},"3":{"loc":{"start":{"line":129,"column":6},"end":{"line":147,"column":7}},"type":"if","locations":[{"start":{"line":129,"column":6},"end":{"line":147,"column":7}},{"start":{"line":131,"column":13},"end":{"line":147,"column":7}}],"line":129},"4":{"loc":{"start":{"line":131,"column":13},"end":{"line":147,"column":7}},"type":"if","locations":[{"start":{"line":131,"column":13},"end":{"line":147,"column":7}},{"start":{"line":133,"column":13},"end":{"line":147,"column":7}}],"line":131},"5":{"loc":{"start":{"line":133,"column":13},"end":{"line":147,"column":7}},"type":"if","locations":[{"start":{"line":133,"column":13},"end":{"line":147,"column":7}},{"start":{"line":135,"column":13},"end":{"line":147,"column":7}}],"line":133},"6":{"loc":{"start":{"line":135,"column":13},"end":{"line":147,"column":7}},"type":"if","locations":[{"start":{"line":135,"column":13},"end":{"line":147,"column":7}},{"start":{"line":137,"column":13},"end":{"line":147,"column":7}}],"line":135},"7":{"loc":{"start":{"line":137,"column":13},"end":{"line":147,"column":7}},"type":"if","locations":[{"start":{"line":137,"column":13},"end":{"line":147,"column":7}},{"start":{"line":139,"column":13},"end":{"line":147,"column":7}}],"line":137},"8":{"loc":{"start":{"line":139,"column":13},"end":{"line":147,"column":7}},"type":"if","locations":[{"start":{"line":139,"column":13},"end":{"line":147,"column":7}},{"start":{"line":141,"column":13},"end":{"line":147,"column":7}}],"line":139},"9":{"loc":{"start":{"line":141,"column":13},"end":{"line":147,"column":7}},"type":"if","locations":[{"start":{"line":141,"column":13},"end":{"line":147,"column":7}},{"start":{"line":143,"column":13},"end":{"line":147,"column":7}}],"line":141},"10":{"loc":{"start":{"line":143,"column":13},"end":{"line":147,"column":7}},"type":"if","locations":[{"start":{"line":143,"column":13},"end":{"line":147,"column":7}},{"start":{"line":145,"column":13},"end":{"line":147,"column":7}}],"line":143},"11":{"loc":{"start":{"line":175,"column":11},"end":{"line":183,"column":11}},"type":"cond-expr","locations":[{"start":{"line":176,"column":12},"end":{"line":178,"column":20}},{"start":{"line":180,"column":12},"end":{"line":182,"column":20}}],"line":175},"12":{"loc":{"start":{"line":205,"column":33},"end":{"line":205,"column":82}},"type":"cond-expr","locations":[{"start":{"line":205,"column":45},"end":{"line":205,"column":63}},{"start":{"line":205,"column":66},"end":{"line":205,"column":82}}],"line":205}},"s":{"0":0,"1":0,"2":0,"3":0,"4":0,"5":0,"6":0,"7":0,"8":0,"9":0,"10":0,"11":0,"12":0,"13":0,"14":0,"15":0,"16":0,"17":0,"18":0,"19":0,"20":0,"21":0,"22":0,"23":0,"24":0,"25":0,"26":0,"27":0,"28":0,"29":0,"30":0,"31":0,"32":0,"33":0,"34":0,"35":0,"36":0,"37":0,"38":0,"39":0,"40":0,"41":0,"42":0,"43":0,"44":0,"45":0},"f":{"0":0,"1":0,"2":0,"3":0,"4":0,"5":0},"b":{"0":[0,0],"1":[0,0],"2":[0,0],"3":[0,0],"4":[0,0],"5":[0,0],"6":[0,0],"7":[0,0],"8":[0,0],"9":[0,0],"10":[0,0],"11":[0,0],"12":[0,0]}}
,"/Users/dherrera/idea/InterErport/guarantees-module/frontend/src/components/TemplateSelector.tsx": {"path":"/Users/dherrera/idea/InterErport/guarantees-module/frontend/src/components/TemplateSelector.tsx","statementMap":{"0":{"start":{"line":26,"column":28},"end":{"line":26,"column":38}},"1":{"start":{"line":27,"column":21},"end":{"line":27,"column":26}},"2":{"start":{"line":28,"column":19},"end":{"line":28,"column":25}},"3":{"start":{"line":56,"column":58},"end":{"line":440,"column":1}},"4":{"start":{"line":62,"column":36},"end":{"line":62,"column":69}},"5":{"start":{"line":63,"column":50},"end":{"line":63,"column":90}},"6":{"start":{"line":64,"column":32},"end":{"line":64,"column":70}},"7":{"start":{"line":65,"column":32},"end":{"line":65,"column":47}},"8":{"start":{"line":66,"column":46},"end":{"line":66,"column":61}},"9":{"start":{"line":67,"column":48},"end":{"line":67,"column":84}},"10":{"start":{"line":69,"column":28},"end":{"line":137,"column":34}},"11":{"start":{"line":70,"column":50},"end":{"line":86,"column":5}},"12":{"start":{"line":89,"column":49},"end":{"line":89,"column":89}},"13":{"start":{"line":92,"column":27},"end":{"line":92,"column":112}},"14":{"start":{"line":95,"column":4},"end":{"line":97,"column":5}},"15":{"start":{"line":96,"column":6},"end":{"line":96,"column":42}},"16":{"start":{"line":99,"column":4},"end":{"line":109,"column":7}},"17":{"start":{"line":100,"column":6},"end":{"line":108,"column":7}},"18":{"start":{"line":102,"column":27},"end":{"line":102,"column":69}},"19":{"start":{"line":103,"column":22},"end":{"line":103,"column":66}},"20":{"start":{"line":104,"column":22},"end":{"line":104,"column":53}},"21":{"start":{"line":105,"column":8},"end":{"line":105,"column":58}},"22":{"start":{"line":107,"column":8},"end":{"line":107,"column":64}},"23":{"start":{"line":112,"column":4},"end":{"line":113,"column":40}},"24":{"start":{"line":116,"column":33},"end":{"line":116,"column":35}},"25":{"start":{"line":117,"column":4},"end":{"line":124,"column":5}},"26":{"start":{"line":118,"column":6},"end":{"line":123,"column":7}},"27":{"start":{"line":119,"column":8},"end":{"line":119,"column":62}},"28":{"start":{"line":122,"column":8},"end":{"line":122,"column":80}},"29":{"start":{"line":122,"column":70},"end":{"line":122,"column":78}},"30":{"start":{"line":125,"column":28},"end":{"line":128,"column":6}},"31":{"start":{"line":126,"column":20},"end":{"line":126,"column":56}},"32":{"start":{"line":127,"column":6},"end":{"line":127,"column":72}},"33":{"start":{"line":130,"column":4},"end":{"line":136,"column":7}},"34":{"start":{"line":139,"column":24},"end":{"line":150,"column":31}},"35":{"start":{"line":140,"column":4},"end":{"line":140,"column":21}},"36":{"start":{"line":141,"column":4},"end":{"line":149,"column":5}},"37":{"start":{"line":142,"column":27},"end":{"line":142,"column":87}},"38":{"start":{"line":143,"column":6},"end":{"line":143,"column":33}},"39":{"start":{"line":145,"column":6},"end":{"line":145,"column":56}},"40":{"start":{"line":146,"column":6},"end":{"line":146,"column":48}},"41":{"start":{"line":148,"column":6},"end":{"line":148,"column":24}},"42":{"start":{"line":152,"column":26},"end":{"line":178,"column":39}},"43":{"start":{"line":153,"column":4},"end":{"line":155,"column":5}},"44":{"start":{"line":154,"column":6},"end":{"line":154,"column":13}},"45":{"start":{"line":158,"column":23},"end":{"line":158,"column":34}},"46":{"start":{"line":159,"column":24},"end":{"line":159,"column":36}},"47":{"start":{"line":161,"column":4},"end":{"line":165,"column":5}},"48":{"start":{"line":163,"column":6},"end":{"line":163,"column":34}},"49":{"start":{"line":164,"column":6},"end":{"line":164,"column":13}},"50":{"start":{"line":167,"column":4},"end":{"line":167,"column":28}},"51":{"start":{"line":168,"column":4},"end":{"line":177,"column":5}},"52":{"start":{"line":169,"column":26},"end":{"line":169,"column":89}},"53":{"start":{"line":170,"column":6},"end":{"line":170,"column":30}},"54":{"start":{"line":172,"column":6},"end":{"line":172,"column":58}},"55":{"start":{"line":173,"column":6},"end":{"line":173,"column":50}},"56":{"start":{"line":174,"column":6},"end":{"line":174,"column":34}},"57":{"start":{"line":176,"column":6},"end":{"line":176,"column":31}},"58":{"start":{"line":181,"column":2},"end":{"line":185,"column":56}},"59":{"start":{"line":182,"column":4},"end":{"line":184,"column":5}},"60":{"start":{"line":183,"column":6},"end":{"line":183,"column":22}},"61":{"start":{"line":188,"column":2},"end":{"line":194,"column":53}},"62":{"start":{"line":189,"column":4},"end":{"line":193,"column":5}},"63":{"start":{"line":190,"column":30},"end":{"line":190,"column":78}},"64":{"start":{"line":190,"column":50},"end":{"line":190,"column":61}},"65":{"start":{"line":191,"column":6},"end":{"line":191,"column":43}},"66":{"start":{"line":192,"column":6},"end":{"line":192,"column":39}},"67":{"start":{"line":197,"column":31},"end":{"line":203,"column":3}},"68":{"start":{"line":198,"column":21},"end":{"line":198,"column":61}},"69":{"start":{"line":198,"column":41},"end":{"line":198,"column":60}},"70":{"start":{"line":199,"column":4},"end":{"line":202,"column":5}},"71":{"start":{"line":200,"column":6},"end":{"line":200,"column":36}},"72":{"start":{"line":201,"column":6},"end":{"line":201,"column":32}},"73":{"start":{"line":205,"column":37},"end":{"line":215,"column":3}},"74":{"start":{"line":206,"column":4},"end":{"line":209,"column":8}},"75":{"start":{"line":206,"column":32},"end":{"line":209,"column":5}},"76":{"start":{"line":212,"column":4},"end":{"line":214,"column":5}},"77":{"start":{"line":213,"column":6},"end":{"line":213,"column":42}},"78":{"start":{"line":217,"column":31},"end":{"line":225,"column":3}},"79":{"start":{"line":218,"column":4},"end":{"line":224,"column":5}},"80":{"start":{"line":219,"column":6},"end":{"line":222,"column":7}},"81":{"start":{"line":220,"column":8},"end":{"line":220,"column":107}},"82":{"start":{"line":221,"column":8},"end":{"line":221,"column":15}},"83":{"start":{"line":223,"column":6},"end":{"line":223,"column":55}},"84":{"start":{"line":227,"column":31},"end":{"line":286,"column":3}},"85":{"start":{"line":228,"column":4},"end":{"line":228,"column":51}},"86":{"start":{"line":228,"column":39},"end":{"line":228,"column":51}},"87":{"start":{"line":231,"column":33},"end":{"line":231,"column":35}},"88":{"start":{"line":232,"column":33},"end":{"line":232,"column":35}},"89":{"start":{"line":234,"column":4},"end":{"line":241,"column":5}},"90":{"start":{"line":235,"column":6},"end":{"line":240,"column":7}},"91":{"start":{"line":236,"column":8},"end":{"line":236,"column":70}},"92":{"start":{"line":239,"column":8},"end":{"line":239,"column":88}},"93":{"start":{"line":239,"column":78},"end":{"line":239,"column":86}},"94":{"start":{"line":243,"column":4},"end":{"line":250,"column":5}},"95":{"start":{"line":244,"column":6},"end":{"line":249,"column":7}},"96":{"start":{"line":245,"column":8},"end":{"line":245,"column":70}},"97":{"start":{"line":248,"column":8},"end":{"line":248,"column":88}},"98":{"start":{"line":248,"column":78},"end":{"line":248,"column":86}},"99":{"start":{"line":252,"column":25},"end":{"line":252,"column":59}},"100":{"start":{"line":254,"column":4},"end":{"line":285,"column":6}},"101":{"start":{"line":258,"column":31},"end":{"line":258,"column":62}},"102":{"start":{"line":261,"column":29},"end":{"line":261,"column":96}},"103":{"start":{"line":262,"column":33},"end":{"line":262,"column":97}},"104":{"start":{"line":263,"column":30},"end":{"line":263,"column":72}},"105":{"start":{"line":265,"column":12},"end":{"line":281,"column":14}},"106":{"start":{"line":276,"column":37},"end":{"line":276,"column":89}},"107":{"start":{"line":288,"column":2},"end":{"line":439,"column":4}},"108":{"start":{"line":333,"column":20},"end":{"line":338,"column":29}}},"fnMap":{"0":{"name":"(anonymous_0)","decl":{"start":{"line":56,"column":58},"end":{"line":56,"column":59}},"loc":{"start":{"line":61,"column":6},"end":{"line":440,"column":1}},"line":61},"1":{"name":"(anonymous_1)","decl":{"start":{"line":69,"column":40},"end":{"line":69,"column":41}},"loc":{"start":{"line":69,"column":73},"end":{"line":137,"column":3}},"line":69},"2":{"name":"(anonymous_2)","decl":{"start":{"line":99,"column":38},"end":{"line":99,"column":39}},"loc":{"start":{"line":99,"column":45},"end":{"line":109,"column":5}},"line":99},"3":{"name":"(anonymous_3)","decl":{"start":{"line":122,"column":65},"end":{"line":122,"column":66}},"loc":{"start":{"line":122,"column":70},"end":{"line":122,"column":78}},"line":122},"4":{"name":"(anonymous_4)","decl":{"start":{"line":125,"column":48},"end":{"line":125,"column":49}},"loc":{"start":{"line":125,"column":60},"end":{"line":128,"column":5}},"line":125},"5":{"name":"(anonymous_5)","decl":{"start":{"line":139,"column":36},"end":{"line":139,"column":37}},"loc":{"start":{"line":139,"column":48},"end":{"line":150,"column":3}},"line":139},"6":{"name":"(anonymous_6)","decl":{"start":{"line":152,"column":38},"end":{"line":152,"column":39}},"loc":{"start":{"line":152,"column":77},"end":{"line":178,"column":3}},"line":152},"7":{"name":"(anonymous_7)","decl":{"start":{"line":181,"column":12},"end":{"line":181,"column":13}},"loc":{"start":{"line":181,"column":18},"end":{"line":185,"column":3}},"line":181},"8":{"name":"(anonymous_8)","decl":{"start":{"line":188,"column":12},"end":{"line":188,"column":13}},"loc":{"start":{"line":188,"column":18},"end":{"line":194,"column":3}},"line":188},"9":{"name":"(anonymous_9)","decl":{"start":{"line":190,"column":45},"end":{"line":190,"column":46}},"loc":{"start":{"line":190,"column":50},"end":{"line":190,"column":61}},"line":190},"10":{"name":"(anonymous_10)","decl":{"start":{"line":197,"column":31},"end":{"line":197,"column":32}},"loc":{"start":{"line":197,"column":55},"end":{"line":203,"column":3}},"line":197},"11":{"name":"(anonymous_11)","decl":{"start":{"line":198,"column":36},"end":{"line":198,"column":37}},"loc":{"start":{"line":198,"column":41},"end":{"line":198,"column":60}},"line":198},"12":{"name":"(anonymous_12)","decl":{"start":{"line":205,"column":37},"end":{"line":205,"column":38}},"loc":{"start":{"line":205,"column":74},"end":{"line":215,"column":3}},"line":205},"13":{"name":"(anonymous_13)","decl":{"start":{"line":206,"column":23},"end":{"line":206,"column":24}},"loc":{"start":{"line":206,"column":32},"end":{"line":209,"column":5}},"line":206},"14":{"name":"(anonymous_14)","decl":{"start":{"line":217,"column":31},"end":{"line":217,"column":32}},"loc":{"start":{"line":217,"column":37},"end":{"line":225,"column":3}},"line":217},"15":{"name":"(anonymous_15)","decl":{"start":{"line":227,"column":31},"end":{"line":227,"column":32}},"loc":{"start":{"line":227,"column":37},"end":{"line":286,"column":3}},"line":227},"16":{"name":"(anonymous_16)","decl":{"start":{"line":239,"column":73},"end":{"line":239,"column":74}},"loc":{"start":{"line":239,"column":78},"end":{"line":239,"column":86}},"line":239},"17":{"name":"(anonymous_17)","decl":{"start":{"line":248,"column":73},"end":{"line":248,"column":74}},"loc":{"start":{"line":248,"column":78},"end":{"line":248,"column":86}},"line":248},"18":{"name":"(anonymous_18)","decl":{"start":{"line":257,"column":28},"end":{"line":257,"column":29}},"loc":{"start":{"line":257,"column":40},"end":{"line":282,"column":11}},"line":257},"19":{"name":"(anonymous_19)","decl":{"start":{"line":276,"column":30},"end":{"line":276,"column":31}},"loc":{"start":{"line":276,"column":37},"end":{"line":276,"column":89}},"line":276},"20":{"name":"(anonymous_20)","decl":{"start":{"line":332,"column":33},"end":{"line":332,"column":34}},"loc":{"start":{"line":333,"column":20},"end":{"line":338,"column":29}},"line":333}},"branchMap":{"0":{"loc":{"start":{"line":72,"column":24},"end":{"line":72,"column":68}},"type":"binary-expr","locations":[{"start":{"line":72,"column":24},"end":{"line":72,"column":52}},{"start":{"line":72,"column":56},"end":{"line":72,"column":68}}],"line":72},"1":{"loc":{"start":{"line":74,"column":16},"end":{"line":74,"column":43}},"type":"binary-expr","locations":[{"start":{"line":74,"column":16},"end":{"line":74,"column":34}},{"start":{"line":74,"column":38},"end":{"line":74,"column":43}}],"line":74},"2":{"loc":{"start":{"line":75,"column":18},"end":{"line":75,"column":79}},"type":"binary-expr","locations":[{"start":{"line":75,"column":18},"end":{"line":75,"column":37}},{"start":{"line":75,"column":41},"end":{"line":75,"column":79}}],"line":75},"3":{"loc":{"start":{"line":76,"column":19},"end":{"line":76,"column":119}},"type":"binary-expr","locations":[{"start":{"line":76,"column":19},"end":{"line":76,"column":39}},{"start":{"line":76,"column":43},"end":{"line":76,"column":119}}],"line":76},"4":{"loc":{"start":{"line":77,"column":24},"end":{"line":77,"column":73}},"type":"binary-expr","locations":[{"start":{"line":77,"column":24},"end":{"line":77,"column":49}},{"start":{"line":77,"column":53},"end":{"line":77,"column":73}}],"line":77},"5":{"loc":{"start":{"line":78,"column":27},"end":{"line":78,"column":82}},"type":"binary-expr","locations":[{"start":{"line":78,"column":27},"end":{"line":78,"column":55}},{"start":{"line":78,"column":59},"end":{"line":78,"column":82}}],"line":78},"6":{"loc":{"start":{"line":80,"column":19},"end":{"line":80,"column":54}},"type":"cond-expr","locations":[{"start":{"line":80,"column":42},"end":{"line":80,"column":47}},{"start":{"line":80,"column":50},"end":{"line":80,"column":54}}],"line":80},"7":{"loc":{"start":{"line":81,"column":22},"end":{"line":81,"column":62}},"type":"binary-expr","locations":[{"start":{"line":81,"column":22},"end":{"line":81,"column":45}},{"start":{"line":81,"column":49},"end":{"line":81,"column":62}}],"line":81},"8":{"loc":{"start":{"line":92,"column":27},"end":{"line":92,"column":112}},"type":"binary-expr","locations":[{"start":{"line":92,"column":27},"end":{"line":92,"column":48}},{"start":{"line":92,"column":52},"end":{"line":92,"column":76}},{"start":{"line":92,"column":80},"end":{"line":92,"column":112}}],"line":92},"9":{"loc":{"start":{"line":95,"column":4},"end":{"line":97,"column":5}},"type":"if","locations":[{"start":{"line":95,"column":4},"end":{"line":97,"column":5}},{"start":{},"end":{}}],"line":95},"10":{"loc":{"start":{"line":104,"column":29},"end":{"line":104,"column":52}},"type":"binary-expr","locations":[{"start":{"line":104,"column":29},"end":{"line":104,"column":46}},{"start":{"line":104,"column":50},"end":{"line":104,"column":52}}],"line":104},"11":{"loc":{"start":{"line":113,"column":6},"end":{"line":113,"column":38}},"type":"cond-expr","locations":[{"start":{"line":113,"column":29},"end":{"line":113,"column":33}},{"start":{"line":113,"column":36},"end":{"line":113,"column":38}}],"line":113},"12":{"loc":{"start":{"line":117,"column":4},"end":{"line":124,"column":5}},"type":"if","locations":[{"start":{"line":117,"column":4},"end":{"line":124,"column":5}},{"start":{},"end":{}}],"line":117},"13":{"loc":{"start":{"line":126,"column":27},"end":{"line":126,"column":55}},"type":"binary-expr","locations":[{"start":{"line":126,"column":27},"end":{"line":126,"column":49}},{"start":{"line":126,"column":53},"end":{"line":126,"column":55}}],"line":126},"14":{"loc":{"start":{"line":127,"column":13},"end":{"line":127,"column":71}},"type":"binary-expr","locations":[{"start":{"line":127,"column":13},"end":{"line":127,"column":19}},{"start":{"line":127,"column":23},"end":{"line":127,"column":48}},{"start":{"line":127,"column":52},"end":{"line":127,"column":71}}],"line":127},"15":{"loc":{"start":{"line":153,"column":4},"end":{"line":155,"column":5}},"type":"if","locations":[{"start":{"line":153,"column":4},"end":{"line":155,"column":5}},{"start":{},"end":{}}],"line":153},"16":{"loc":{"start":{"line":161,"column":4},"end":{"line":165,"column":5}},"type":"if","locations":[{"start":{"line":161,"column":4},"end":{"line":165,"column":5}},{"start":{},"end":{}}],"line":161},"17":{"loc":{"start":{"line":161,"column":8},"end":{"line":161,"column":35}},"type":"binary-expr","locations":[{"start":{"line":161,"column":8},"end":{"line":161,"column":19}},{"start":{"line":161,"column":23},"end":{"line":161,"column":35}}],"line":161},"18":{"loc":{"start":{"line":182,"column":4},"end":{"line":184,"column":5}},"type":"if","locations":[{"start":{"line":182,"column":4},"end":{"line":184,"column":5}},{"start":{},"end":{}}],"line":182},"19":{"loc":{"start":{"line":182,"column":8},"end":{"line":182,"column":42}},"type":"binary-expr","locations":[{"start":{"line":182,"column":8},"end":{"line":182,"column":15}},{"start":{"line":182,"column":19},"end":{"line":182,"column":42}}],"line":182},"20":{"loc":{"start":{"line":189,"column":4},"end":{"line":193,"column":5}},"type":"if","locations":[{"start":{"line":189,"column":4},"end":{"line":193,"column":5}},{"start":{},"end":{}}],"line":189},"21":{"loc":{"start":{"line":189,"column":8},"end":{"line":189,"column":49}},"type":"binary-expr","locations":[{"start":{"line":189,"column":8},"end":{"line":189,"column":28}},{"start":{"line":189,"column":32},"end":{"line":189,"column":49}}],"line":189},"22":{"loc":{"start":{"line":190,"column":30},"end":{"line":190,"column":78}},"type":"binary-expr","locations":[{"start":{"line":190,"column":30},"end":{"line":190,"column":62}},{"start":{"line":190,"column":66},"end":{"line":190,"column":78}}],"line":190},"23":{"loc":{"start":{"line":199,"column":4},"end":{"line":202,"column":5}},"type":"if","locations":[{"start":{"line":199,"column":4},"end":{"line":202,"column":5}},{"start":{},"end":{}}],"line":199},"24":{"loc":{"start":{"line":208,"column":25},"end":{"line":208,"column":36}},"type":"binary-expr","locations":[{"start":{"line":208,"column":25},"end":{"line":208,"column":30}},{"start":{"line":208,"column":34},"end":{"line":208,"column":36}}],"line":208},"25":{"loc":{"start":{"line":212,"column":4},"end":{"line":214,"column":5}},"type":"if","locations":[{"start":{"line":212,"column":4},"end":{"line":214,"column":5}},{"start":{},"end":{}}],"line":212},"26":{"loc":{"start":{"line":218,"column":4},"end":{"line":224,"column":5}},"type":"if","locations":[{"start":{"line":218,"column":4},"end":{"line":224,"column":5}},{"start":{},"end":{}}],"line":218},"27":{"loc":{"start":{"line":218,"column":8},"end":{"line":218,"column":35}},"type":"binary-expr","locations":[{"start":{"line":218,"column":8},"end":{"line":218,"column":24}},{"start":{"line":218,"column":28},"end":{"line":218,"column":35}}],"line":218},"28":{"loc":{"start":{"line":219,"column":6},"end":{"line":222,"column":7}},"type":"if","locations":[{"start":{"line":219,"column":6},"end":{"line":222,"column":7}},{"start":{},"end":{}}],"line":219},"29":{"loc":{"start":{"line":228,"column":4},"end":{"line":228,"column":51}},"type":"if","locations":[{"start":{"line":228,"column":4},"end":{"line":228,"column":51}},{"start":{},"end":{}}],"line":228},"30":{"loc":{"start":{"line":228,"column":8},"end":{"line":228,"column":37}},"type":"binary-expr","locations":[{"start":{"line":228,"column":8},"end":{"line":228,"column":25}},{"start":{"line":228,"column":29},"end":{"line":228,"column":37}}],"line":228},"31":{"loc":{"start":{"line":234,"column":4},"end":{"line":241,"column":5}},"type":"if","locations":[{"start":{"line":234,"column":4},"end":{"line":241,"column":5}},{"start":{},"end":{}}],"line":234},"32":{"loc":{"start":{"line":243,"column":4},"end":{"line":250,"column":5}},"type":"if","locations":[{"start":{"line":243,"column":4},"end":{"line":250,"column":5}},{"start":{},"end":{}}],"line":243},"33":{"loc":{"start":{"line":261,"column":29},"end":{"line":261,"column":96}},"type":"binary-expr","locations":[{"start":{"line":261,"column":29},"end":{"line":261,"column":54}},{"start":{"line":261,"column":58},"end":{"line":261,"column":90}},{"start":{"line":261,"column":94},"end":{"line":261,"column":96}}],"line":261},"34":{"loc":{"start":{"line":262,"column":33},"end":{"line":262,"column":97}},"type":"cond-expr","locations":[{"start":{"line":262,"column":64},"end":{"line":262,"column":72}},{"start":{"line":262,"column":75},"end":{"line":262,"column":97}}],"line":262},"35":{"loc":{"start":{"line":262,"column":82},"end":{"line":262,"column":96}},"type":"binary-expr","locations":[{"start":{"line":262,"column":82},"end":{"line":262,"column":90}},{"start":{"line":262,"column":94},"end":{"line":262,"column":96}}],"line":262},"36":{"loc":{"start":{"line":268,"column":50},"end":{"line":268,"column":82}},"type":"cond-expr","locations":[{"start":{"line":268,"column":62},"end":{"line":268,"column":70}},{"start":{"line":268,"column":73},"end":{"line":268,"column":82}}],"line":268},"37":{"loc":{"start":{"line":270,"column":21},"end":{"line":270,"column":64}},"type":"binary-expr","locations":[{"start":{"line":270,"column":21},"end":{"line":270,"column":31}},{"start":{"line":270,"column":35},"end":{"line":270,"column":64}}],"line":270},"38":{"loc":{"start":{"line":275,"column":27},"end":{"line":275,"column":105}},"type":"cond-expr","locations":[{"start":{"line":275,"column":88},"end":{"line":275,"column":90}},{"start":{"line":275,"column":93},"end":{"line":275,"column":105}}],"line":275},"39":{"loc":{"start":{"line":275,"column":27},"end":{"line":275,"column":85}},"type":"binary-expr","locations":[{"start":{"line":275,"column":27},"end":{"line":275,"column":55}},{"start":{"line":275,"column":59},"end":{"line":275,"column":85}}],"line":275},"40":{"loc":{"start":{"line":277,"column":28},"end":{"line":277,"column":59}},"type":"cond-expr","locations":[{"start":{"line":277,"column":40},"end":{"line":277,"column":47}},{"start":{"line":277,"column":50},"end":{"line":277,"column":59}}],"line":277},"41":{"loc":{"start":{"line":307,"column":20},"end":{"line":307,"column":58}},"type":"binary-expr","locations":[{"start":{"line":307,"column":20},"end":{"line":307,"column":37}},{"start":{"line":307,"column":41},"end":{"line":307,"column":58}}],"line":307},"42":{"loc":{"start":{"line":318,"column":13},"end":{"line":371,"column":13}},"type":"cond-expr","locations":[{"start":{"line":319,"column":14},"end":{"line":321,"column":20}},{"start":{"line":323,"column":14},"end":{"line":370,"column":17}}],"line":318},"43":{"loc":{"start":{"line":336,"column":25},"end":{"line":336,"column":78}},"type":"binary-expr","locations":[{"start":{"line":336,"column":25},"end":{"line":336,"column":43}},{"start":{"line":336,"column":47},"end":{"line":336,"column":78}}],"line":336},"44":{"loc":{"start":{"line":342,"column":17},"end":{"line":369,"column":17}},"type":"binary-expr","locations":[{"start":{"line":342,"column":17},"end":{"line":342,"column":33}},{"start":{"line":343,"column":18},"end":{"line":368,"column":25}}],"line":342},"45":{"loc":{"start":{"line":354,"column":23},"end":{"line":358,"column":23}},"type":"binary-expr","locations":[{"start":{"line":354,"column":23},"end":{"line":354,"column":59}},{"start":{"line":355,"column":24},"end":{"line":357,"column":30}}],"line":354},"46":{"loc":{"start":{"line":356,"column":54},"end":{"line":356,"column":112}},"type":"cond-expr","locations":[{"start":{"line":356,"column":84},"end":{"line":356,"column":94}},{"start":{"line":356,"column":97},"end":{"line":356,"column":112}}],"line":356},"47":{"loc":{"start":{"line":359,"column":23},"end":{"line":366,"column":23}},"type":"binary-expr","locations":[{"start":{"line":359,"column":23},"end":{"line":359,"column":51}},{"start":{"line":360,"column":24},"end":{"line":365,"column":30}}],"line":359},"48":{"loc":{"start":{"line":385,"column":17},"end":{"line":389,"column":17}},"type":"binary-expr","locations":[{"start":{"line":385,"column":17},"end":{"line":385,"column":24}},{"start":{"line":386,"column":18},"end":{"line":388,"column":24}}],"line":385},"49":{"loc":{"start":{"line":386,"column":30},"end":{"line":386,"column":67}},"type":"cond-expr","locations":[{"start":{"line":386,"column":48},"end":{"line":386,"column":57}},{"start":{"line":386,"column":60},"end":{"line":386,"column":67}}],"line":386},"50":{"loc":{"start":{"line":387,"column":21},"end":{"line":387,"column":61}},"type":"cond-expr","locations":[{"start":{"line":387,"column":39},"end":{"line":387,"column":46}},{"start":{"line":387,"column":49},"end":{"line":387,"column":61}}],"line":387},"51":{"loc":{"start":{"line":393,"column":13},"end":{"line":434,"column":13}},"type":"cond-expr","locations":[{"start":{"line":394,"column":14},"end":{"line":397,"column":20}},{"start":{"line":398,"column":16},"end":{"line":434,"column":13}}],"line":393},"52":{"loc":{"start":{"line":398,"column":16},"end":{"line":434,"column":13}},"type":"cond-expr","locations":[{"start":{"line":399,"column":14},"end":{"line":428,"column":20}},{"start":{"line":430,"column":14},"end":{"line":433,"column":20}}],"line":398},"53":{"loc":{"start":{"line":400,"column":17},"end":{"line":408,"column":17}},"type":"binary-expr","locations":[{"start":{"line":400,"column":17},"end":{"line":400,"column":51}},{"start":{"line":401,"column":18},"end":{"line":407,"column":20}}],"line":400},"54":{"loc":{"start":{"line":424,"column":31},"end":{"line":424,"column":90}},"type":"binary-expr","locations":[{"start":{"line":424,"column":31},"end":{"line":424,"column":85}},{"start":{"line":424,"column":89},"end":{"line":424,"column":90}}],"line":424},"55":{"loc":{"start":{"line":425,"column":31},"end":{"line":425,"column":90}},"type":"binary-expr","locations":[{"start":{"line":425,"column":31},"end":{"line":425,"column":85}},{"start":{"line":425,"column":89},"end":{"line":425,"column":90}}],"line":425}},"s":{"0":0,"1":0,"2":0,"3":0,"4":0,"5":0,"6":0,"7":0,"8":0,"9":0,"10":0,"11":0,"12":0,"13":0,"14":0,"15":0,"16":0,"17":0,"18":0,"19":0,"20":0,"21":0,"22":0,"23":0,"24":0,"25":0,"26":0,"27":0,"28":0,"29":0,"30":0,"31":0,"32":0,"33":0,"34":0,"35":0,"36":0,"37":0,"38":0,"39":0,"40":0,"41":0,"42":0,"43":0,"44":0,"45":0,"46":0,"47":0,"48":0,"49":0,"50":0,"51":0,"52":0,"53":0,"54":0,"55":0,"56":0,"57":0,"58":0,"59":0,"60":0,"61":0,"62":0,"63":0,"64":0,"65":0,"66":0,"67":0,"68":0,"69":0,"70":0,"71":0,"72":0,"73":0,"74":0,"75":0,"76":0,"77":0,"78":0,"79":0,"80":0,"81":0,"82":0,"83":0,"84":0,"85":0,"86":0,"87":0,"88":0,"89":0,"90":0,"91":0,"92":0,"93":0,"94":0,"95":0,"96":0,"97":0,"98":0,"99":0,"100":0,"101":0,"102":0,"103":0,"104":0,"105":0,"106":0,"107":0,"108":0},"f":{"0":0,"1":0,"2":0,"3":0,"4":0,"5":0,"6":0,"7":0,"8":0,"9":0,"10":0,"11":0,"12":0,"13":0,"14":0,"15":0,"16":0,"17":0,"18":0,"19":0,"20":0},"b":{"0":[0,0],"1":[0,0],"2":[0,0],"3":[0,0],"4":[0,0],"5":[0,0],"6":[0,0],"7":[0,0],"8":[0,0,0],"9":[0,0],"10":[0,0],"11":[0,0],"12":[0,0],"13":[0,0],"14":[0,0,0],"15":[0,0],"16":[0,0],"17":[0,0],"18":[0,0],"19":[0,0],"20":[0,0],"21":[0,0],"22":[0,0],"23":[0,0],"24":[0,0],"25":[0,0],"26":[0,0],"27":[0,0],"28":[0,0],"29":[0,0],"30":[0,0],"31":[0,0],"32":[0,0],"33":[0,0,0],"34":[0,0],"35":[0,0],"36":[0,0],"37":[0,0],"38":[0,0],"39":[0,0],"40":[0,0],"41":[0,0],"42":[0,0],"43":[0,0],"44":[0,0],"45":[0,0],"46":[0,0],"47":[0,0],"48":[0,0],"49":[0,0],"50":[0,0],"51":[0,0],"52":[0,0],"53":[0,0],"54":[0,0],"55":[0,0]}}
,"/Users/dherrera/idea/InterErport/guarantees-module/frontend/src/i18n/config.ts": {"path":"/Users/dherrera/idea/InterErport/guarantees-module/frontend/src/i18n/config.ts","statementMap":{"0":{"start":{"line":22,"column":47},"end":{"line":137,"column":1}},"1":{"start":{"line":139,"column":32},"end":{"line":139,"column":36}},"2":{"start":{"line":140,"column":33},"end":{"line":140,"column":37}},"3":{"start":{"line":143,"column":33},"end":{"line":145,"column":1}},"4":{"start":{"line":144,"column":2},"end":{"line":144,"column":62}},"5":{"start":{"line":144,"column":42},"end":{"line":144,"column":60}},"6":{"start":{"line":147,"column":35},"end":{"line":149,"column":1}},"7":{"start":{"line":148,"column":2},"end":{"line":148,"column":62}},"8":{"start":{"line":148,"column":42},"end":{"line":148,"column":60}},"9":{"start":{"line":151,"column":34},"end":{"line":158,"column":1}},"10":{"start":{"line":152,"column":2},"end":{"line":157,"column":6}},"11":{"start":{"line":152,"column":42},"end":{"line":157,"column":3}},"12":{"start":{"line":161,"column":38},"end":{"line":181,"column":10}},"13":{"start":{"line":184,"column":41},"end":{"line":197,"column":1}},"14":{"start":{"line":200,"column":36},"end":{"line":207,"column":1}},"15":{"start":{"line":210,"column":33},"end":{"line":241,"column":1}}},"fnMap":{"0":{"name":"(anonymous_0)","decl":{"start":{"line":143,"column":33},"end":{"line":143,"column":34}},"loc":{"start":{"line":143,"column":73},"end":{"line":145,"column":1}},"line":143},"1":{"name":"(anonymous_1)","decl":{"start":{"line":144,"column":34},"end":{"line":144,"column":35}},"loc":{"start":{"line":144,"column":42},"end":{"line":144,"column":60}},"line":144},"2":{"name":"(anonymous_2)","decl":{"start":{"line":147,"column":35},"end":{"line":147,"column":36}},"loc":{"start":{"line":147,"column":62},"end":{"line":149,"column":1}},"line":147},"3":{"name":"(anonymous_3)","decl":{"start":{"line":148,"column":34},"end":{"line":148,"column":35}},"loc":{"start":{"line":148,"column":42},"end":{"line":148,"column":60}},"line":148},"4":{"name":"(anonymous_4)","decl":{"start":{"line":151,"column":34},"end":{"line":151,"column":35}},"loc":{"start":{"line":151,"column":40},"end":{"line":158,"column":1}},"line":151},"5":{"name":"(anonymous_5)","decl":{"start":{"line":152,"column":33},"end":{"line":152,"column":34}},"loc":{"start":{"line":152,"column":42},"end":{"line":157,"column":3}},"line":152}},"branchMap":{},"s":{"0":0,"1":0,"2":0,"3":0,"4":0,"5":0,"6":0,"7":0,"8":0,"9":0,"10":0,"11":0,"12":0,"13":0,"14":0,"15":0},"f":{"0":0,"1":0,"2":0,"3":0,"4":0,"5":0},"b":{}}
,"/Users/dherrera/idea/InterErport/guarantees-module/frontend/src/i18n/index.ts": {"path":"/Users/dherrera/idea/InterErport/guarantees-module/frontend/src/i18n/index.ts","statementMap":{"0":{"start":{"line":10,"column":18},"end":{"line":20,"column":1}},"1":{"start":{"line":22,"column":0},"end":{"line":42,"column":5}}},"fnMap":{},"branchMap":{},"s":{"0":0,"1":0},"f":{},"b":{}}
,"/Users/dherrera/idea/InterErport/guarantees-module/frontend/src/i18n/utils.ts": {"path":"/Users/dherrera/idea/InterErport/guarantees-module/frontend/src/i18n/utils.ts","statementMap":{"0":{"start":{"line":8,"column":33},"end":{"line":121,"column":1}},"1":{"start":{"line":9,"column":22},"end":{"line":9,"column":38}},"2":{"start":{"line":10,"column":26},"end":{"line":10,"column":86}},"3":{"start":{"line":13,"column":23},"end":{"line":19,"column":21}},"4":{"start":{"line":14,"column":4},"end":{"line":18,"column":21}},"5":{"start":{"line":22,"column":25},"end":{"line":34,"column":21}},"6":{"start":{"line":27,"column":4},"end":{"line":33,"column":21}},"7":{"start":{"line":37,"column":21},"end":{"line":48,"column":34}},"8":{"start":{"line":41,"column":20},"end":{"line":41,"column":31}},"9":{"start":{"line":42,"column":4},"end":{"line":44,"column":5}},"10":{"start":{"line":43,"column":6},"end":{"line":43,"column":36}},"11":{"start":{"line":47,"column":4},"end":{"line":47,"column":54}},"12":{"start":{"line":51,"column":29},"end":{"line":53,"column":8}},"13":{"start":{"line":52,"column":4},"end":{"line":52,"column":33}},"14":{"start":{"line":56,"column":20},"end":{"line":71,"column":9}},"15":{"start":{"line":65,"column":4},"end":{"line":70,"column":5}},"16":{"start":{"line":66,"column":6},"end":{"line":66,"column":29}},"17":{"start":{"line":68,"column":6},"end":{"line":68,"column":58}},"18":{"start":{"line":69,"column":6},"end":{"line":69,"column":42}},"19":{"start":{"line":74,"column":24},"end":{"line":89,"column":9}},"20":{"start":{"line":79,"column":16},"end":{"line":79,"column":43}},"21":{"start":{"line":80,"column":23},"end":{"line":80,"column":29}},"22":{"start":{"line":82,"column":4},"end":{"line":86,"column":5}},"23":{"start":{"line":84,"column":6},"end":{"line":85,"column":48}},"24":{"start":{"line":85,"column":31},"end":{"line":85,"column":46}},"25":{"start":{"line":88,"column":4},"end":{"line":88,"column":22}},"26":{"start":{"line":92,"column":25},"end":{"line":95,"column":9}},"27":{"start":{"line":93,"column":23},"end":{"line":93,"column":29}},"28":{"start":{"line":94,"column":4},"end":{"line":94,"column":30}},"29":{"start":{"line":98,"column":35},"end":{"line":101,"column":12}},"30":{"start":{"line":99,"column":18},"end":{"line":99,"column":70}},"31":{"start":{"line":100,"column":4},"end":{"line":100,"column":36}},"32":{"start":{"line":103,"column":2},"end":{"line":120,"column":4}},"33":{"start":{"line":115,"column":47},"end":{"line":115,"column":110}},"34":{"start":{"line":116,"column":49},"end":{"line":116,"column":114}},"35":{"start":{"line":117,"column":33},"end":{"line":117,"column":89}},"36":{"start":{"line":118,"column":35},"end":{"line":118,"column":66}},"37":{"start":{"line":119,"column":32},"end":{"line":119,"column":95}},"38":{"start":{"line":124,"column":36},"end":{"line":134,"column":1}},"39":{"start":{"line":128,"column":44},"end":{"line":128,"column":46}},"40":{"start":{"line":133,"column":2},"end":{"line":133,"column":17}},"41":{"start":{"line":137,"column":29},"end":{"line":155,"column":1}},"42":{"start":{"line":138,"column":55},"end":{"line":152,"column":3}},"43":{"start":{"line":139,"column":23},"end":{"line":139,"column":48}},"44":{"start":{"line":140,"column":23},"end":{"line":140,"column":48}},"45":{"start":{"line":141,"column":23},"end":{"line":141,"column":48}},"46":{"start":{"line":142,"column":23},"end":{"line":142,"column":47}},"47":{"start":{"line":143,"column":23},"end":{"line":143,"column":47}},"48":{"start":{"line":145,"column":6},"end":{"line":145,"column":33}},"49":{"start":{"line":145,"column":19},"end":{"line":145,"column":33}},"50":{"start":{"line":146,"column":6},"end":{"line":146,"column":32}},"51":{"start":{"line":146,"column":19},"end":{"line":146,"column":32}},"52":{"start":{"line":147,"column":6},"end":{"line":147,"column":32}},"53":{"start":{"line":147,"column":19},"end":{"line":147,"column":32}},"54":{"start":{"line":148,"column":6},"end":{"line":148,"column":54}},"55":{"start":{"line":148,"column":41},"end":{"line":148,"column":54}},"56":{"start":{"line":149,"column":6},"end":{"line":149,"column":39}},"57":{"start":{"line":149,"column":25},"end":{"line":149,"column":39}},"58":{"start":{"line":150,"column":6},"end":{"line":150,"column":21}},"59":{"start":{"line":154,"column":2},"end":{"line":154,"column":45}},"60":{"start":{"line":158,"column":40},"end":{"line":165,"column":1}},"61":{"start":{"line":164,"column":2},"end":{"line":164,"column":25}},"62":{"start":{"line":168,"column":29},"end":{"line":171,"column":1}},"63":{"start":{"line":169,"column":23},"end":{"line":169,"column":47}},"64":{"start":{"line":170,"column":2},"end":{"line":170,"column":45}}},"fnMap":{"0":{"name":"(anonymous_0)","decl":{"start":{"line":8,"column":33},"end":{"line":8,"column":34}},"loc":{"start":{"line":8,"column":39},"end":{"line":121,"column":1}},"line":8},"1":{"name":"(anonymous_1)","decl":{"start":{"line":13,"column":35},"end":{"line":13,"column":36}},"loc":{"start":{"line":13,"column":98},"end":{"line":19,"column":3}},"line":13},"2":{"name":"(anonymous_2)","decl":{"start":{"line":22,"column":37},"end":{"line":22,"column":38}},"loc":{"start":{"line":26,"column":15},"end":{"line":34,"column":3}},"line":26},"3":{"name":"(anonymous_3)","decl":{"start":{"line":37,"column":33},"end":{"line":37,"column":34}},"loc":{"start":{"line":40,"column":15},"end":{"line":48,"column":3}},"line":40},"4":{"name":"(anonymous_4)","decl":{"start":{"line":51,"column":41},"end":{"line":51,"column":42}},"loc":{"start":{"line":51,"column":88},"end":{"line":53,"column":3}},"line":51},"5":{"name":"(anonymous_5)","decl":{"start":{"line":56,"column":32},"end":{"line":56,"column":33}},"loc":{"start":{"line":64,"column":15},"end":{"line":71,"column":3}},"line":64},"6":{"name":"(anonymous_6)","decl":{"start":{"line":74,"column":36},"end":{"line":74,"column":37}},"loc":{"start":{"line":78,"column":15},"end":{"line":89,"column":3}},"line":78},"7":{"name":"(anonymous_7)","decl":{"start":{"line":85,"column":26},"end":{"line":85,"column":27}},"loc":{"start":{"line":85,"column":31},"end":{"line":85,"column":46}},"line":85},"8":{"name":"(anonymous_8)","decl":{"start":{"line":92,"column":37},"end":{"line":92,"column":38}},"loc":{"start":{"line":92,"column":63},"end":{"line":95,"column":3}},"line":92},"9":{"name":"(anonymous_9)","decl":{"start":{"line":98,"column":47},"end":{"line":98,"column":48}},"loc":{"start":{"line":98,"column":91},"end":{"line":101,"column":3}},"line":98},"10":{"name":"(anonymous_10)","decl":{"start":{"line":115,"column":12},"end":{"line":115,"column":13}},"loc":{"start":{"line":115,"column":47},"end":{"line":115,"column":110}},"line":115},"11":{"name":"(anonymous_11)","decl":{"start":{"line":116,"column":13},"end":{"line":116,"column":14}},"loc":{"start":{"line":116,"column":49},"end":{"line":116,"column":114}},"line":116},"12":{"name":"(anonymous_12)","decl":{"start":{"line":117,"column":13},"end":{"line":117,"column":14}},"loc":{"start":{"line":117,"column":33},"end":{"line":117,"column":89}},"line":117},"13":{"name":"(anonymous_13)","decl":{"start":{"line":118,"column":17},"end":{"line":118,"column":18}},"loc":{"start":{"line":118,"column":35},"end":{"line":118,"column":66}},"line":118},"14":{"name":"(anonymous_14)","decl":{"start":{"line":119,"column":12},"end":{"line":119,"column":13}},"loc":{"start":{"line":119,"column":32},"end":{"line":119,"column":95}},"line":119},"15":{"name":"(anonymous_15)","decl":{"start":{"line":124,"column":36},"end":{"line":124,"column":37}},"loc":{"start":{"line":127,"column":31},"end":{"line":134,"column":1}},"line":127},"16":{"name":"(anonymous_16)","decl":{"start":{"line":137,"column":29},"end":{"line":137,"column":30}},"loc":{"start":{"line":137,"column":74},"end":{"line":155,"column":1}},"line":137},"17":{"name":"(anonymous_17)","decl":{"start":{"line":139,"column":8},"end":{"line":139,"column":9}},"loc":{"start":{"line":139,"column":23},"end":{"line":139,"column":48}},"line":139},"18":{"name":"(anonymous_18)","decl":{"start":{"line":140,"column":8},"end":{"line":140,"column":9}},"loc":{"start":{"line":140,"column":23},"end":{"line":140,"column":48}},"line":140},"19":{"name":"(anonymous_19)","decl":{"start":{"line":141,"column":8},"end":{"line":141,"column":9}},"loc":{"start":{"line":141,"column":23},"end":{"line":141,"column":48}},"line":141},"20":{"name":"(anonymous_20)","decl":{"start":{"line":142,"column":8},"end":{"line":142,"column":9}},"loc":{"start":{"line":142,"column":23},"end":{"line":142,"column":47}},"line":142},"21":{"name":"(anonymous_21)","decl":{"start":{"line":143,"column":8},"end":{"line":143,"column":9}},"loc":{"start":{"line":143,"column":23},"end":{"line":143,"column":47}},"line":143},"22":{"name":"(anonymous_22)","decl":{"start":{"line":144,"column":8},"end":{"line":144,"column":9}},"loc":{"start":{"line":144,"column":23},"end":{"line":151,"column":5}},"line":144},"23":{"name":"(anonymous_23)","decl":{"start":{"line":158,"column":40},"end":{"line":158,"column":41}},"loc":{"start":{"line":162,"column":13},"end":{"line":165,"column":1}},"line":162},"24":{"name":"(anonymous_24)","decl":{"start":{"line":168,"column":29},"end":{"line":168,"column":30}},"loc":{"start":{"line":168,"column":64},"end":{"line":171,"column":1}},"line":168}},"branchMap":{"0":{"loc":{"start":{"line":10,"column":26},"end":{"line":10,"column":86}},"type":"binary-expr","locations":[{"start":{"line":10,"column":26},"end":{"line":10,"column":58}},{"start":{"line":10,"column":62},"end":{"line":10,"column":86}}],"line":10},"1":{"loc":{"start":{"line":24,"column":4},"end":{"line":24,"column":28}},"type":"default-arg","locations":[{"start":{"line":24,"column":23},"end":{"line":24,"column":28}}],"line":24},"2":{"loc":{"start":{"line":42,"column":4},"end":{"line":44,"column":5}},"type":"if","locations":[{"start":{"line":42,"column":4},"end":{"line":44,"column":5}},{"start":{},"end":{}}],"line":42},"3":{"loc":{"start":{"line":69,"column":13},"end":{"line":69,"column":41}},"type":"binary-expr","locations":[{"start":{"line":69,"column":13},"end":{"line":69,"column":34}},{"start":{"line":69,"column":38},"end":{"line":69,"column":41}}],"line":69},"4":{"loc":{"start":{"line":82,"column":4},"end":{"line":86,"column":5}},"type":"if","locations":[{"start":{"line":82,"column":4},"end":{"line":86,"column":5}},{"start":{},"end":{}}],"line":82},"5":{"loc":{"start":{"line":84,"column":13},"end":{"line":85,"column":47}},"type":"binary-expr","locations":[{"start":{"line":84,"column":13},"end":{"line":84,"column":21}},{"start":{"line":84,"column":25},"end":{"line":85,"column":47}}],"line":84},"6":{"loc":{"start":{"line":100,"column":11},"end":{"line":100,"column":35}},"type":"binary-expr","locations":[{"start":{"line":100,"column":11},"end":{"line":100,"column":29}},{"start":{"line":100,"column":33},"end":{"line":100,"column":35}}],"line":100},"7":{"loc":{"start":{"line":139,"column":23},"end":{"line":139,"column":48}},"type":"cond-expr","locations":[{"start":{"line":139,"column":33},"end":{"line":139,"column":38}},{"start":{"line":139,"column":41},"end":{"line":139,"column":48}}],"line":139},"8":{"loc":{"start":{"line":140,"column":23},"end":{"line":140,"column":48}},"type":"cond-expr","locations":[{"start":{"line":140,"column":33},"end":{"line":140,"column":38}},{"start":{"line":140,"column":41},"end":{"line":140,"column":48}}],"line":140},"9":{"loc":{"start":{"line":141,"column":23},"end":{"line":141,"column":48}},"type":"cond-expr","locations":[{"start":{"line":141,"column":33},"end":{"line":141,"column":38}},{"start":{"line":141,"column":41},"end":{"line":141,"column":48}}],"line":141},"10":{"loc":{"start":{"line":142,"column":23},"end":{"line":142,"column":47}},"type":"cond-expr","locations":[{"start":{"line":142,"column":32},"end":{"line":142,"column":37}},{"start":{"line":142,"column":40},"end":{"line":142,"column":47}}],"line":142},"11":{"loc":{"start":{"line":143,"column":23},"end":{"line":143,"column":47}},"type":"cond-expr","locations":[{"start":{"line":143,"column":32},"end":{"line":143,"column":37}},{"start":{"line":143,"column":40},"end":{"line":143,"column":47}}],"line":143},"12":{"loc":{"start":{"line":145,"column":6},"end":{"line":145,"column":33}},"type":"if","locations":[{"start":{"line":145,"column":6},"end":{"line":145,"column":33}},{"start":{},"end":{}}],"line":145},"13":{"loc":{"start":{"line":146,"column":6},"end":{"line":146,"column":32}},"type":"if","locations":[{"start":{"line":146,"column":6},"end":{"line":146,"column":32}},{"start":{},"end":{}}],"line":146},"14":{"loc":{"start":{"line":147,"column":6},"end":{"line":147,"column":32}},"type":"if","locations":[{"start":{"line":147,"column":6},"end":{"line":147,"column":32}},{"start":{},"end":{}}],"line":147},"15":{"loc":{"start":{"line":148,"column":6},"end":{"line":148,"column":54}},"type":"if","locations":[{"start":{"line":148,"column":6},"end":{"line":148,"column":54}},{"start":{},"end":{}}],"line":148},"16":{"loc":{"start":{"line":148,"column":10},"end":{"line":148,"column":39}},"type":"binary-expr","locations":[{"start":{"line":148,"column":10},"end":{"line":148,"column":22}},{"start":{"line":148,"column":26},"end":{"line":148,"column":39}}],"line":148},"17":{"loc":{"start":{"line":149,"column":6},"end":{"line":149,"column":39}},"type":"if","locations":[{"start":{"line":149,"column":6},"end":{"line":149,"column":39}},{"start":{},"end":{}}],"line":149},"18":{"loc":{"start":{"line":154,"column":9},"end":{"line":154,"column":44}},"type":"binary-expr","locations":[{"start":{"line":154,"column":9},"end":{"line":154,"column":33}},{"start":{"line":154,"column":37},"end":{"line":154,"column":44}}],"line":154},"19":{"loc":{"start":{"line":164,"column":9},"end":{"line":164,"column":24}},"type":"binary-expr","locations":[{"start":{"line":164,"column":9},"end":{"line":164,"column":17}},{"start":{"line":164,"column":21},"end":{"line":164,"column":24}}],"line":164}},"s":{"0":0,"1":0,"2":0,"3":0,"4":0,"5":0,"6":0,"7":0,"8":0,"9":0,"10":0,"11":0,"12":0,"13":0,"14":0,"15":0,"16":0,"17":0,"18":0,"19":0,"20":0,"21":0,"22":0,"23":0,"24":0,"25":0,"26":0,"27":0,"28":0,"29":0,"30":0,"31":0,"32":0,"33":0,"34":0,"35":0,"36":0,"37":0,"38":0,"39":0,"40":0,"41":0,"42":0,"43":0,"44":0,"45":0,"46":0,"47":0,"48":0,"49":0,"50":0,"51":0,"52":0,"53":0,"54":0,"55":0,"56":0,"57":0,"58":0,"59":0,"60":0,"61":0,"62":0,"63":0,"64":0},"f":{"0":0,"1":0,"2":0,"3":0,"4":0,"5":0,"6":0,"7":0,"8":0,"9":0,"10":0,"11":0,"12":0,"13":0,"14":0,"15":0,"16":0,"17":0,"18":0,"19":0,"20":0,"21":0,"22":0,"23":0,"24":0},"b":{"0":[0,0],"1":[0],"2":[0,0],"3":[0,0],"4":[0,0],"5":[0,0],"6":[0,0],"7":[0,0],"8":[0,0],"9":[0,0],"10":[0,0],"11":[0,0],"12":[0,0],"13":[0,0],"14":[0,0],"15":[0,0],"16":[0,0],"17":[0,0],"18":[0,0],"19":[0,0]}}
,"/Users/dherrera/idea/InterErport/guarantees-module/frontend/src/pages/AmendmentManagement.tsx": {"path":"/Users/dherrera/idea/InterErport/guarantees-module/frontend/src/pages/AmendmentManagement.tsx","statementMap":{"0":{"start":{"line":40,"column":24},"end":{"line":40,"column":34}},"1":{"start":{"line":41,"column":21},"end":{"line":41,"column":26}},"2":{"start":{"line":42,"column":19},"end":{"line":42,"column":25}},"3":{"start":{"line":49,"column":64},"end":{"line":568,"column":1}},"4":{"start":{"line":53,"column":35},"end":{"line":53,"column":46}},"5":{"start":{"line":54,"column":22},"end":{"line":54,"column":95}},"6":{"start":{"line":55,"column":16},"end":{"line":55,"column":35}},"7":{"start":{"line":57,"column":38},"end":{"line":57,"column":63}},"8":{"start":{"line":58,"column":36},"end":{"line":58,"column":93}},"9":{"start":{"line":59,"column":32},"end":{"line":59,"column":47}},"10":{"start":{"line":60,"column":46},"end":{"line":60,"column":61}},"11":{"start":{"line":61,"column":60},"end":{"line":61,"column":75}},"12":{"start":{"line":62,"column":52},"end":{"line":62,"column":84}},"13":{"start":{"line":63,"column":17},"end":{"line":63,"column":31}},"14":{"start":{"line":65,"column":2},"end":{"line":72,"column":20}},"15":{"start":{"line":66,"column":4},"end":{"line":71,"column":5}},"16":{"start":{"line":67,"column":6},"end":{"line":67,"column":23}},"17":{"start":{"line":68,"column":6},"end":{"line":70,"column":7}},"18":{"start":{"line":69,"column":8},"end":{"line":69,"column":24}},"19":{"start":{"line":74,"column":24},"end":{"line":85,"column":3}},"20":{"start":{"line":75,"column":4},"end":{"line":75,"column":29}},"21":{"start":{"line":75,"column":22},"end":{"line":75,"column":29}},"22":{"start":{"line":76,"column":4},"end":{"line":84,"column":5}},"23":{"start":{"line":77,"column":19},"end":{"line":77,"column":61}},"24":{"start":{"line":78,"column":6},"end":{"line":78,"column":25}},"25":{"start":{"line":80,"column":6},"end":{"line":83,"column":9}},"26":{"start":{"line":87,"column":25},"end":{"line":101,"column":3}},"27":{"start":{"line":88,"column":4},"end":{"line":88,"column":29}},"28":{"start":{"line":88,"column":22},"end":{"line":88,"column":29}},"29":{"start":{"line":89,"column":4},"end":{"line":89,"column":21}},"30":{"start":{"line":90,"column":4},"end":{"line":100,"column":5}},"31":{"start":{"line":91,"column":19},"end":{"line":91,"column":62}},"32":{"start":{"line":92,"column":6},"end":{"line":92,"column":26}},"33":{"start":{"line":94,"column":6},"end":{"line":97,"column":9}},"34":{"start":{"line":99,"column":6},"end":{"line":99,"column":24}},"35":{"start":{"line":103,"column":32},"end":{"line":107,"column":3}},"36":{"start":{"line":104,"column":4},"end":{"line":104,"column":23}},"37":{"start":{"line":105,"column":4},"end":{"line":105,"column":31}},"38":{"start":{"line":106,"column":4},"end":{"line":106,"column":28}},"39":{"start":{"line":109,"column":30},"end":{"line":120,"column":3}},"40":{"start":{"line":110,"column":4},"end":{"line":110,"column":36}},"41":{"start":{"line":111,"column":4},"end":{"line":118,"column":7}},"42":{"start":{"line":119,"column":4},"end":{"line":119,"column":28}},"43":{"start":{"line":122,"column":33},"end":{"line":130,"column":3}},"44":{"start":{"line":123,"column":20},"end":{"line":123,"column":82}},"45":{"start":{"line":124,"column":4},"end":{"line":129,"column":6}},"46":{"start":{"line":132,"column":32},"end":{"line":174,"column":3}},"47":{"start":{"line":133,"column":4},"end":{"line":133,"column":29}},"48":{"start":{"line":133,"column":22},"end":{"line":133,"column":29}},"49":{"start":{"line":135,"column":4},"end":{"line":173,"column":5}},"50":{"start":{"line":136,"column":26},"end":{"line":136,"column":50}},"51":{"start":{"line":137,"column":47},"end":{"line":143,"column":7}},"52":{"start":{"line":145,"column":6},"end":{"line":159,"column":7}},"53":{"start":{"line":147,"column":8},"end":{"line":150,"column":11}},"54":{"start":{"line":153,"column":8},"end":{"line":153,"column":69}},"55":{"start":{"line":154,"column":8},"end":{"line":157,"column":11}},"56":{"start":{"line":158,"column":8},"end":{"line":158,"column":25}},"57":{"start":{"line":161,"column":6},"end":{"line":161,"column":31}},"58":{"start":{"line":162,"column":6},"end":{"line":162,"column":25}},"59":{"start":{"line":164,"column":27},"end":{"line":166,"column":100}},"60":{"start":{"line":167,"column":6},"end":{"line":172,"column":9}},"61":{"start":{"line":176,"column":27},"end":{"line":185,"column":3}},"62":{"start":{"line":177,"column":25},"end":{"line":177,"column":27}},"63":{"start":{"line":179,"column":4},"end":{"line":179,"column":63}},"64":{"start":{"line":179,"column":26},"end":{"line":179,"column":63}},"65":{"start":{"line":180,"column":4},"end":{"line":180,"column":96}},"66":{"start":{"line":180,"column":30},"end":{"line":180,"column":96}},"67":{"start":{"line":181,"column":4},"end":{"line":181,"column":90}},"68":{"start":{"line":181,"column":35},"end":{"line":181,"column":90}},"69":{"start":{"line":182,"column":4},"end":{"line":182,"column":69}},"70":{"start":{"line":182,"column":28},"end":{"line":182,"column":69}},"71":{"start":{"line":184,"column":4},"end":{"line":184,"column":35}},"72":{"start":{"line":187,"column":30},"end":{"line":190,"column":3}},"73":{"start":{"line":188,"column":4},"end":{"line":188,"column":36}},"74":{"start":{"line":189,"column":4},"end":{"line":189,"column":35}},"75":{"start":{"line":192,"column":25},"end":{"line":200,"column":3}},"76":{"start":{"line":193,"column":46},"end":{"line":198,"column":5}},"77":{"start":{"line":199,"column":4},"end":{"line":199,"column":39}},"78":{"start":{"line":202,"column":32},"end":{"line":213,"column":3}},"79":{"start":{"line":203,"column":46},"end":{"line":211,"column":5}},"80":{"start":{"line":212,"column":4},"end":{"line":212,"column":37}},"81":{"start":{"line":215,"column":18},"end":{"line":282,"column":3}},"82":{"start":{"line":220,"column":31},"end":{"line":220,"column":56}},"83":{"start":{"line":227,"column":8},"end":{"line":229,"column":14}},"84":{"start":{"line":243,"column":8},"end":{"line":243,"column":58}},"85":{"start":{"line":250,"column":37},"end":{"line":252,"column":52}},"86":{"start":{"line":258,"column":32},"end":{"line":258,"column":83}},"87":{"start":{"line":264,"column":8},"end":{"line":279,"column":16}},"88":{"start":{"line":268,"column":27},"end":{"line":268,"column":54}},"89":{"start":{"line":275,"column":27},"end":{"line":275,"column":54}},"90":{"start":{"line":284,"column":2},"end":{"line":292,"column":3}},"91":{"start":{"line":285,"column":4},"end":{"line":291,"column":6}},"92":{"start":{"line":294,"column":2},"end":{"line":567,"column":4}},"93":{"start":{"line":334,"column":45},"end":{"line":334,"column":93}},"94":{"start":{"line":345,"column":24},"end":{"line":345,"column":48}},"95":{"start":{"line":414,"column":40},"end":{"line":414,"column":88}},"96":{"start":{"line":415,"column":37},"end":{"line":415,"column":77}},"97":{"start":{"line":457,"column":37},"end":{"line":457,"column":61}},"98":{"start":{"line":476,"column":23},"end":{"line":476,"column":54}}},"fnMap":{"0":{"name":"(anonymous_0)","decl":{"start":{"line":49,"column":64},"end":{"line":49,"column":65}},"loc":{"start":{"line":52,"column":6},"end":{"line":568,"column":1}},"line":52},"1":{"name":"(anonymous_1)","decl":{"start":{"line":65,"column":12},"end":{"line":65,"column":13}},"loc":{"start":{"line":65,"column":18},"end":{"line":72,"column":3}},"line":65},"2":{"name":"(anonymous_2)","decl":{"start":{"line":74,"column":24},"end":{"line":74,"column":25}},"loc":{"start":{"line":74,"column":36},"end":{"line":85,"column":3}},"line":74},"3":{"name":"(anonymous_3)","decl":{"start":{"line":87,"column":25},"end":{"line":87,"column":26}},"loc":{"start":{"line":87,"column":37},"end":{"line":101,"column":3}},"line":87},"4":{"name":"(anonymous_4)","decl":{"start":{"line":103,"column":32},"end":{"line":103,"column":33}},"loc":{"start":{"line":103,"column":38},"end":{"line":107,"column":3}},"line":103},"5":{"name":"(anonymous_5)","decl":{"start":{"line":109,"column":30},"end":{"line":109,"column":31}},"loc":{"start":{"line":109,"column":56},"end":{"line":120,"column":3}},"line":109},"6":{"name":"(anonymous_6)","decl":{"start":{"line":122,"column":33},"end":{"line":122,"column":34}},"loc":{"start":{"line":122,"column":59},"end":{"line":130,"column":3}},"line":122},"7":{"name":"(anonymous_7)","decl":{"start":{"line":132,"column":32},"end":{"line":132,"column":33}},"loc":{"start":{"line":132,"column":55},"end":{"line":174,"column":3}},"line":132},"8":{"name":"(anonymous_8)","decl":{"start":{"line":176,"column":27},"end":{"line":176,"column":28}},"loc":{"start":{"line":176,"column":44},"end":{"line":185,"column":3}},"line":176},"9":{"name":"(anonymous_9)","decl":{"start":{"line":187,"column":30},"end":{"line":187,"column":31}},"loc":{"start":{"line":187,"column":56},"end":{"line":190,"column":3}},"line":187},"10":{"name":"(anonymous_10)","decl":{"start":{"line":192,"column":25},"end":{"line":192,"column":26}},"loc":{"start":{"line":192,"column":45},"end":{"line":200,"column":3}},"line":192},"11":{"name":"(anonymous_11)","decl":{"start":{"line":202,"column":32},"end":{"line":202,"column":33}},"loc":{"start":{"line":202,"column":50},"end":{"line":213,"column":3}},"line":202},"12":{"name":"(anonymous_12)","decl":{"start":{"line":220,"column":14},"end":{"line":220,"column":15}},"loc":{"start":{"line":220,"column":31},"end":{"line":220,"column":56}},"line":220},"13":{"name":"(anonymous_13)","decl":{"start":{"line":226,"column":14},"end":{"line":226,"column":15}},"loc":{"start":{"line":227,"column":8},"end":{"line":229,"column":14}},"line":227},"14":{"name":"(anonymous_14)","decl":{"start":{"line":242,"column":14},"end":{"line":242,"column":15}},"loc":{"start":{"line":243,"column":8},"end":{"line":243,"column":58}},"line":243},"15":{"name":"(anonymous_15)","decl":{"start":{"line":250,"column":14},"end":{"line":250,"column":15}},"loc":{"start":{"line":250,"column":37},"end":{"line":252,"column":52}},"line":250},"16":{"name":"(anonymous_16)","decl":{"start":{"line":258,"column":14},"end":{"line":258,"column":15}},"loc":{"start":{"line":258,"column":32},"end":{"line":258,"column":83}},"line":258},"17":{"name":"(anonymous_17)","decl":{"start":{"line":263,"column":14},"end":{"line":263,"column":15}},"loc":{"start":{"line":264,"column":8},"end":{"line":279,"column":16}},"line":264},"18":{"name":"(anonymous_18)","decl":{"start":{"line":268,"column":21},"end":{"line":268,"column":22}},"loc":{"start":{"line":268,"column":27},"end":{"line":268,"column":54}},"line":268},"19":{"name":"(anonymous_19)","decl":{"start":{"line":275,"column":21},"end":{"line":275,"column":22}},"loc":{"start":{"line":275,"column":27},"end":{"line":275,"column":54}},"line":275},"20":{"name":"(anonymous_20)","decl":{"start":{"line":334,"column":27},"end":{"line":334,"column":28}},"loc":{"start":{"line":334,"column":45},"end":{"line":334,"column":93}},"line":334},"21":{"name":"(anonymous_21)","decl":{"start":{"line":345,"column":18},"end":{"line":345,"column":19}},"loc":{"start":{"line":345,"column":24},"end":{"line":345,"column":48}},"line":345},"22":{"name":"(anonymous_22)","decl":{"start":{"line":414,"column":29},"end":{"line":414,"column":30}},"loc":{"start":{"line":414,"column":40},"end":{"line":414,"column":88}},"line":414},"23":{"name":"(anonymous_23)","decl":{"start":{"line":415,"column":26},"end":{"line":415,"column":27}},"loc":{"start":{"line":415,"column":37},"end":{"line":415,"column":77}},"line":415},"24":{"name":"(anonymous_24)","decl":{"start":{"line":457,"column":31},"end":{"line":457,"column":32}},"loc":{"start":{"line":457,"column":37},"end":{"line":457,"column":61}},"line":457},"25":{"name":"(anonymous_25)","decl":{"start":{"line":476,"column":17},"end":{"line":476,"column":18}},"loc":{"start":{"line":476,"column":23},"end":{"line":476,"column":54}},"line":476}},"branchMap":{"0":{"loc":{"start":{"line":54,"column":22},"end":{"line":54,"column":95}},"type":"binary-expr","locations":[{"start":{"line":54,"column":22},"end":{"line":54,"column":37}},{"start":{"line":54,"column":42},"end":{"line":54,"column":94}}],"line":54},"1":{"loc":{"start":{"line":54,"column":42},"end":{"line":54,"column":94}},"type":"cond-expr","locations":[{"start":{"line":54,"column":61},"end":{"line":54,"column":87}},{"start":{"line":54,"column":90},"end":{"line":54,"column":94}}],"line":54},"2":{"loc":{"start":{"line":58,"column":71},"end":{"line":58,"column":92}},"type":"binary-expr","locations":[{"start":{"line":58,"column":71},"end":{"line":58,"column":84}},{"start":{"line":58,"column":88},"end":{"line":58,"column":92}}],"line":58},"3":{"loc":{"start":{"line":66,"column":4},"end":{"line":71,"column":5}},"type":"if","locations":[{"start":{"line":66,"column":4},"end":{"line":71,"column":5}},{"start":{},"end":{}}],"line":66},"4":{"loc":{"start":{"line":68,"column":6},"end":{"line":70,"column":7}},"type":"if","locations":[{"start":{"line":68,"column":6},"end":{"line":70,"column":7}},{"start":{},"end":{}}],"line":68},"5":{"loc":{"start":{"line":75,"column":4},"end":{"line":75,"column":29}},"type":"if","locations":[{"start":{"line":75,"column":4},"end":{"line":75,"column":29}},{"start":{},"end":{}}],"line":75},"6":{"loc":{"start":{"line":88,"column":4},"end":{"line":88,"column":29}},"type":"if","locations":[{"start":{"line":88,"column":4},"end":{"line":88,"column":29}},{"start":{},"end":{}}],"line":88},"7":{"loc":{"start":{"line":123,"column":20},"end":{"line":123,"column":82}},"type":"cond-expr","locations":[{"start":{"line":123,"column":44},"end":{"line":123,"column":77}},{"start":{"line":123,"column":80},"end":{"line":123,"column":82}}],"line":123},"8":{"loc":{"start":{"line":126,"column":21},"end":{"line":126,"column":80}},"type":"cond-expr","locations":[{"start":{"line":126,"column":45},"end":{"line":126,"column":73}},{"start":{"line":126,"column":76},"end":{"line":126,"column":80}}],"line":126},"9":{"loc":{"start":{"line":133,"column":4},"end":{"line":133,"column":29}},"type":"if","locations":[{"start":{"line":133,"column":4},"end":{"line":133,"column":29}},{"start":{},"end":{}}],"line":133},"10":{"loc":{"start":{"line":141,"column":25},"end":{"line":141,"column":56}},"type":"binary-expr","locations":[{"start":{"line":141,"column":25},"end":{"line":141,"column":47}},{"start":{"line":141,"column":51},"end":{"line":141,"column":56}}],"line":141},"11":{"loc":{"start":{"line":145,"column":6},"end":{"line":159,"column":7}},"type":"if","locations":[{"start":{"line":145,"column":6},"end":{"line":159,"column":7}},{"start":{"line":151,"column":13},"end":{"line":159,"column":7}}],"line":145},"12":{"loc":{"start":{"line":164,"column":27},"end":{"line":166,"column":100}},"type":"cond-expr","locations":[{"start":{"line":165,"column":10},"end":{"line":165,"column":23}},{"start":{"line":166,"column":10},"end":{"line":166,"column":100}}],"line":164},"13":{"loc":{"start":{"line":166,"column":10},"end":{"line":166,"column":100}},"type":"binary-expr","locations":[{"start":{"line":166,"column":10},"end":{"line":166,"column":40}},{"start":{"line":166,"column":44},"end":{"line":166,"column":72}},{"start":{"line":166,"column":76},"end":{"line":166,"column":100}}],"line":166},"14":{"loc":{"start":{"line":169,"column":21},"end":{"line":171,"column":57}},"type":"cond-expr","locations":[{"start":{"line":170,"column":12},"end":{"line":170,"column":57}},{"start":{"line":171,"column":12},"end":{"line":171,"column":57}}],"line":169},"15":{"loc":{"start":{"line":179,"column":4},"end":{"line":179,"column":63}},"type":"if","locations":[{"start":{"line":179,"column":4},"end":{"line":179,"column":63}},{"start":{},"end":{}}],"line":179},"16":{"loc":{"start":{"line":180,"column":4},"end":{"line":180,"column":96}},"type":"if","locations":[{"start":{"line":180,"column":4},"end":{"line":180,"column":96}},{"start":{},"end":{}}],"line":180},"17":{"loc":{"start":{"line":181,"column":4},"end":{"line":181,"column":90}},"type":"if","locations":[{"start":{"line":181,"column":4},"end":{"line":181,"column":90}},{"start":{},"end":{}}],"line":181},"18":{"loc":{"start":{"line":182,"column":4},"end":{"line":182,"column":69}},"type":"if","locations":[{"start":{"line":182,"column":4},"end":{"line":182,"column":69}},{"start":{},"end":{}}],"line":182},"19":{"loc":{"start":{"line":199,"column":11},"end":{"line":199,"column":38}},"type":"binary-expr","locations":[{"start":{"line":199,"column":11},"end":{"line":199,"column":25}},{"start":{"line":199,"column":29},"end":{"line":199,"column":38}}],"line":199},"20":{"loc":{"start":{"line":212,"column":11},"end":{"line":212,"column":36}},"type":"binary-expr","locations":[{"start":{"line":212,"column":11},"end":{"line":212,"column":23}},{"start":{"line":212,"column":27},"end":{"line":212,"column":36}}],"line":212},"21":{"loc":{"start":{"line":250,"column":37},"end":{"line":252,"column":52}},"type":"cond-expr","locations":[{"start":{"line":251,"column":8},"end":{"line":251,"column":53}},{"start":{"line":252,"column":8},"end":{"line":252,"column":52}}],"line":250},"22":{"loc":{"start":{"line":258,"column":32},"end":{"line":258,"column":83}},"type":"cond-expr","locations":[{"start":{"line":258,"column":39},"end":{"line":258,"column":77}},{"start":{"line":258,"column":80},"end":{"line":258,"column":83}}],"line":258},"23":{"loc":{"start":{"line":284,"column":2},"end":{"line":292,"column":3}},"type":"if","locations":[{"start":{"line":284,"column":2},"end":{"line":292,"column":3}},{"start":{},"end":{}}],"line":284},"24":{"loc":{"start":{"line":317,"column":13},"end":{"line":324,"column":13}},"type":"binary-expr","locations":[{"start":{"line":317,"column":13},"end":{"line":317,"column":22}},{"start":{"line":318,"column":14},"end":{"line":323,"column":16}}],"line":317},"25":{"loc":{"start":{"line":343,"column":15},"end":{"line":343,"column":72}},"type":"cond-expr","locations":[{"start":{"line":343,"column":35},"end":{"line":343,"column":51}},{"start":{"line":343,"column":54},"end":{"line":343,"column":72}}],"line":343},"26":{"loc":{"start":{"line":463,"column":17},"end":{"line":463,"column":56}},"type":"cond-expr","locations":[{"start":{"line":463,"column":37},"end":{"line":463,"column":45}},{"start":{"line":463,"column":48},"end":{"line":463,"column":56}}],"line":463},"27":{"loc":{"start":{"line":478,"column":9},"end":{"line":564,"column":9}},"type":"binary-expr","locations":[{"start":{"line":478,"column":9},"end":{"line":478,"column":26}},{"start":{"line":479,"column":10},"end":{"line":563,"column":16}}],"line":478},"28":{"loc":{"start":{"line":504,"column":23},"end":{"line":504,"column":89}},"type":"cond-expr","locations":[{"start":{"line":504,"column":59},"end":{"line":504,"column":73}},{"start":{"line":504,"column":76},"end":{"line":504,"column":89}}],"line":504},"29":{"loc":{"start":{"line":519,"column":15},"end":{"line":526,"column":15}},"type":"binary-expr","locations":[{"start":{"line":519,"column":15},"end":{"line":519,"column":44}},{"start":{"line":520,"column":16},"end":{"line":525,"column":22}}],"line":519},"30":{"loc":{"start":{"line":532,"column":19},"end":{"line":534,"column":35}},"type":"cond-expr","locations":[{"start":{"line":533,"column":20},"end":{"line":533,"column":85}},{"start":{"line":534,
[...]
:25}},"65":{"start":{"line":240,"column":4},"end":{"line":240,"column":44}},"66":{"start":{"line":245,"column":21},"end":{"line":245,"column":88}},"67":{"start":{"line":246,"column":4},"end":{"line":246,"column":33}},"68":{"start":{"line":250,"column":21},"end":{"line":252,"column":5}},"69":{"start":{"line":253,"column":4},"end":{"line":253,"column":30}},"70":{"start":{"line":267,"column":21},"end":{"line":267,"column":71}},"71":{"start":{"line":268,"column":4},"end":{"line":268,"column":25}},"72":{"start":{"line":273,"column":21},"end":{"line":273,"column":61}},"73":{"start":{"line":274,"column":4},"end":{"line":274,"column":25}},"74":{"start":{"line":279,"column":21},"end":{"line":279,"column":35}},"75":{"start":{"line":280,"column":4},"end":{"line":280,"column":34}},"76":{"start":{"line":281,"column":4},"end":{"line":281,"column":34}},"77":{"start":{"line":282,"column":4},"end":{"line":282,"column":53}},"78":{"start":{"line":284,"column":21},"end":{"line":288,"column":6}},"79":{"start":{"line":289,"column":4},"end":{"line":289,"column":34}},"80":{"start":{"line":298,"column":21},"end":{"line":301,"column":5}},"81":{"start":{"line":302,"column":4},"end":{"line":302,"column":25}},"82":{"start":{"line":307,"column":21},"end":{"line":310,"column":6}},"83":{"start":{"line":311,"column":4},"end":{"line":311,"column":25}},"84":{"start":{"line":315,"column":21},"end":{"line":318,"column":6}},"85":{"start":{"line":319,"column":4},"end":{"line":319,"column":25}},"86":{"start":{"line":323,"column":21},"end":{"line":326,"column":6}},"87":{"start":{"line":327,"column":4},"end":{"line":327,"column":25}},"88":{"start":{"line":331,"column":21},"end":{"line":334,"column":6}},"89":{"start":{"line":335,"column":4},"end":{"line":335,"column":25}},"90":{"start":{"line":344,"column":21},"end":{"line":344,"column":61}},"91":{"start":{"line":345,"column":4},"end":{"line":345,"column":25}},"92":{"start":{"line":358,"column":21},"end":{"line":358,"column":92}},"93":{"start":{"line":359,"column":4},"end":{"line":359,"column":25}},"94":{"start":{"line":366,"column":21},"end":{"line":366,"column":73}},"95":{"start":{"line":367,"column":4},"end":{"line":367,"column":25}},"96":{"start":{"line":376,"column":21},"end":{"line":376,"column":89}},"97":{"start":{"line":377,"column":4},"end":{"line":377,"column":25}},"98":{"start":{"line":382,"column":21},"end":{"line":382,"column":53}},"99":{"start":{"line":383,"column":4},"end":{"line":383,"column":25}},"100":{"start":{"line":387,"column":21},"end":{"line":387,"column":75}},"101":{"start":{"line":388,"column":4},"end":{"line":388,"column":25}},"102":{"start":{"line":392,"column":19},"end":{"line":397,"column":6}},"103":{"start":{"line":398,"column":21},"end":{"line":398,"column":70}},"104":{"start":{"line":399,"column":4},"end":{"line":399,"column":25}},"105":{"start":{"line":409,"column":21},"end":{"line":409,"column":103}},"106":{"start":{"line":410,"column":4},"end":{"line":410,"column":25}},"107":{"start":{"line":414,"column":21},"end":{"line":414,"column":106}},"108":{"start":{"line":415,"column":4},"end":{"line":415,"column":25}},"109":{"start":{"line":424,"column":21},"end":{"line":424,"column":77}},"110":{"start":{"line":425,"column":4},"end":{"line":425,"column":25}},"111":{"start":{"line":434,"column":21},"end":{"line":434,"column":104}},"112":{"start":{"line":435,"column":4},"end":{"line":435,"column":25}},"113":{"start":{"line":440,"column":26},"end":{"line":440,"column":42}}},"fnMap":{"0":{"name":"(anonymous_0)","decl":{"start":{"line":25,"column":2},"end":{"line":25,"column":3}},"loc":{"start":{"line":25,"column":16},"end":{"line":56,"column":3}},"line":25},"1":{"name":"(anonymous_1)","decl":{"start":{"line":36,"column":6},"end":{"line":36,"column":7}},"loc":{"start":{"line":36,"column":18},"end":{"line":42,"column":7}},"line":36},"2":{"name":"(anonymous_2)","decl":{"start":{"line":43,"column":6},"end":{"line":43,"column":7}},"loc":{"start":{"line":43,"column":17},"end":{"line":43,"column":38}},"line":43},"3":{"name":"(anonymous_3)","decl":{"start":{"line":48,"column":6},"end":{"line":48,"column":7}},"loc":{"start":{"line":48,"column":20},"end":{"line":48,"column":28}},"line":48},"4":{"name":"(anonymous_4)","decl":{"start":{"line":49,"column":6},"end":{"line":49,"column":7}},"loc":{"start":{"line":49,"column":17},"end":{"line":54,"column":7}},"line":49},"5":{"name":"(anonymous_5)","decl":{"start":{"line":59,"column":2},"end":{"line":59,"column":3}},"loc":{"start":{"line":59,"column":86},"end":{"line":62,"column":3}},"line":59},"6":{"name":"(anonymous_6)","decl":{"start":{"line":64,"column":2},"end":{"line":64,"column":3}},"loc":{"start":{"line":64,"column":61},"end":{"line":67,"column":3}},"line":64},"7":{"name":"(anonymous_7)","decl":{"start":{"line":69,"column":2},"end":{"line":69,"column":3}},"loc":{"start":{"line":69,"column":79},"end":{"line":72,"column":3}},"line":69},"8":{"name":"(anonymous_8)","decl":{"start":{"line":74,"column":2},"end":{"line":74,"column":3}},"loc":{"start":{"line":74,"column":107},"end":{"line":77,"column":3}},"line":74},"9":{"name":"(anonymous_9)","decl":{"start":{"line":79,"column":2},"end":{"line":79,"column":3}},"loc":{"start":{"line":84,"column":51},"end":{"line":101,"column":3}},"line":84},"10":{"name":"(anonymous_10)","decl":{"start":{"line":89,"column":40},"end":{"line":89,"column":41}},"loc":{"start":{"line":89,"column":63},"end":{"line":94,"column":7}},"line":89},"11":{"name":"(anonymous_11)","decl":{"start":{"line":103,"column":2},"end":{"line":103,"column":3}},"loc":{"start":{"line":103,"column":68},"end":{"line":106,"column":3}},"line":103},"12":{"name":"(anonymous_12)","decl":{"start":{"line":109,"column":2},"end":{"line":109,"column":3}},"loc":{"start":{"line":109,"column":64},"end":{"line":112,"column":3}},"line":109},"13":{"name":"(anonymous_13)","decl":{"start":{"line":114,"column":2},"end":{"line":114,"column":3}},"loc":{"start":{"line":114,"column":85},"end":{"line":119,"column":3}},"line":114},"14":{"name":"(anonymous_14)","decl":{"start":{"line":121,"column":2},"end":{"line":121,"column":3}},"loc":{"start":{"line":121,"column":100},"end":{"line":126,"column":3}},"line":121},"15":{"name":"(anonymous_15)","decl":{"start":{"line":128,"column":2},"end":{"line":128,"column":3}},"loc":{"start":{"line":128,"column":101},"end":{"line":133,"column":3}},"line":128},"16":{"name":"(anonymous_16)","decl":{"start":{"line":136,"column":2},"end":{"line":136,"column":3}},"loc":{"start":{"line":136,"column":84},"end":{"line":141,"column":3}},"line":136},"17":{"name":"(anonymous_17)","decl":{"start":{"line":144,"column":2},"end":{"line":144,"column":3}},"loc":{"start":{"line":147,"column":5},"end":{"line":150,"column":3}},"line":147},"18":{"name":"(anonymous_18)","decl":{"start":{"line":153,"column":2},"end":{"line":153,"column":3}},"loc":{"start":{"line":153,"column":99},"end":{"line":159,"column":3}},"line":153},"19":{"name":"(anonymous_19)","decl":{"start":{"line":161,"column":2},"end":{"line":161,"column":3}},"loc":{"start":{"line":161,"column":65},"end":{"line":164,"column":3}},"line":161},"20":{"name":"(anonymous_20)","decl":{"start":{"line":167,"column":2},"end":{"line":167,"column":3}},"loc":{"start":{"line":167,"column":83},"end":{"line":170,"column":3}},"line":167},"21":{"name":"(anonymous_21)","decl":{"start":{"line":172,"column":2},"end":{"line":172,"column":3}},"loc":{"start":{"line":172,"column":57},"end":{"line":175,"column":3}},"line":172},"22":{"name":"(anonymous_22)","decl":{"start":{"line":177,"column":2},"end":{"line":177,"column":3}},"loc":{"start":{"line":177,"column":95},"end":{"line":182,"column":3}},"line":177},"23":{"name":"(anonymous_23)","decl":{"start":{"line":184,"column":2},"end":{"line":184,"column":3}},"loc":{"start":{"line":189,"column":20},"end":{"line":194,"column":3}},"line":189},"24":{"name":"(anonymous_24)","decl":{"start":{"line":196,"column":2},"end":{"line":196,"column":3}},"loc":{"start":{"line":196,"column":100},"end":{"line":201,"column":3}},"line":196},"25":{"name":"(anonymous_25)","decl":{"start":{"line":204,"column":2},"end":{"line":204,"column":3}},"loc":{"start":{"line":204,"column":61},"end":{"line":207,"column":3}},"line":204},"26":{"name":"(anonymous_26)","decl":{"start":{"line":210,"column":2},"end":{"line":210,"column":3}},"loc":{"start":{"line":210,"column":92},"end":{"line":215,"column":3}},"line":210},"27":{"name":"(anonymous_27)","decl":{"start":{"line":217,"column":2},"end":{"line":217,"column":3}},"loc":{"start":{"line":217,"column":47},"end":{"line":220,"column":3}},"line":217},"28":{"name":"(anonymous_28)","decl":{"start":{"line":222,"column":2},"end":{"line":222,"column":3}},"loc":{"start":{"line":222,"column":61},"end":{"line":227,"column":3}},"line":222},"29":{"name":"(anonymous_29)","decl":{"start":{"line":229,"column":2},"end":{"line":229,"column":3}},"loc":{"start":{"line":229,"column":67},"end":{"line":232,"column":3}},"line":229},"30":{"name":"(anonymous_30)","decl":{"start":{"line":234,"column":2},"end":{"line":234,"column":3}},"loc":{"start":{"line":234,"column":79},"end":{"line":237,"column":3}},"line":234},"31":{"name":"(anonymous_31)","decl":{"start":{"line":239,"column":2},"end":{"line":239,"column":3}},"loc":{"start":{"line":239,"column":48},"end":{"line":241,"column":3}},"line":239},"32":{"name":"(anonymous_32)","decl":{"start":{"line":244,"column":2},"end":{"line":244,"column":3}},"loc":{"start":{"line":244,"column":40},"end":{"line":247,"column":3}},"line":244},"33":{"name":"(anonymous_33)","decl":{"start":{"line":249,"column":2},"end":{"line":249,"column":3}},"loc":{"start":{"line":249,"column":82},"end":{"line":254,"column":3}},"line":249},"34":{"name":"(anonymous_34)","decl":{"start":{"line":256,"column":2},"end":{"line":256,"column":3}},"loc":{"start":{"line":266,"column":22},"end":{"line":269,"column":3}},"line":266},"35":{"name":"(anonymous_35)","decl":{"start":{"line":272,"column":2},"end":{"line":272,"column":3}},"loc":{"start":{"line":272,"column":87},"end":{"line":275,"column":3}},"line":272},"36":{"name":"(anonymous_36)","decl":{"start":{"line":278,"column":2},"end":{"line":278,"column":3}},"loc":{"start":{"line":278,"column":95},"end":{"line":290,"column":3}},"line":278},"37":{"name":"(anonymous_37)","decl":{"start":{"line":293,"column":2},"end":{"line":293,"column":3}},"loc":{"start":{"line":297,"column":56},"end":{"line":303,"column":3}},"line":297},"38":{"name":"(anonymous_38)","decl":{"start":{"line":306,"column":2},"end":{"line":306,"column":3}},"loc":{"start":{"line":306,"column":145},"end":{"line":312,"column":3}},"line":306},"39":{"name":"(anonymous_39)","decl":{"start":{"line":314,"column":2},"end":{"line":314,"column":3}},"loc":{"start":{"line":314,"column":181},"end":{"line":320,"column":3}},"line":314},"40":{"name":"(anonymous_40)","decl":{"start":{"line":322,"column":2},"end":{"line":322,"column":3}},"loc":{"start":{"line":322,"column":103},"end":{"line":328,"column":3}},"line":322},"41":{"name":"(anonymous_41)","decl":{"start":{"line":330,"column":2},"end":{"line":330,"column":3}},"loc":{"start":{"line":330,"column":97},"end":{"line":336,"column":3}},"line":330},"42":{"name":"(anonymous_42)","decl":{"start":{"line":339,"column":2},"end":{"line":339,"column":3}},"loc":{"start":{"line":343,"column":5},"end":{"line":346,"column":3}},"line":343},"43":{"name":"(anonymous_43)","decl":{"start":{"line":348,"column":2},"end":{"line":348,"column":3}},"loc":{"start":{"line":357,"column":5},"end":{"line":360,"column":3}},"line":357},"44":{"name":"(anonymous_44)","decl":{"start":{"line":362,"column":2},"end":{"line":362,"column":3}},"loc":{"start":{"line":365,"column":5},"end":{"line":368,"column":3}},"line":365},"45":{"name":"(anonymous_45)","decl":{"start":{"line":370,"column":2},"end":{"line":370,"column":3}},"loc":{"start":{"line":375,"column":5},"end":{"line":378,"column":3}},"line":375},"46":{"name":"(anonymous_46)","decl":{"start":{"line":381,"column":2},"end":{"line":381,"column":3}},"loc":{"start":{"line":381,"column":48},"end":{"line":384,"column":3}},"line":381},"47":{"name":"(anonymous_47)","decl":{"start":{"line":386,"column":2},"end":{"line":386,"column":3}},"loc":{"start":{"line":386,"column":66},"end":{"line":389,"column":3}},"line":386},"48":{"name":"(anonymous_48)","decl":{"start":{"line":391,"column":2},"end":{"line":391,"column":3}},"loc":{"start":{"line":391,"column":123},"end":{"line":400,"column":3}},"line":391},"49":{"name":"(anonymous_49)","decl":{"start":{"line":402,"column":2},"end":{"line":402,"column":3}},"loc":{"start":{"line":408,"column":5},"end":{"line":411,"column":3}},"line":408},"50":{"name":"(anonymous_50)","decl":{"start":{"line":413,"column":2},"end":{"line":413,"column":3}},"loc":{"start":{"line":413,"column":127},"end":{"line":416,"column":3}},"line":413},"51":{"name":"(anonymous_51)","decl":{"start":{"line":418,"column":2},"end":{"line":418,"column":3}},"loc":{"start":{"line":423,"column":5},"end":{"line":426,"column":3}},"line":423},"52":{"name":"(anonymous_52)","decl":{"start":{"line":428,"column":2},"end":{"line":428,"column":3}},"loc":{"start":{"line":433,"column":5},"end":{"line":436,"column":3}},"line":433}},"branchMap":{"0":{"loc":{"start":{"line":27,"column":15},"end":{"line":27,"column":62}},"type":"binary-expr","locations":[{"start":{"line":27,"column":15},"end":{"line":27,"column":49}},{"start":{"line":27,"column":53},"end":{"line":27,"column":62}}],"line":27},"1":{"loc":{"start":{"line":50,"column":8},"end":{"line":52,"column":9}},"type":"if","locations":[{"start":{"line":50,"column":8},"end":{"line":52,"column":9}},{"start":{},"end":{}}],"line":50},"2":{"loc":{"start":{"line":80,"column":4},"end":{"line":80,"column":31}},"type":"default-arg","locations":[{"start":{"line":80,"column":29},"end":{"line":80,"column":31}}],"line":80},"3":{"loc":{"start":{"line":81,"column":4},"end":{"line":81,"column":20}},"type":"default-arg","locations":[{"start":{"line":81,"column":19},"end":{"line":81,"column":20}}],"line":81},"4":{"loc":{"start":{"line":82,"column":4},"end":{"line":82,"column":21}},"type":"default-arg","locations":[{"start":{"line":82,"column":19},"end":{"line":82,"column":21}}],"line":82},"5":{"loc":{"start":{"line":88,"column":10},"end":{"line":88,"column":26}},"type":"binary-expr","locations":[{"start":{"line":88,"column":10},"end":{"line":88,"column":14}},{"start":{"line":88,"column":18},"end":{"line":88,"column":26}}],"line":88},"6":{"loc":{"start":{"line":90,"column":8},"end":{"line":92,"column":9}},"type":"if","locations":[{"start":{"line":90,"column":8},"end":{"line":92,"column":9}},{"start":{},"end":{}}],"line":90},"7":{"loc":{"start":{"line":90,"column":12},"end":{"line":90,"column":65}},"type":"binary-expr","locations":[{"start":{"line":90,"column":12},"end":{"line":90,"column":31}},{"start":{"line":90,"column":35},"end":{"line":90,"column":49}},{"start":{"line":90,"column":53},"end":{"line":90,"column":65}}],"line":90},"8":{"loc":{"start":{"line":136,"column":30},"end":{"line":136,"column":52}},"type":"default-arg","locations":[{"start":{"line":136,"column":50},"end":{"line":136,"column":52}}],"line":136},"9":{"loc":{"start":{"line":210,"column":19},"end":{"line":210,"column":35}},"type":"default-arg","locations":[{"start":{"line":210,"column":34},"end":{"line":210,"column":35}}],"line":210},"10":{"loc":{"start":{"line":210,"column":37},"end":{"line":210,"column":54}},"type":"default-arg","locations":[{"start":{"line":210,"column":52},"end":{"line":210,"column":54}}],"line":210},"11":{"loc":{"start":{"line":306,"column":69},"end":{"line":306,"column":91}},"type":"default-arg","locations":[{"start":{"line":306,"column":86},"end":{"line":306,"column":91}}],"line":306},"12":{"loc":{"start":{"line":306,"column":93},"end":{"line":306,"column":128}},"type":"default-arg","locations":[{"start":{"line":306,"column":123},"end":{"line":306,"column":128}}],"line":306},"13":{"loc":{"start":{"line":314,"column":77},"end":{"line":314,"column":99}},"type":"default-arg","locations":[{"start":{"line":314,"column":94},"end":{"line":314,"column":99}}],"line":314},"14":{"loc":{"start":{"line":314,"column":101},"end":{"line":314,"column":131}},"type":"default-arg","locations":[{"start":{"line":314,"column":126},"end":{"line":314,"column":131}}],"line":314},"15":{"loc":{"start":{"line":314,"column":133},"end":{"line":314,"column":164}},"type":"default-arg","locations":[{"start":{"line":314,"column":159},"end":{"line":314,"column":164}}],"line":314},"16":{"loc":{"start":{"line":322,"column":64},"end":{"line":322,"column":86}},"type":"default-arg","locations":[{"start":{"line":322,"column":81},"end":{"line":322,"column":86}}],"line":322},"17":{"loc":{"start":{"line":330,"column":34},"end":{"line":330,"column":56}},"type":"default-arg","locations":[{"start":{"line":330,"column":54},"end":{"line":330,"column":56}}],"line":330},"18":{"loc":{"start":{"line":330,"column":58},"end":{"line":330,"column":80}},"type":"default-arg","locations":[{"start":{"line":330,"column":75},"end":{"line":330,"column":80}}],"line":330},"19":{"loc":{"start":{"line":348,"column":29},"end":{"line":348,"column":52}},"type":"default-arg","locations":[{"start":{"line":348,"column":50},"end":{"line":348,"column":52}}],"line":348},"20":{"loc":{"start":{"line":370,"column":25},"end":{"line":370,"column":46}},"type":"default-arg","locations":[{"start":{"line":370,"column":44},"end":{"line":370,"column":46}}],"line":370},"21":{"loc":{"start":{"line":391,"column":46},"end":{"line":391,"column":69}},"type":"default-arg","locations":[{"start":{"line":391,"column":65},"end":{"line":391,"column":69}}],"line":391},"22":{"loc":{"start":{"line":395,"column":10},"end":{"line":395,"column":34}},"type":"binary-expr","locations":[{"start":{"line":395,"column":10},"end":{"line":395,"column":18}},{"start":{"line":395,"column":22},"end":{"line":395,"column":34}}],"line":395},"23":{"loc":{"start":{"line":396,"column":10},"end":{"line":396,"column":34}},"type":"binary-expr","locations":[{"start":{"line":396,"column":10},"end":{"line":396,"column":18}},{"start":{"line":396,"column":22},"end":{"line":396,"column":34}}],"line":396}},"s":{"0":0,"1":0,"2":0,"3":0,"4":0,"5":0,"6":0,"7":0,"8":0,"9":0,"10":0,"11":0,"12":0,"13":0,"14":0,"15":0,"16":0,"17":0,"18":0,"19":0,"20":0,"21":0,"22":0,"23":0,"24":0,"25":0,"26":0,"27":0,"28":0,"29":0,"30":0,"31":0,"32":0,"33":0,"34":0,"35":0,"36":0,"37":0,"38":0,"39":0,"40":0,"41":0,"42":0,"43":0,"44":0,"45":0,"46":0,"47":0,"48":0,"49":0,"50":0,"51":0,"52":0,"53":0,"54":0,"55":0,"56":0,"57":0,"58":0,"59":0,"60":0,"61":0,"62":0,"63":0,"64":0,"65":0,"66":0,"67":0,"68":0,"69":0,"70":0,"71":0,"72":0,"73":0,"74":0,"75":0,"76":0,"77":0,"78":0,"79":0,"80":0,"81":0,"82":0,"83":0,"84":0,"85":0,"86":0,"87":0,"88":0,"89":0,"90":0,"91":0,"92":0,"93":0,"94":0,"95":0,"96":0,"97":0,"98":0,"99":0,"100":0,"101":0,"102":0,"103":0,"104":0,"105":0,"106":0,"107":0,"108":0,"109":0,"110":0,"111":0,"112":0,"113":0},"f":{"0":0,"1":0,"2":0,"3":0,"4":0,"5":0,"6":0,"7":0,"8":0,"9":0,"10":0,"11":0,"12":0,"13":0,"14":0,"15":0,"16":0,"17":0,"18":0,"19":0,"20":0,"21":0,"22":0,"23":0,"24":0,"25":0,"26":0,"27":0,"28":0,"29":0,"30":0,"31":0,"32":0,"33":0,"34":0,"35":0,"36":0,"37":0,"38":0,"39":0,"40":0,"41":0,"42":0,"43":0,"44":0,"45":0,"46":0,"47":0,"48":0,"49":0,"50":0,"51":0,"52":0},"b":{"0":[0,0],"1":[0,0],"2":[0],"3":[0],"4":[0],"5":[0,0],"6":[0,0],"7":[0,0,0],"8":[0],"9":[0],"10":[0],"11":[0],"12":[0],"13":[0],"14":[0],"15":[0],"16":[0],"17":[0],"18":[0],"19":[0],"20":[0],"21":[0],"22":[0,0],"23":[0,0]}}
,"/Users/dherrera/idea/InterErport/guarantees-module/frontend/src/types/guarantee.ts": {"path":"/Users/dherrera/idea/InterErport/guarantees-module/frontend/src/types/guarantee.ts","statementMap":{"0":{"start":{"line":287,"column":70},"end":{"line":295,"column":1}},"1":{"start":{"line":297,"column":66},"end":{"line":305,"column":1}},"2":{"start":{"line":307,"column":62},"end":{"line":315,"column":1}}},"fnMap":{},"branchMap":{},"s":{"0":0,"1":0,"2":0},"f":{},"b":{}}
}
