TN:
SF:src/App.tsx
FN:51,(anonymous_0)
FN:55,(anonymous_1)
FN:95,(anonymous_2)
FNF:3
FNH:0
FNDA:0,(anonymous_0)
FNDA:0,(anonymous_1)
FNDA:0,(anonymous_2)
DA:34,0
DA:37,0
DA:51,0
DA:52,0
DA:53,0
DA:55,0
DA:57,0
DA:58,0
DA:59,0
DA:60,0
DA:61,0
DA:62,0
DA:64,0
DA:65,0
DA:69,0
DA:95,0
DA:96,0
LF:17
LH:0
BRDA:57,0,0,0
BRDA:57,0,1,0
BRDA:60,1,0,0
BRDA:60,1,1,0
BRF:4
BRH:0
end_of_record
TN:
SF:src/index.tsx
FNF:0
FNH:0
DA:6,0
DA:10,0
LF:2
LH:0
BRF:0
BRH:0
end_of_record
TN:
SF:src/test-utils.tsx
FN:9,(anonymous_0)
FN:29,(anonymous_1)
FN:108,(anonymous_2)
FN:109,(anonymous_3)
FN:112,(anonymous_4)
FNF:5
FNH:0
FNDA:0,(anonymous_0)
FNDA:0,(anonymous_1)
FNDA:0,(anonymous_2)
FNDA:0,(anonymous_3)
FNDA:0,(anonymous_4)
DA:9,0
DA:10,0
DA:18,0
DA:29,0
DA:32,0
DA:35,0
DA:43,0
DA:58,0
DA:70,0
DA:90,0
DA:108,0
DA:109,0
DA:112,0
LF:13
LH:0
BRDA:112,0,0,0
BRF:1
BRH:0
end_of_record
TN:
SF:src/components/LanguageSwitcher.tsx
FN:14,(anonymous_0)
FN:21,(anonymous_1)
FNF:2
FNH:0
FNDA:0,(anonymous_0)
FNDA:0,(anonymous_1)
DA:6,0
DA:14,0
DA:19,0
DA:21,0
DA:22,0
DA:25,0
DA:27,0
LF:7
LH:0
BRDA:15,0,0,0
BRDA:16,1,0,0
BRDA:17,2,0,0
BRDA:25,3,0,0
BRDA:25,3,1,0
BRDA:29,4,0,0
BRDA:29,4,1,0
BRDA:41,5,0,0
BRDA:41,5,1,0
BRF:9
BRH:0
end_of_record
TN:
SF:src/components/Layout.tsx
FN:28,(anonymous_0)
FN:98,(anonymous_1)
FN:102,(anonymous_2)
FN:109,(anonymous_3)
FN:119,(anonymous_4)
FN:207,(anonymous_5)
FNF:6
FNH:0
FNDA:0,(anonymous_0)
FNDA:0,(anonymous_1)
FNDA:0,(anonymous_2)
FNDA:0,(anonymous_3)
FNDA:0,(anonymous_4)
FNDA:0,(anonymous_5)
DA:21,0
DA:22,0
DA:28,0
DA:29,0
DA:30,0
DA:31,0
DA:32,0
DA:35,0
DA:37,0
DA:76,0
DA:98,0
DA:99,0
DA:102,0
DA:103,0
DA:104,0
DA:105,0
DA:109,0
DA:110,0
DA:111,0
DA:118,0
DA:119,0
DA:120,0
DA:122,0
DA:125,0
DA:126,0
DA:129,0
DA:130,0
DA:131,0
DA:132,0
DA:133,0
DA:134,0
DA:135,0
DA:136,0
DA:137,0
DA:138,0
DA:139,0
DA:140,0
DA:141,0
DA:142,0
DA:143,0
DA:144,0
DA:146,0
DA:149,0
DA:155,0
DA:158,0
DA:207,0
LF:46
LH:0
BRDA:103,0,0,0
BRDA:103,0,1,0
BRDA:125,1,0,0
BRDA:125,1,1,0
BRDA:125,2,0,0
BRDA:125,2,1,0
BRDA:129,3,0,0
BRDA:129,3,1,0
BRDA:131,4,0,0
BRDA:131,4,1,0
BRDA:133,5,0,0
BRDA:133,5,1,0
BRDA:135,6,0,0
BRDA:135,6,1,0
BRDA:137,7,0,0
BRDA:137,7,1,0
BRDA:139,8,0,0
BRDA:139,8,1,0
BRDA:141,9,0,0
BRDA:141,9,1,0
BRDA:143,10,0,0
BRDA:143,10,1,0
BRDA:175,11,0,0
BRDA:175,11,1,0
BRDA:205,12,0,0
BRDA:205,12,1,0
BRF:26
BRH:0
end_of_record
TN:
SF:src/components/TemplateSelector.tsx
FN:56,(anonymous_0)
FN:69,(anonymous_1)
FN:99,(anonymous_2)
FN:122,(anonymous_3)
FN:125,(anonymous_4)
FN:139,(anonymous_5)
FN:152,(anonymous_6)
FN:181,(anonymous_7)
FN:188,(anonymous_8)
FN:190,(anonymous_9)
FN:197,(anonymous_10)
FN:198,(anonymous_11)
FN:205,(anonymous_12)
FN:206,(anonymous_13)
FN:217,(anonymous_14)
FN:227,(anonymous_15)
FN:239,(anonymous_16)
FN:248,(anonymous_17)
FN:257,(anonymous_18)
FN:276,(anonymous_19)
FN:332,(anonymous_20)
FNF:21
FNH:0
FNDA:0,(anonymous_0)
FNDA:0,(anonymous_1)
FNDA:0,(anonymous_2)
FNDA:0,(anonymous_3)
FNDA:0,(anonymous_4)
FNDA:0,(anonymous_5)
FNDA:0,(anonymous_6)
FNDA:0,(anonymous_7)
FNDA:0,(anonymous_8)
FNDA:0,(anonymous_9)
FNDA:0,(anonymous_10)
FNDA:0,(anonymous_11)
FNDA:0,(anonymous_12)
FNDA:0,(anonymous_13)
FNDA:0,(anonymous_14)
FNDA:0,(anonymous_15)
FNDA:0,(anonymous_16)
FNDA:0,(anonymous_17)
FNDA:0,(anonymous_18)
FNDA:0,(anonymous_19)
FNDA:0,(anonymous_20)
DA:26,0
DA:27,0
DA:28,0
DA:56,0
DA:62,0
DA:63,0
DA:64,0
DA:65,0
DA:66,0
DA:67,0
DA:69,0
DA:70,0
DA:89,0
DA:92,0
DA:95,0
DA:96,0
DA:99,0
DA:100,0
DA:102,0
DA:103,0
DA:104,0
DA:105,0
DA:107,0
DA:112,0
DA:116,0
DA:117,0
DA:118,0
DA:119,0
DA:122,0
DA:125,0
DA:126,0
DA:127,0
DA:130,0
DA:139,0
DA:140,0
DA:141,0
DA:142,0
DA:143,0
DA:145,0
DA:146,0
DA:148,0
DA:152,0
DA:153,0
DA:154,0
DA:158,0
DA:159,0
DA:161,0
DA:163,0
DA:164,0
DA:167,0
DA:168,0
DA:169,0
DA:170,0
DA:172,0
DA:173,0
DA:174,0
DA:176,0
DA:181,0
DA:182,0
DA:183,0
DA:188,0
DA:189,0
DA:190,0
DA:191,0
DA:192,0
DA:197,0
DA:198,0
DA:199,0
DA:200,0
DA:201,0
DA:205,0
DA:206,0
DA:212,0
DA:213,0
DA:217,0
DA:218,0
DA:219,0
DA:220,0
DA:221,0
DA:223,0
DA:227,0
DA:228,0
DA:231,0
DA:232,0
DA:234,0
DA:235,0
DA:236,0
DA:239,0
DA:243,0
DA:244,0
DA:245,0
DA:248,0
DA:252,0
DA:254,0
DA:258,0
DA:261,0
DA:262,0
DA:263,0
DA:265,0
DA:276,0
DA:288,0
DA:333,0
LF:102
LH:0
BRDA:72,0,0,0
BRDA:72,0,1,0
BRDA:74,1,0,0
BRDA:74,1,1,0
BRDA:75,2,0,0
BRDA:75,2,1,0
BRDA:76,3,0,0
BRDA:76,3,1,0
BRDA:77,4,0,0
BRDA:77,4,1,0
BRDA:78,5,0,0
BRDA:78,5,1,0
BRDA:80,6,0,0
BRDA:80,6,1,0
BRDA:81,7,0,0
BRDA:81,7,1,0
BRDA:92,8,0,0
BRDA:92,8,1,0
BRDA:92,8,2,0
BRDA:95,9,0,0
BRDA:95,9,1,0
BRDA:104,10,0,0
BRDA:104,10,1,0
BRDA:113,11,0,0
BRDA:113,11,1,0
BRDA:117,12,0,0
BRDA:117,12,1,0
BRDA:126,13,0,0
BRDA:126,13,1,0
BRDA:127,14,0,0
BRDA:127,14,1,0
BRDA:127,14,2,0
BRDA:153,15,0,0
BRDA:153,15,1,0
BRDA:161,16,0,0
BRDA:161,16,1,0
BRDA:161,17,0,0
BRDA:161,17,1,0
BRDA:182,18,0,0
BRDA:182,18,1,0
BRDA:182,19,0,0
BRDA:182,19,1,0
BRDA:189,20,0,0
BRDA:189,20,1,0
BRDA:189,21,0,0
BRDA:189,21,1,0
BRDA:190,22,0,0
BRDA:190,22,1,0
BRDA:199,23,0,0
BRDA:199,23,1,0
BRDA:208,24,0,0
BRDA:208,24,1,0
BRDA:212,25,0,0
BRDA:212,25,1,0
BRDA:218,26,0,0
BRDA:218,26,1,0
BRDA:218,27,0,0
BRDA:218,27,1,0
BRDA:219,28,0,0
BRDA:219,28,1,0
BRDA:228,29,0,0
BRDA:228,29,1,0
BRDA:228,30,0,0
BRDA:228,30,1,0
BRDA:234,31,0,0
BRDA:234,31,1,0
BRDA:243,32,0,0
BRDA:243,32,1,0
BRDA:261,33,0,0
BRDA:261,33,1,0
BRDA:261,33,2,0
BRDA:262,34,0,0
BRDA:262,34,1,0
BRDA:262,35,0,0
BRDA:262,35,1,0
BRDA:268,36,0,0
BRDA:268,36,1,0
BRDA:270,37,0,0
BRDA:270,37,1,0
BRDA:275,38,0,0
BRDA:275,38,1,0
BRDA:275,39,0,0
BRDA:275,39,1,0
BRDA:277,40,0,0
BRDA:277,40,1,0
BRDA:307,41,0,0
BRDA:307,41,1,0
BRDA:318,42,0,0
BRDA:318,42,1,0
BRDA:336,43,0,0
BRDA:336,43,1,0
BRDA:342,44,0,0
BRDA:342,44,1,0
BRDA:354,45,0,0
BRDA:354,45,1,0
BRDA:356,46,0,0
BRDA:356,46,1,0
BRDA:359,47,0,0
BRDA:359,47,1,0
BRDA:385,48,0,0
BRDA:385,48,1,0
BRDA:386,49,0,0
BRDA:386,49,1,0
BRDA:387,50,0,0
BRDA:387,50,1,0
BRDA:393,51,0,0
BRDA:393,51,1,0
BRDA:398,52,0,0
BRDA:398,52,1,0
BRDA:400,53,0,0
BRDA:400,53,1,0
BRDA:424,54,0,0
BRDA:424,54,1,0
BRDA:425,55,0,0
BRDA:425,55,1,0
BRF:115
BRH:0
end_of_record
TN:
SF:src/i18n/config.ts
FN:143,(anonymous_0)
FN:144,(anonymous_1)
FN:147,(anonymous_2)
FN:148,(anonymous_3)
FN:151,(anonymous_4)
FN:152,(anonymous_5)
FNF:6
FNH:0
FNDA:0,(anonymous_0)
FNDA:0,(anonymous_1)
FNDA:0,(anonymous_2)
FNDA:0,(anonymous_3)
FNDA:0,(anonymous_4)
FNDA:0,(anonymous_5)
DA:22,0
DA:139,0
DA:140,0
DA:143,0
DA:144,0
DA:147,0
DA:148,0
DA:151,0
DA:152,0
DA:161,0
DA:184,0
DA:200,0
DA:210,0
LF:13
LH:0
BRF:0
BRH:0
end_of_record
TN:
SF:src/i18n/index.ts
FNF:0
FNH:0
DA:10,0
DA:22,0
LF:2
LH:0
BRF:0
BRH:0
end_of_record
TN:
SF:src/i18n/utils.ts
FN:8,(anonymous_0)
FN:13,(anonymous_1)
FN:22,(anonymous_2)
FN:37,(anonymous_3)
FN:51,(anonymous_4)
FN:56,(anonymous_5)
FN:74,(anonymous_6)
FN:85,(anonymous_7)
FN:92,(anonymous_8)
FN:98,(anonymous_9)
FN:115,(anonymous_10)
FN:116,(anonymous_11)
FN:117,(anonymous_12)
FN:118,(anonymous_13)
FN:119,(anonymous_14)
FN:124,(anonymous_15)
FN:137,(anonymous_16)
FN:139,(anonymous_17)
FN:140,(anonymous_18)
FN:141,(anonymous_19)
FN:142,(anonymous_20)
FN:143,(anonymous_21)
FN:144,(anonymous_22)
FN:158,(anonymous_23)
FN:168,(anonymous_24)
FNF:25
FNH:0
FNDA:0,(anonymous_0)
FNDA:0,(anonymous_1)
FNDA:0,(anonymous_2)
FNDA:0,(anonymous_3)
FNDA:0,(anonymous_4)
FNDA:0,(anonymous_5)
FNDA:0,(anonymous_6)
FNDA:0,(anonymous_7)
FNDA:0,(anonymous_8)
FNDA:0,(anonymous_9)
FNDA:0,(anonymous_10)
FNDA:0,(anonymous_11)
FNDA:0,(anonymous_12)
FNDA:0,(anonymous_13)
FNDA:0,(anonymous_14)
FNDA:0,(anonymous_15)
FNDA:0,(anonymous_16)
FNDA:0,(anonymous_17)
FNDA:0,(anonymous_18)
FNDA:0,(anonymous_19)
FNDA:0,(anonymous_20)
FNDA:0,(anonymous_21)
FNDA:0,(anonymous_22)
FNDA:0,(anonymous_23)
FNDA:0,(anonymous_24)
DA:8,0
DA:9,0
DA:10,0
DA:13,0
DA:14,0
DA:22,0
DA:27,0
DA:37,0
DA:41,0
DA:42,0
DA:43,0
DA:47,0
DA:51,0
DA:52,0
DA:56,0
DA:65,0
DA:66,0
DA:68,0
DA:69,0
DA:74,0
DA:79,0
DA:80,0
DA:82,0
DA:84,0
DA:85,0
DA:88,0
DA:92,0
DA:93,0
DA:94,0
DA:98,0
DA:99,0
DA:100,0
DA:103,0
DA:115,0
DA:116,0
DA:117,0
DA:118,0
DA:119,0
DA:124,0
DA:128,0
DA:133,0
DA:137,0
DA:138,0
DA:139,0
DA:140,0
DA:141,0
DA:142,0
DA:143,0
DA:145,0
DA:146,0
DA:147,0
DA:148,0
DA:149,0
DA:150,0
DA:154,0
DA:158,0
DA:164,0
DA:168,0
DA:169,0
DA:170,0
LF:60
LH:0
BRDA:10,0,0,0
BRDA:10,0,1,0
BRDA:24,1,0,0
BRDA:42,2,0,0
BRDA:42,2,1,0
BRDA:69,3,0,0
BRDA:69,3,1,0
BRDA:82,4,0,0
BRDA:82,4,1,0
BRDA:84,5,0,0
BRDA:84,5,1,0
BRDA:100,6,0,0
BRDA:100,6,1,0
BRDA:139,7,0,0
BRDA:139,7,1,0
BRDA:140,8,0,0
BRDA:140,8,1,0
BRDA:141,9,0,0
BRDA:141,9,1,0
BRDA:142,10,0,0
BRDA:142,10,1,0
BRDA:143,11,0,0
BRDA:143,11,1,0
BRDA:145,12,0,0
BRDA:145,12,1,0
BRDA:146,13,0,0
BRDA:146,13,1,0
BRDA:147,14,0,0
BRDA:147,14,1,0
BRDA:148,15,0,0
BRDA:148,15,1,0
BRDA:148,16,0,0
BRDA:148,16,1,0
BRDA:149,17,0,0
BRDA:149,17,1,0
BRDA:154,18,0,0
BRDA:154,18,1,0
BRDA:164,19,0,0
BRDA:164,19,1,0
BRF:39
BRH:0
end_of_record
TN:
SF:src/pages/AmendmentManagement.tsx
FN:49,(anonymous_0)
FN:65,(anonymous_1)
FN:74,(anonymous_2)
FN:87,(anonymous_3)
FN:103,(anonymous_4)
FN:109,(anonymous_5)
FN:122,(anonymous_6)
FN:132,(anonymous_7)
FN:176,(anonymous_8)
FN:187,(anonymous_9)
FN:192,(anonymous_10)
FN:202,(anonymous_11)
FN:220,(anonymous_12)
FN:226,(anonymous_13)
FN:242,(anonymous_14)
FN:250,(anonymous_15)
FN:258,(anonymous_16)
FN:263,(anonymous_17)
FN:268,(anonymous_18)
FN:275,(anonymous_19)
FN:334,(anonymous_20)
FN:345,(anonymous_21)
FN:414,(anonymous_22)
FN:415,(anonymous_23)
FN:457,(anonymous_24)
FN:476,(anonymous_25)
FNF:26
FNH:0
FNDA:0,(anonymous_0)
FNDA:0,(anonymous_1)
FNDA:0,(anonymous_2)
FNDA:0,(anonymous_3)
FNDA:0,(anonymous_4)
FNDA:0,(anonymous_5)
FNDA:0,(anonymous_6)
FNDA:0,(anonymous_7)
FNDA:0,(anonymous_8)
FNDA:0,(anonymous_9)
FNDA:0,(anonymous_10)
FNDA:0,(anonymous_11)
FNDA:0,(anonymous_12)
FNDA:0,(anonymous_13)
FNDA:0,(anonymous_14)
FNDA:0,(anonymous_15)
FNDA:0,(anonymous_16)
FNDA:0,(anonymous_17)
FNDA:0,(anonymous_18)
FNDA:0,(anonymous_19)
FNDA:0,(anonymous_20)
FNDA:0,(anonymous_21)
FNDA:0,(anonymous_22)
FNDA:0,(anonymous_23)
FNDA:0,(anonymous_24)
FNDA:0,(anonymous_25)
DA:40,0
DA:41,0
DA:42,0
DA:49,0
DA:53,0
DA:54,0
DA:55,0
DA:57,0
DA:58,0
DA:59,0
DA:60,0
DA:61,0
DA:62,0
DA:63,0
DA:65,0
DA:66,0
DA:67,0
DA:68,0
DA:69,0
DA:74,0
DA:75,0
DA:76,0
DA:77,0
DA:78,0
DA:80,0
DA:87,0
DA:88,0
DA:89,0
DA:90,0
DA:91,0
DA:92,0
DA:94,0
DA:99,0
DA:103,0
DA:104,0
DA:105,0
DA:106,0
DA:109,0
DA:110,0
DA:111,0
DA:119,0
DA:122,0
DA:123,0
DA:124,0
DA:132,0
DA:133,0
DA:135,0
DA:136,0
DA:137,0
DA:145,0
DA:147,0
DA:153,0
DA:154,0
DA:158,0
DA:161,0
DA:162,0
DA:164,0
DA:167,0
DA:176,0
DA:177,0
DA:179,0
DA:180,0
DA:181,0
DA:182,0
DA:184,0
DA:187,0
DA:188,0
DA:189,0
DA:192,0
DA:193,0
DA:199,0
DA:202,0
DA:203,0
DA:212,0
DA:215,0
DA:220,0
DA:227,0
DA:243,0
DA:250,0
DA:258,0
DA:264,0
DA:268,0
DA:275,0
DA:284,0
DA:285,0
DA:294,0
DA:334,0
DA:345,0
DA:414,0
DA:415,0
DA:457,0
DA:476,0
LF:92
LH:0
BRDA:54,0,0,0
BRDA:54,0,1,0
BRDA:54,1,0,0
BRDA:54,1,1,0
BRDA:58,2,0,0
BRDA:58,2,1,0
BRDA:66,3,0,0
BRDA:66,3,1,0
BRDA:68,4,0,0
BRDA:68,4,1,0
BRDA:75,5,0,0
BRDA:75,5,1,0
BRDA:88,6,0,0
BRDA:88,6,1,0
BRDA:123,7,0,0
BRDA:123,7,1,0
BRDA:126,8,0,0
BRDA:126,8,1,0
BRDA:133,9,0,0
BRDA:133,9,1,0
BRDA:141,10,0,0
BRDA:141,10,1,0
BRDA:145,11,0,0
BRDA:145,11,1,0
BRDA:164,12,0,0
BRDA:164,12,1,0
BRDA:166,13,0,0
BRDA:166,13,1,0
BRDA:166,13,2,0
BRDA:169,14,0,0
BRDA:169,14,1,0
BRDA:179,15,0,0
BRDA:179,15,1,0
BRDA:180,16,0,0
BRDA:180,16,1,0
BRDA:181,17,0,0
BRDA:181,17,1,0
BRDA:182,18,0,0
BRDA:182,18,1,0
BRDA:199,19,0,0
BRDA:199,19,1,0
BRDA:212,20,0,0
BRDA:212,20,1,0
BRDA:250,21,0,0
BRDA:250,21,1,0
BRDA:258,22,0,0
BRDA:258,22,1,0
BRDA:284,23,0,0
BRDA:284,23,1,0
BRDA:317,24,0,0
BRDA:317,24,1,0
BRDA:343,25,0,0
BRDA:343,25,1,0
BRDA:463,26,0,0
BRDA:463,26,1,0
BRDA:478,27,0,0
BRDA:478,27,1,0
BRDA:504,28,0,0
BRDA:504,28,1,0
BRDA:519,29,0,0
BRDA:519,29,1,0
BRDA:532,30,0,0
BRDA:532,30,1,0
BRDA:539,31,0,0
BRDA:539,31,1,0
BRDA:547,32,0,0
BRDA:547,32,1,0
BRDA:555,33,0,0
BRDA:555,33,1,0
BRF:69
BRH:0
end_of_record
TN:
SF:src/pages/ClaimManagement.tsx
FN:54,(anonymous_0)
FN:70,(anonymous_1)
FN:79,(anonymous_2)
FN:92,(anonymous_3)
FN:108,(anonymous_4)
FN:114,(anonymous_5)
FN:130,(anonymous_6)
FN:178,(anonymous_7)
FN:183,(anonymous_8)
FN:191,(anonymous_9)
FN:209,(anonymous_10)
FN:219,(anonymous_11)
FN:229,(anonymous_12)
FN:248,(anonymous_13)
FN:257,(anonymous_14)
FN:267,(anonymous_15)
FN:286,(anonymous_16)
FN:298,(anonymous_17)
FN:315,(anonymous_18)
FN:320,(anonymous_19)
FN:328,(anonymous_20)
FN:350,(anonymous_21)
FN:356,(anonymous_22)
FN:363,(anonymous_23)
FN:368,(anonymous_24)
FN:375,(anonymous_25)
FN:384,(anonymous_26)
FN:391,(anonymous_27)
FN:401,(anonymous_28)
FN:461,(anonymous_29)
FN:476,(anonymous_30)
FN:506,(anonymous_31)
FN:507,(anonymous_32)
FN:604,(anonymous_33)
FN:623,(anonymous_34)
FNF:35
FNH:0
FNDA:0,(anonymous_0)
FNDA:0,(anonymous_1)
FNDA:0,(anonymous_2)
FNDA:0,(anonymous_3)
FNDA:0,(anonymous_4)
FNDA:0,(anonymous_5)
FNDA:0,(anonymous_6)
FNDA:0,(anonymous_7)
FNDA:0,(anonymous_8)
FNDA:0,(anonymous_9)
FNDA:0,(anonymous_10)
FNDA:0,(anonymous_11)
FNDA:0,(anonymous_12)
FNDA:0,(anonymous_13)
FNDA:0,(anonymous_14)
FNDA:0,(anonymous_15)
FNDA:0,(anonymous_16)
FNDA:0,(anonymous_17)
FNDA:0,(anonymous_18)
FNDA:0,(anonymous_19)
FNDA:0,(anonymous_20)
FNDA:0,(anonymous_21)
FNDA:0,(anonymous_22)
FNDA:0,(anonymous_23)
FNDA:0,(anonymous_24)
FNDA:0,(anonymous_25)
FNDA:0,(anonymous_26)
FNDA:0,(anonymous_27)
FNDA:0,(anonymous_28)
FNDA:0,(anonymous_29)
FNDA:0,(anonymous_30)
FNDA:0,(anonymous_31)
FNDA:0,(anonymous_32)
FNDA:0,(anonymous_33)
FNDA:0,(anonymous_34)
DA:43,0
DA:44,0
DA:45,0
DA:46,0
DA:47,0
DA:54,0
DA:58,0
DA:59,0
DA:60,0
DA:62,0
DA:63,0
DA:64,0
DA:65,0
DA:66,0
DA:67,0
DA:68,0
DA:70,0
DA:71,0
DA:72,0
DA:73,0
DA:74,0
DA:79,0
DA:80,0
DA:81,0
DA:82,0
DA:83,0
DA:85,0
DA:92,0
DA:93,0
DA:94,0
DA:95,0
DA:96,0
DA:97,0
DA:99,0
DA:104,0
DA:108,0
DA:109,0
DA:110,0
DA:111,0
DA:114,0
DA:115,0
DA:116,0
DA:127,0
DA:130,0
DA:131,0
DA:133,0
DA:134,0
DA:147,0
DA:149,0
DA:155,0
DA:156,0
DA:160,0
DA:163,0
DA:164,0
DA:166,0
DA:169,0
DA:178,0
DA:179,0
DA:180,0
DA:183,0
DA:184,0
DA:192,0
DA:193,0
DA:194,0
DA:198,0
DA:200,0
DA:209,0
DA:210,0
DA:221,0
DA:230,0
DA:231,0
DA:232,0
DA:233,0
DA:237,0
DA:239,0
DA:248,0
DA:249,0
DA:259,0
DA:268,0
DA:269,0
DA:270,0
DA:271,0
DA:275,0
DA:277,0
DA:286,0
DA:287,0
DA:295,0
DA:298,0
DA:299,0
DA:307,0
DA:310,0
DA:315,0
DA:321,0
DA:329,0
DA:350,0
DA:356,0
DA:364,0
DA:368,0
DA:375,0
DA:384,0
DA:391,0
DA:401,0
DA:411,0
DA:412,0
DA:421,0
DA:461,0
DA:476,0
DA:506,0
DA:507,0
DA:604,0
DA:623,0
LF:111
LH:0
BRDA:59,0,0,0
BRDA:59,0,1,0
BRDA:59,1,0,0
BRDA:59,1,1,0
BRDA:63,2,0,0
BRDA:63,2,1,0
BRDA:71,3,0,0
BRDA:71,3,1,0
BRDA:73,4,0,0
BRDA:73,4,1,0
BRDA:80,5,0,0
BRDA:80,5,1,0
BRDA:93,6,0,0
BRDA:93,6,1,0
BRDA:122,7,0,0
BRDA:122,7,1,0
BRDA:131,8,0,0
BRDA:131,8,1,0
BRDA:138,9,0,0
BRDA:138,9,1,0
BRDA:143,10,0,0
BRDA:143,10,1,0
BRDA:147,11,0,0
BRDA:147,11,1,0
BRDA:166,12,0,0
BRDA:166,12,1,0
BRDA:168,13,0,0
BRDA:168,13,1,0
BRDA:168,13,2,0
BRDA:171,14,0,0
BRDA:171,14,1,0
BRDA:230,15,0,0
BRDA:230,15,1,0
BRDA:268,16,0,0
BRDA:268,16,1,0
BRDA:295,17,0,0
BRDA:295,17,1,0
BRDA:307,18,0,0
BRDA:307,18,1,0
BRDA:321,19,0,0
BRDA:321,19,1,0
BRDA:334,20,0,0
BRDA:334,20,1,0
BRDA:350,21,0,0
BRDA:350,21,1,0
BRDA:356,22,0,0
BRDA:356,22,1,0
BRDA:379,23,0,0
BRDA:379,23,1,0
BRDA:397,24,0,0
BRDA:397,24,1,0
BRDA:411,25,0,0
BRDA:411,25,1,0
BRDA:444,26,0,0
BRDA:444,26,1,0
BRDA:474,27,0,0
BRDA:474,27,1,0
BRDA:610,28,0,0
BRDA:610,28,1,0
BRDA:625,29,0,0
BRDA:625,29,1,0
BRDA:631,30,0,0
BRDA:631,30,1,0
BRDA:663,31,0,0
BRDA:663,31,1,0
BRDA:684,32,0,0
BRDA:684,32,1,0
BRDA:690,33,0,0
BRDA:690,33,1,0
BRDA:693,34,0,0
BRDA:693,34,1,0
BRDA:701,35,0,0
BRDA:701,35,1,0
BRDA:709,36,0,0
BRDA:709,36,1,0
BRDA:717,37,0,0
BRDA:717,37,1,0
BRDA:725,38,0,0
BRDA:725,38,1,0
BRDA:733,39,0,0
BRDA:733,39,1,0
BRDA:741,40,0,0
BRDA:741,40,1,0
BRDA:741,40,2,0
BRDA:744,41,0,0
BRDA:744,41,1,0
BRDA:751,42,0,0
BRDA:751,42,1,0
BRDA:758,43,0,0
BRDA:758,43,1,0
BRF:90
BRH:0
end_of_record
TN:
SF:src/pages/ClientManagement.tsx
FN:13,(anonymous_0)
FN:21,(anonymous_1)
FN:23,(anonymous_2)
FN:30,(anonymous_3)
FN:32,(anonymous_4)
FN:38,(anonymous_5)
FN:47,(anonymous_6)
FN:83,(anonymous_7)
FN:97,(anonymous_8)
FN:107,(anonymous_9)
FN:121,(anonymous_10)
FN:133,(anonymous_11)
FN:143,(anonymous_12)
FN:151,(anonymous_13)
FN:210,(anonymous_14)
FN:247,(anonymous_15)
FN:259,(anonymous_16)
FN:266,(anonymous_17)
FN:295,(anonymous_18)
FNF:19
FNH:0
FNDA:0,(anonymous_0)
FNDA:0,(anonymous_1)
FNDA:0,(anonymous_2)
FNDA:0,(anonymous_3)
FNDA:0,(anonymous_4)
FNDA:0,(anonymous_5)
FNDA:0,(anonymous_6)
FNDA:0,(anonymous_7)
FNDA:0,(anonymous_8)
FNDA:0,(anonymous_9)
FNDA:0,(anonymous_10)
FNDA:0,(anonymous_11)
FNDA:0,(anonymous_12)
FNDA:0,(anonymous_13)
FNDA:0,(anonymous_14)
FNDA:0,(anonymous_15)
FNDA:0,(anonymous_16)
FNDA:0,(anonymous_17)
FNDA:0,(anonymous_18)
DA:10,0
DA:11,0
DA:13,0
DA:14,0
DA:15,0
DA:16,0
DA:17,0
DA:19,0
DA:21,0
DA:24,0
DA:29,0
DA:30,0
DA:33,0
DA:34,0
DA:35,0
DA:36,0
DA:39,0
DA:42,0
DA:47,0
DA:48,0
DA:52,0
DA:55,0
DA:60,0
DA:61,0
DA:63,0
DA:84,0
DA:85,0
DA:90,0
DA:98,0
DA:108,0
DA:109,0
DA:114,0
DA:121,0
DA:134,0
DA:143,0
DA:151,0
DA:211,0
DA:248,0
DA:259,0
DA:267,0
DA:295,0
LF:41
LH:0
BRDA:39,0,0,0
BRDA:39,0,1,0
BRDA:41,1,0,0
BRDA:41,1,1,0
BRDA:50,2,0,0
BRDA:50,2,1,0
BRDA:84,3,0,0
BRDA:84,3,1,0
BRDA:90,4,0,0
BRDA:90,4,1,0
BRDA:98,5,0,0
BRDA:98,5,1,0
BRDA:99,6,0,0
BRDA:99,6,1,0
BRDA:108,7,0,0
BRDA:108,7,1,0
BRDA:129,8,0,0
BRDA:129,8,1,0
BRDA:135,9,0,0
BRDA:135,9,1,0
BRDA:136,10,0,0
BRDA:136,10,1,0
BRDA:137,11,0,0
BRDA:137,11,1,0
BRDA:138,12,0,0
BRDA:138,12,1,0
BRDA:139,13,0,0
BRDA:139,13,1,0
BRDA:140,14,0,0
BRDA:140,14,1,0
BRDA:259,15,0,0
BRDA:259,15,1,0
BRF:32
BRH:0
end_of_record
TN:
SF:src/pages/CreateGuarantee.tsx
FN:36,(anonymous_0)
FN:46,(anonymous_1)
FN:50,(anonymous_2)
FN:51,(anonymous_3)
FN:60,(anonymous_4)
FN:66,(anonymous_5)
FN:67,(anonymous_6)
FN:71,(anonymous_7)
FN:76,(anonymous_8)
FN:94,(anonymous_9)
FN:99,(anonymous_10)
FN:104,(anonymous_11)
FN:112,(anonymous_12)
FN:137,(anonymous_13)
FN:172,(anonymous_14)
FN:202,(anonymous_15)
FN:205,(anonymous_16)
FN:229,(anonymous_17)
FN:230,(anonymous_18)
FN:273,(anonymous_19)
FN:274,(anonymous_20)
FN:458,(anonymous_21)
FNF:22
FNH:0
FNDA:0,(anonymous_0)
FNDA:0,(anonymous_1)
FNDA:0,(anonymous_2)
FNDA:0,(anonymous_3)
FNDA:0,(anonymous_4)
FNDA:0,(anonymous_5)
FNDA:0,(anonymous_6)
FNDA:0,(anonymous_7)
FNDA:0,(anonymous_8)
FNDA:0,(anonymous_9)
FNDA:0,(anonymous_10)
FNDA:0,(anonymous_11)
FNDA:0,(anonymous_12)
FNDA:0,(anonymous_13)
FNDA:0,(anonymous_14)
FNDA:0,(anonymous_15)
FNDA:0,(anonymous_16)
FNDA:0,(anonymous_17)
FNDA:0,(anonymous_18)
FNDA:0,(anonymous_19)
FNDA:0,(anonymous_20)
FNDA:0,(anonymous_21)
DA:33,0
DA:34,0
DA:36,0
DA:37,0
DA:38,0
DA:39,0
DA:40,0
DA:41,0
DA:44,0
DA:46,0
DA:50,0
DA:52,0
DA:53,0
DA:54,0
DA:57,0
DA:61,0
DA:66,0
DA:68,0
DA:69,0
DA:72,0
DA:76,0
DA:77,0
DA:79,0
DA:87,0
DA:88,0
DA:90,0
DA:94,0
DA:95,0
DA:96,0
DA:99,0
DA:100,0
DA:101,0
DA:104,0
DA:105,0
DA:108,0
DA:109,0
DA:112,0
DA:113,0
DA:114,0
DA:115,0
DA:116,0
DA:118,0
DA:122,0
DA:132,0
DA:137,0
DA:173,0
DA:203,0
DA:205,0
DA:229,0
DA:230,0
DA:273,0
DA:275,0
DA:276,0
DA:278,0
DA:279,0
DA:281,0
DA:458,0
LF:57
LH:0
BRDA:52,0,0,0
BRDA:52,0,1,0
BRDA:84,1,0,0
BRDA:84,1,1,0
BRDA:84,1,2,0
BRDA:114,2,0,0
BRDA:114,2,1,0
BRDA:203,3,0,0
BRDA:203,3,1,0
BRDA:205,4,0,0
BRDA:205,4,1,0
BRDA:275,5,0,0
BRDA:275,5,1,0
BRDA:275,6,0,0
BRDA:275,6,1,0
BRDA:278,7,0,0
BRDA:278,7,1,0
BRDA:409,8,0,0
BRDA:409,8,1,0
BRDA:419,9,0,0
BRDA:419,9,1,0
BRF:21
BRH:0
end_of_record
TN:
SF:src/pages/Dashboard.tsx
FN:29,(anonymous_0)
FN:35,(anonymous_1)
FN:44,(anonymous_2)
FN:52,(anonymous_3)
FN:60,(anonymous_4)
FN:68,(anonymous_5)
FN:75,(anonymous_6)
FN:80,(anonymous_7)
FN:87,(anonymous_8)
FN:96,(anonymous_9)
FN:112,(anonymous_10)
FN:119,(anonymous_11)
FN:152,(anonymous_12)
FN:159,(anonymous_13)
FN:167,(anonymous_14)
FN:174,(anonymous_15)
FN:182,(anonymous_16)
FN:223,(anonymous_17)
FN:233,(anonymous_18)
FN:242,(anonymous_19)
FN:256,(anonymous_20)
FN:259,(anonymous_21)
FN:277,(anonymous_22)
FN:285,(anonymous_23)
FN:303,(anonymous_24)
FNF:25
FNH:0
FNDA:0,(anonymous_0)
FNDA:0,(anonymous_1)
FNDA:0,(anonymous_2)
FNDA:0,(anonymous_3)
FNDA:0,(anonymous_4)
FNDA:0,(anonymous_5)
FNDA:0,(anonymous_6)
FNDA:0,(anonymous_7)
FNDA:0,(anonymous_8)
FNDA:0,(anonymous_9)
FNDA:0,(anonymous_10)
FNDA:0,(anonymous_11)
FNDA:0,(anonymous_12)
FNDA:0,(anonymous_13)
FNDA:0,(anonymous_14)
FNDA:0,(anonymous_15)
FNDA:0,(anonymous_16)
FNDA:0,(anonymous_17)
FNDA:0,(anonymous_18)
FNDA:0,(anonymous_19)
FNDA:0,(anonymous_20)
FNDA:0,(anonymous_21)
FNDA:0,(anonymous_22)
FNDA:0,(anonymous_23)
FNDA:0,(anonymous_24)
DA:23,0
DA:25,0
DA:26,0
DA:29,0
DA:30,0
DA:31,0
DA:32,0
DA:35,0
DA:36,0
DA:37,0
DA:42,0
DA:44,0
DA:50,0
DA:52,0
DA:58,0
DA:60,0
DA:66,0
DA:68,0
DA:75,0
DA:76,0
DA:80,0
DA:81,0
DA:82,0
DA:85,0
DA:86,0
DA:88,0
DA:97,0
DA:107,0
DA:108,0
DA:112,0
DA:113,0
DA:114,0
DA:117,0
DA:118,0
DA:119,0
DA:120,0
DA:128,0
DA:129,0
DA:130,0
DA:131,0
DA:133,0
DA:138,0
DA:145,0
DA:147,0
DA:148,0
DA:152,0
DA:153,0
DA:154,0
DA:157,0
DA:158,0
DA:160,0
DA:168,0
DA:174,0
DA:176,0
DA:177,0
DA:182,0
DA:183,0
DA:184,0
DA:187,0
DA:188,0
DA:190,0
DA:191,0
DA:193,0
DA:194,0
DA:195,0
DA:196,0
DA:198,0
DA:203,0
DA:208,0
DA:215,0
DA:217,0
DA:218,0
DA:223,0
DA:224,0
DA:233,0
DA:234,0
DA:242,0
DA:243,0
DA:251,0
DA:257,0
DA:260,0
DA:261,0
DA:278,0
DA:286,0
DA:287,0
DA:289,0
DA:304,0
DA:305,0
DA:310,0
DA:311,0
DA:321,0
LF:91
LH:0
BRDA:36,0,0,0
BRDA:36,0,1,0
BRDA:36,1,0,0
BRDA:36,1,1,0
BRDA:75,2,0,0
BRDA:81,3,0,0
BRDA:81,3,1,0
BRDA:81,4,0,0
BRDA:81,4,1,0
BRDA:88,5,0,0
BRDA:88,5,1,0
BRDA:88,5,2,0
BRDA:88,5,3,0
BRDA:88,5,4,0
BRDA:88,5,5,0
BRDA:88,5,6,0
BRDA:99,6,0,0
BRDA:99,6,1,0
BRDA:100,7,0,0
BRDA:100,7,1,0
BRDA:101,8,0,0
BRDA:101,8,1,0
BRDA:102,9,0,0
BRDA:102,9,1,0
BRDA:103,10,0,0
BRDA:103,10,1,0
BRDA:113,11,0,0
BRDA:113,11,1,0
BRDA:113,12,0,0
BRDA:113,12,1,0
BRDA:120,13,0,0
BRDA:120,13,1,0
BRDA:120,13,2,0
BRDA:120,13,3,0
BRDA:120,13,4,0
BRDA:120,13,5,0
BRDA:130,14,0,0
BRDA:130,14,1,0
BRDA:131,15,0,0
BRDA:131,15,1,0
BRDA:153,16,0,0
BRDA:153,16,1,0
BRDA:153,17,0,0
BRDA:153,17,1,0
BRDA:160,18,0,0
BRDA:160,18,1,0
BRDA:160,18,2,0
BRDA:160,18,3,0
BRDA:160,18,4,0
BRDA:160,18,5,0
BRDA:170,19,0,0
BRDA:170,19,1,0
BRDA:171,20,0,0
BRDA:171,20,1,0
BRDA:183,21,0,0
BRDA:183,21,1,0
BRDA:183,22,0,0
BRDA:183,22,1,0
BRDA:191,23,0,0
BRDA:191,23,1,0
BRDA:191,24,0,0
BRDA:191,24,1,0
BRDA:191,24,2,0
BRDA:194,25,0,0
BRDA:194,25,1,0
BRDA:195,26,0,0
BRDA:195,26,1,0
BRDA:196,27,0,0
BRDA:196,27,1,0
BRDA:225,28,0,0
BRDA:225,28,1,0
BRDA:235,29,0,0
BRDA:235,29,1,0
BRDA:244,30,0,0
BRDA:244,30,1,0
BRDA:292,31,0,0
BRDA:292,31,1,0
BRDA:293,32,0,0
BRDA:293,32,1,0
BRDA:304,33,0,0
BRDA:304,33,1,0
BRDA:310,34,0,0
BRDA:310,34,1,0
BRDA:310,35,0,0
BRDA:310,35,1,0
BRDA:310,35,2,0
BRDA:337,36,0,0
BRDA:337,36,1,0
BRDA:341,37,0,0
BRDA:341,37,1,0
BRDA:347,38,0,0
BRDA:347,38,1,0
BRDA:357,39,0,0
BRDA:357,39,1,0
BRDA:362,40,0,0
BRDA:362,40,1,0
BRDA:372,41,0,0
BRDA:372,41,1,0
BRDA:385,42,0,0
BRDA:385,42,1,0
BRDA:416,43,0,0
BRDA:416,43,1,0
BRDA:420,44,0,0
BRDA:420,44,1,0
BRDA:420,45,0,0
BRDA:420,45,1,0
BRDA:434,46,0,0
BRDA:434,46,1,0
BRDA:438,47,0,0
BRDA:438,47,1,0
BRDA:438,48,0,0
BRDA:438,48,1,0
BRDA:455,49,0,0
BRDA:455,49,1,0
BRDA:459,50,0,0
BRDA:459,50,1,0
BRDA:459,51,0,0
BRDA:459,51,1,0
BRDA:482,52,0,0
BRDA:482,52,1,0
BRDA:488,53,0,0
BRDA:488,53,1,0
BRDA:488,54,0,0
BRDA:488,54,1,0
BRF:124
BRH:0
end_of_record
TN:
SF:src/pages/EditGuarantee.tsx
FN:37,(anonymous_0)
FN:46,(anonymous_1)
FN:49,(anonymous_2)
FN:75,(anonymous_3)
FN:80,(anonymous_4)
FN:82,(anonymous_5)
FN:86,(anonymous_6)
FN:92,(anonymous_7)
FN:107,(anonymous_8)
FN:115,(anonymous_9)
FN:151,(anonymous_10)
FN:174,(anonymous_11)
FN:201,(anonymous_12)
FN:234,(anonymous_13)
FN:237,(anonymous_14)
FN:261,(anonymous_15)
FN:262,(anonymous_16)
FN:305,(anonymous_17)
FN:306,(anonymous_18)
FN:439,(anonymous_19)
FN:447,(anonymous_20)
FN:469,(anonymous_21)
FNF:22
FNH:0
FNDA:0,(anonymous_0)
FNDA:0,(anonymous_1)
FNDA:0,(anonymous_2)
FNDA:0,(anonymous_3)
FNDA:0,(anonymous_4)
FNDA:0,(anonymous_5)
FNDA:0,(anonymous_6)
FNDA:0,(anonymous_7)
FNDA:0,(anonymous_8)
FNDA:0,(anonymous_9)
FNDA:0,(anonymous_10)
FNDA:0,(anonymous_11)
FNDA:0,(anonymous_12)
FNDA:0,(anonymous_13)
FNDA:0,(anonymous_14)
FNDA:0,(anonymous_15)
FNDA:0,(anonymous_16)
FNDA:0,(anonymous_17)
FNDA:0,(anonymous_18)
FNDA:0,(anonymous_19)
FNDA:0,(anonymous_20)
FNDA:0,(anonymous_21)
DA:34,0
DA:35,0
DA:37,0
DA:38,0
DA:39,0
DA:40,0
DA:41,0
DA:44,0
DA:46,0
DA:51,0
DA:73,0
DA:75,0
DA:79,0
DA:80,0
DA:83,0
DA:84,0
DA:87,0
DA:92,0
DA:93,0
DA:95,0
DA:101,0
DA:103,0
DA:107,0
DA:108,0
DA:111,0
DA:112,0
DA:115,0
DA:116,0
DA:117,0
DA:118,0
DA:119,0
DA:121,0
DA:125,0
DA:127,0
DA:128,0
DA:135,0
DA:136,0
DA:143,0
DA:144,0
DA:151,0
DA:159,0
DA:169,0
DA:174,0
DA:202,0
DA:235,0
DA:237,0
DA:261,0
DA:262,0
DA:305,0
DA:307,0
DA:308,0
DA:310,0
DA:311,0
DA:313,0
DA:439,0
DA:447,0
DA:469,0
LF:57
LH:0
BRDA:65,0,0,0
BRDA:65,0,1,0
BRDA:66,1,0,0
BRDA:66,1,1,0
BRDA:117,2,0,0
BRDA:117,2,1,0
BRDA:127,3,0,0
BRDA:127,3,1,0
BRDA:135,4,0,0
BRDA:135,4,1,0
BRDA:143,5,0,0
BRDA:143,5,1,0
BRDA:235,6,0,0
BRDA:235,6,1,0
BRDA:237,7,0,0
BRDA:237,7,1,0
BRDA:307,8,0,0
BRDA:307,8,1,0
BRDA:307,9,0,0
BRDA:307,9,1,0
BRDA:310,10,0,0
BRDA:310,10,1,0
BRDA:400,11,0,0
BRDA:400,11,1,0
BRDA:420,12,0,0
BRDA:420,12,1,0
BRDA:466,13,0,0
BRDA:466,13,1,0
BRF:28
BRH:0
end_of_record
TN:
SF:src/pages/FxRateManagement.tsx
FN:14,(anonymous_0)
FN:22,(anonymous_1)
FN:24,(anonymous_2)
FN:31,(anonymous_3)
FN:33,(anonymous_4)
FN:39,(anonymous_5)
FN:48,(anonymous_6)
FN:80,(anonymous_7)
FN:91,(anonymous_8)
FN:102,(anonymous_9)
FN:119,(anonymous_10)
FN:137,(anonymous_11)
FN:149,(anonymous_12)
FN:213,(anonymous_13)
FNF:14
FNH:0
FNDA:0,(anonymous_0)
FNDA:0,(anonymous_1)
FNDA:0,(anonymous_2)
FNDA:0,(anonymous_3)
FNDA:0,(anonymous_4)
FNDA:0,(anonymous_5)
FNDA:0,(anonymous_6)
FNDA:0,(anonymous_7)
FNDA:0,(anonymous_8)
FNDA:0,(anonymous_9)
FNDA:0,(anonymous_10)
FNDA:0,(anonymous_11)
FNDA:0,(anonymous_12)
FNDA:0,(anonymous_13)
DA:11,0
DA:12,0
DA:14,0
DA:15,0
DA:16,0
DA:17,0
DA:18,0
DA:20,0
DA:22,0
DA:25,0
DA:30,0
DA:31,0
DA:34,0
DA:35,0
DA:36,0
DA:37,0
DA:40,0
DA:43,0
DA:48,0
DA:49,0
DA:60,0
DA:63,0
DA:65,0
DA:80,0
DA:91,0
DA:95,0
DA:102,0
DA:119,0
DA:138,0
DA:150,0
DA:213,0
LF:31
LH:0
BRDA:40,0,0,0
BRDA:40,0,1,0
BRDA:42,1,0,0
BRDA:42,1,1,0
BRDA:91,2,0,0
BRDA:91,2,1,0
BRDA:110,3,0,0
BRDA:110,3,1,0
BRF:8
BRH:0
end_of_record
TN:
SF:src/pages/GuaranteeDetail.tsx
FN:12,(anonymous_0)
FN:18,(anonymous_1)
FN:42,(anonymous_2)
FN:54,(anonymous_3)
FN:58,(anonymous_4)
FN:90,(anonymous_5)
FNF:6
FNH:0
FNDA:0,(anonymous_0)
FNDA:0,(anonymous_1)
FNDA:0,(anonymous_2)
FNDA:0,(anonymous_3)
FNDA:0,(anonymous_4)
FNDA:0,(anonymous_5)
DA:10,0
DA:12,0
DA:13,0
DA:14,0
DA:16,0
DA:18,0
DA:24,0
DA:25,0
DA:32,0
DA:33,0
DA:42,0
DA:43,0
DA:51,0
DA:54,0
DA:55,0
DA:58,0
DA:59,0
DA:62,0
DA:90,0
LF:19
LH:0
BRDA:24,0,0,0
BRDA:24,0,1,0
BRDA:32,1,0,0
BRDA:32,1,1,0
BRDA:51,2,0,0
BRDA:51,2,1,0
BRDA:103,3,0,0
BRDA:103,3,1,0
BRDA:118,4,0,0
BRDA:118,4,1,0
BRDA:121,5,0,0
BRDA:121,5,1,0
BRDA:132,6,0,0
BRDA:132,6,1,0
BRDA:138,7,0,0
BRDA:138,7,1,0
BRDA:138,7,2,0
BRDA:149,8,0,0
BRDA:149,8,1,0
BRDA:155,9,0,0
BRDA:155,9,1,0
BRDA:163,10,0,0
BRDA:163,10,1,0
BRDA:169,11,0,0
BRDA:169,11,1,0
BRDA:175,12,0,0
BRDA:175,12,1,0
BRF:27
BRH:0
end_of_record
TN:
SF:src/pages/GuaranteeList.tsx
FN:44,(anonymous_0)
FN:70,(anonymous_1)
FN:84,(anonymous_2)
FN:88,(anonymous_3)
FN:97,(anonymous_4)
FN:100,(anonymous_5)
FN:104,(anonymous_6)
FN:114,(anonymous_7)
FN:117,(anonymous_8)
FN:121,(anonymous_9)
FN:131,(anonymous_10)
FN:134,(anonymous_11)
FN:138,(anonymous_12)
FN:148,(anonymous_13)
FN:155,(anonymous_14)
FN:164,(anonymous_15)
FN:179,(anonymous_16)
FN:183,(anonymous_17)
FN:187,(anonymous_18)
FN:191,(anonymous_19)
FN:196,(anonymous_20)
FN:211,(anonymous_21)
FN:234,(anonymous_22)
FN:235,(anonymous_23)
FN:243,(anonymous_24)
FN:250,(anonymous_25)
FN:275,(anonymous_26)
FN:284,(anonymous_27)
FN:291,(anonymous_28)
FN:306,(anonymous_29)
FN:318,(anonymous_30)
FN:324,(anonymous_31)
FN:330,(anonymous_32)
FN:336,(anonymous_33)
FN:342,(anonymous_34)
FN:369,(anonymous_35)
FN:382,(anonymous_36)
FN:390,(anonymous_37)
FN:394,(anonymous_38)
FN:405,(anonymous_39)
FN:409,(anonymous_40)
FN:420,(anonymous_41)
FN:427,(anonymous_42)
FN:433,(anonymous_43)
FN:463,(anonymous_44)
FNF:45
FNH:0
FNDA:0,(anonymous_0)
FNDA:0,(anonymous_1)
FNDA:0,(anonymous_2)
FNDA:0,(anonymous_3)
FNDA:0,(anonymous_4)
FNDA:0,(anonymous_5)
FNDA:0,(anonymous_6)
FNDA:0,(anonymous_7)
FNDA:0,(anonymous_8)
FNDA:0,(anonymous_9)
FNDA:0,(anonymous_10)
FNDA:0,(anonymous_11)
FNDA:0,(anonymous_12)
FNDA:0,(anonymous_13)
FNDA:0,(anonymous_14)
FNDA:0,(anonymous_15)
FNDA:0,(anonymous_16)
FNDA:0,(anonymous_17)
FNDA:0,(anonymous_18)
FNDA:0,(anonymous_19)
FNDA:0,(anonymous_20)
FNDA:0,(anonymous_21)
FNDA:0,(anonymous_22)
FNDA:0,(anonymous_23)
FNDA:0,(anonymous_24)
FNDA:0,(anonymous_25)
FNDA:0,(anonymous_26)
FNDA:0,(anonymous_27)
FNDA:0,(anonymous_28)
FNDA:0,(anonymous_29)
FNDA:0,(anonymous_30)
FNDA:0,(anonymous_31)
FNDA:0,(anonymous_32)
FNDA:0,(anonymous_33)
FNDA:0,(anonymous_34)
FNDA:0,(anonymous_35)
FNDA:0,(anonymous_36)
FNDA:0,(anonymous_37)
FNDA:0,(anonymous_38)
FNDA:0,(anonymous_39)
FNDA:0,(anonymous_40)
FNDA:0,(anonymous_41)
FNDA:0,(anonymous_42)
FNDA:0,(anonymous_43)
FNDA:0,(anonymous_44)
DA:42,0
DA:44,0
DA:45,0
DA:46,0
DA:47,0
DA:48,0
DA:51,0
DA:58,0
DA:68,0
DA:71,0
DA:83,0
DA:85,0
DA:86,0
DA:89,0
DA:92,0
DA:96,0
DA:98,0
DA:101,0
DA:102,0
DA:105,0
DA:108,0
DA:113,0
DA:115,0
DA:118,0
DA:119,0
DA:122,0
DA:125,0
DA:130,0
DA:132,0
DA:135,0
DA:136,0
DA:139,0
DA:142,0
DA:148,0
DA:149,0
DA:150,0
DA:151,0
DA:154,0
DA:155,0
DA:156,0
DA:158,0
DA:159,0
DA:160,0
DA:164,0
DA:165,0
DA:169,0
DA:172,0
DA:173,0
DA:174,0
DA:175,0
DA:179,0
DA:180,0
DA:183,0
DA:184,0
DA:187,0
DA:188,0
DA:191,0
DA:192,0
DA:196,0
DA:197,0
DA:212,0
DA:213,0
DA:214,0
DA:215,0
DA:217,0
DA:218,0
DA:220,0
DA:227,0
DA:235,0
DA:243,0
DA:251,0
DA:260,0
DA:276,0
DA:284,0
DA:292,0
DA:293,0
DA:294,0
DA:307,0
DA:308,0
DA:309,0
DA:310,0
DA:311,0
DA:313,0
DA:318,0
DA:324,0
DA:330,0
DA:336,0
DA:342,0
DA:347,0
DA:359,0
DA:369,0
DA:382,0
DA:390,0
DA:395,0
DA:405,0
DA:410,0
DA:420,0
DA:427,0
DA:434,0
DA:435,0
DA:436,0
DA:464,0
LF:102
LH:0
BRDA:52,0,0,0
BRDA:52,0,1,0
BRDA:53,1,0,0
BRDA:53,1,1,0
BRDA:54,2,0,0
BRDA:54,2,1,0
BRDA:55,3,0,0
BRDA:55,3,1,0
BRDA:59,4,0,0
BRDA:59,4,1,0
BRDA:60,5,0,0
BRDA:60,5,1,0
BRDA:89,6,0,0
BRDA:89,6,1,0
BRDA:91,7,0,0
BRDA:91,7,1,0
BRDA:91,7,2,0
BRDA:105,8,0,0
BRDA:105,8,1,0
BRDA:107,9,0,0
BRDA:107,9,1,0
BRDA:107,9,2,0
BRDA:122,10,0,0
BRDA:122,10,1,0
BRDA:124,11,0,0
BRDA:124,11,1,0
BRDA:124,11,2,0
BRDA:139,12,0,0
BRDA:139,12,1,0
BRDA:141,13,0,0
BRDA:141,13,1,0
BRDA:141,13,2,0
BRDA:156,14,0,0
BRDA:156,14,1,0
BRDA:166,15,0,0
BRDA:166,15,1,0
BRDA:167,16,0,0
BRDA:167,16,1,0
BRDA:213,17,0,0
BRDA:213,17,1,0
BRDA:217,18,0,0
BRDA:217,18,1,0
BRDA:295,19,0,0
BRDA:295,19,1,0
BRDA:307,20,0,0
BRDA:307,20,1,0
BRDA:314,21,0,0
BRDA:314,21,1,0
BRDA:320,22,0,0
BRDA:320,22,1,0
BRDA:326,23,0,0
BRDA:326,23,1,0
BRDA:332,24,0,0
BRDA:332,24,1,0
BRDA:338,25,0,0
BRDA:338,25,1,0
BRDA:450,26,0,0
BRDA:450,26,1,0
BRDA:460,27,0,0
BRDA:460,27,1,0
BRF:60
BRH:0
end_of_record
TN:
SF:src/pages/ReportsModule.tsx
FN:73,(anonymous_0)
FN:84,(anonymous_1)
FN:148,(anonymous_2)
FN:222,(anonymous_3)
FN:235,(anonymous_4)
FN:253,(anonymous_5)
FN:257,(anonymous_6)
FN:267,(anonymous_7)
FN:280,(anonymous_8)
FN:294,(anonymous_9)
FN:311,(anonymous_10)
FN:317,(anonymous_11)
FN:322,(anonymous_12)
FN:329,(anonymous_13)
FN:357,(anonymous_14)
FN:376,(anonymous_15)
FN:386,(anonymous_16)
FN:392,(anonymous_17)
FN:397,(anonymous_18)
FN:446,(anonymous_19)
FN:537,(anonymous_20)
FN:564,(anonymous_21)
FN:584,(anonymous_22)
FN:654,(anonymous_23)
FNF:24
FNH:0
FNDA:0,(anonymous_0)
FNDA:0,(anonymous_1)
FNDA:0,(anonymous_2)
FNDA:0,(anonymous_3)
FNDA:0,(anonymous_4)
FNDA:0,(anonymous_5)
FNDA:0,(anonymous_6)
FNDA:0,(anonymous_7)
FNDA:0,(anonymous_8)
FNDA:0,(anonymous_9)
FNDA:0,(anonymous_10)
FNDA:0,(anonymous_11)
FNDA:0,(anonymous_12)
FNDA:0,(anonymous_13)
FNDA:0,(anonymous_14)
FNDA:0,(anonymous_15)
FNDA:0,(anonymous_16)
FNDA:0,(anonymous_17)
FNDA:0,(anonymous_18)
FNDA:0,(anonymous_19)
FNDA:0,(anonymous_20)
FNDA:0,(anonymous_21)
FNDA:0,(anonymous_22)
FNDA:0,(anonymous_23)
DA:42,0
DA:43,0
DA:44,0
DA:45,0
DA:46,0
DA:73,0
DA:74,0
DA:75,0
DA:76,0
DA:77,0
DA:78,0
DA:79,0
DA:80,0
DA:81,0
DA:84,0
DA:86,0
DA:122,0
DA:148,0
DA:149,0
DA:150,0
DA:151,0
DA:152,0
DA:158,0
DA:160,0
DA:166,0
DA:167,0
DA:169,0
DA:176,0
DA:177,0
DA:179,0
DA:180,0
DA:181,0
DA:183,0
DA:184,0
DA:185,0
DA:186,0
DA:188,0
DA:192,0
DA:193,0
DA:194,0
DA:195,0
DA:196,0
DA:197,0
DA:198,0
DA:199,0
DA:201,0
DA:206,0
DA:209,0
DA:213,0
DA:218,0
DA:222,0
DA:223,0
DA:224,0
DA:235,0
DA:237,0
DA:242,0
DA:243,0
DA:246,0
DA:253,0
DA:254,0
DA:257,0
DA:258,0
DA:264,0
DA:267,0
DA:269,0
DA:275,0
DA:281,0
DA:295,0
DA:311,0
DA:317,0
DA:323,0
DA:329,0
DA:352,0
DA:358,0
DA:377,0
DA:386,0
DA:392,0
DA:398,0
DA:424,0
DA:446,0
DA:537,0
DA:564,0
DA:584,0
DA:654,0
LF:84
LH:0
BRDA:151,0,0,0
BRDA:151,0,1,0
BRDA:152,1,0,0
BRDA:152,1,1,0
BRDA:158,2,0,0
BRDA:158,2,1,0
BRDA:158,2,2,0
BRDA:158,2,3,0
BRDA:158,2,4,0
BRDA:164,3,0,0
BRDA:164,3,1,0
BRDA:173,4,0,0
BRDA:173,4,1,0
BRDA:174,5,0,0
BRDA:174,5,1,0
BRDA:183,6,0,0
BRDA:183,6,1,0
BRDA:209,7,0,0
BRDA:209,7,1,0
BRDA:211,8,0,0
BRDA:211,8,1,0
BRDA:231,9,0,0
BRDA:231,9,1,0
BRDA:231,10,0,0
BRDA:231,10,1,0
BRDA:254,11,0,0
BRDA:254,11,1,0
BRDA:264,12,0,0
BRDA:264,12,1,0
BRDA:297,13,0,0
BRDA:297,13,1,0
BRDA:317,14,0,0
BRDA:317,14,1,0
BRDA:324,15,0,0
BRDA:324,15,1,0
BRDA:377,16,0,0
BRDA:377,16,1,0
BRDA:378,17,0,0
BRDA:378,17,1,0
BRDA:386,18,0,0
BRDA:386,18,1,0
BRDA:475,19,0,0
BRDA:475,19,1,0
BRDA:492,20,0,0
BRDA:492,20,1,0
BRF:45
BRH:0
end_of_record
TN:
SF:src/services/api.ts
FN:25,(anonymous_0)
FN:36,(anonymous_1)
FN:43,(anonymous_2)
FN:48,(anonymous_3)
FN:49,(anonymous_4)
FN:59,(anonymous_5)
FN:64,(anonymous_6)
FN:69,(anonymous_7)
FN:74,(anonymous_8)
FN:79,(anonymous_9)
FN:89,(anonymous_10)
FN:103,(anonymous_11)
FN:109,(anonymous_12)
FN:114,(anonymous_13)
FN:121,(anonymous_14)
FN:128,(anonymous_15)
FN:136,(anonymous_16)
FN:144,(anonymous_17)
FN:153,(anonymous_18)
FN:161,(anonymous_19)
FN:167,(anonymous_20)
FN:172,(anonymous_21)
FN:177,(anonymous_22)
FN:184,(anonymous_23)
FN:196,(anonymous_24)
FN:204,(anonymous_25)
FN:210,(anonymous_26)
FN:217,(anonymous_27)
FN:222,(anonymous_28)
FN:229,(anonymous_29)
FN:234,(anonymous_30)
FN:239,(anonymous_31)
FN:244,(anonymous_32)
FN:249,(anonymous_33)
FN:256,(anonymous_34)
FN:272,(anonymous_35)
FN:278,(anonymous_36)
FN:293,(anonymous_37)
FN:306,(anonymous_38)
FN:314,(anonymous_39)
FN:322,(anonymous_40)
FN:330,(anonymous_41)
FN:339,(anonymous_42)
FN:348,(anonymous_43)
FN:362,(anonymous_44)
FN:370,(anonymous_45)
FN:381,(anonymous_46)
FN:386,(anonymous_47)
FN:391,(anonymous_48)
FN:402,(anonymous_49)
FN:413,(anonymous_50)
FN:418,(anonymous_51)
FN:428,(anonymous_52)
FNF:53
FNH:0
FNDA:0,(anonymous_0)
FNDA:0,(anonymous_1)
FNDA:0,(anonymous_2)
FNDA:0,(anonymous_3)
FNDA:0,(anonymous_4)
FNDA:0,(anonymous_5)
FNDA:0,(anonymous_6)
FNDA:0,(anonymous_7)
FNDA:0,(anonymous_8)
FNDA:0,(anonymous_9)
FNDA:0,(anonymous_10)
FNDA:0,(anonymous_11)
FNDA:0,(anonymous_12)
FNDA:0,(anonymous_13)
FNDA:0,(anonymous_14)
FNDA:0,(anonymous_15)
FNDA:0,(anonymous_16)
FNDA:0,(anonymous_17)
FNDA:0,(anonymous_18)
FNDA:0,(anonymous_19)
FNDA:0,(anonymous_20)
FNDA:0,(anonymous_21)
FNDA:0,(anonymous_22)
FNDA:0,(anonymous_23)
FNDA:0,(anonymous_24)
FNDA:0,(anonymous_25)
FNDA:0,(anonymous_26)
FNDA:0,(anonymous_27)
FNDA:0,(anonymous_28)
FNDA:0,(anonymous_29)
FNDA:0,(anonymous_30)
FNDA:0,(anonymous_31)
FNDA:0,(anonymous_32)
FNDA:0,(anonymous_33)
FNDA:0,(anonymous_34)
FNDA:0,(anonymous_35)
FNDA:0,(anonymous_36)
FNDA:0,(anonymous_37)
FNDA:0,(anonymous_38)
FNDA:0,(anonymous_39)
FNDA:0,(anonymous_40)
FNDA:0,(anonymous_41)
FNDA:0,(anonymous_42)
FNDA:0,(anonymous_43)
FNDA:0,(anonymous_44)
FNDA:0,(anonymous_45)
FNDA:0,(anonymous_46)
FNDA:0,(anonymous_47)
FNDA:0,(anonymous_48)
FNDA:0,(anonymous_49)
FNDA:0,(anonymous_50)
FNDA:0,(anonymous_51)
FNDA:0,(anonymous_52)
DA:26,0
DA:35,0
DA:39,0
DA:40,0
DA:41,0
DA:43,0
DA:47,0
DA:48,0
DA:50,0
DA:51,0
DA:53,0
DA:60,0
DA:61,0
DA:65,0
DA:66,0
DA:70,0
DA:71,0
DA:75,0
DA:76,0
DA:85,0
DA:90,0
DA:91,0
DA:93,0
DA:97,0
DA:100,0
DA:104,0
DA:105,0
DA:110,0
DA:111,0
DA:115,0
DA:118,0
DA:122,0
DA:125,0
DA:129,0
DA:132,0
DA:137,0
DA:140,0
DA:148,0
DA:149,0
DA:154,0
DA:158,0
DA:162,0
DA:163,0
DA:168,0
DA:169,0
DA:173,0
DA:174,0
DA:178,0
DA:181,0
DA:190,0
DA:193,0
DA:197,0
DA:200,0
DA:205,0
DA:206,0
DA:211,0
DA:214,0
DA:218,0
DA:219,0
DA:223,0
DA:226,0
DA:230,0
DA:231,0
DA:235,0
DA:236,0
DA:240,0
DA:245,0
DA:246,0
DA:250,0
DA:253,0
DA:267,0
DA:268,0
DA:273,0
DA:274,0
DA:279,0
DA:280,0
DA:281,0
DA:282,0
DA:284,0
DA:289,0
DA:298,0
DA:302,0
DA:307,0
DA:311,0
DA:315,0
DA:319,0
DA:323,0
DA:327,0
DA:331,0
DA:335,0
DA:344,0
DA:345,0
DA:358,0
DA:359,0
DA:366,0
DA:367,0
DA:376,0
DA:377,0
DA:382,0
DA:383,0
DA:387,0
DA:388,0
DA:392,0
DA:398,0
DA:399,0
DA:409,0
DA:410,0
DA:414,0
DA:415,0
DA:424,0
DA:425,0
DA:434,0
DA:435,0
DA:440,0
LF:114
LH:0
BRDA:27,0,0,0
BRDA:27,0,1,0
BRDA:50,1,0,0
BRDA:50,1,1,0
BRDA:80,2,0,0
BRDA:81,3,0,0
BRDA:82,4,0,0
BRDA:88,5,0,0
BRDA:88,5,1,0
BRDA:90,6,0,0
BRDA:90,6,1,0
BRDA:90,7,0,0
BRDA:90,7,1,0
BRDA:90,7,2,0
BRDA:136,8,0,0
BRDA:210,9,0,0
BRDA:210,10,0,0
BRDA:306,11,0,0
BRDA:306,12,0,0
BRDA:314,13,0,0
BRDA:314,14,0,0
BRDA:314,15,0,0
BRDA:322,16,0,0
BRDA:330,17,0,0
BRDA:330,18,0,0
BRDA:348,19,0,0
BRDA:370,20,0,0
BRDA:391,21,0,0
BRDA:395,22,0,0
BRDA:395,22,1,0
BRDA:396,23,0,0
BRDA:396,23,1,0
BRF:32
BRH:0
end_of_record
TN:
SF:src/types/guarantee.ts
FNF:0
FNH:0
DA:287,0
DA:297,0
DA:307,0
LF:3
LH:0
BRF:0
BRH:0
end_of_record
